posterior mean:
-57.070213 13.492733 997
/expanse/lustre/scratch/zuy121/temp_project/Pro2_PSU_MW/MARIA/newWRF_MW_THO/run/201709171800/enkf/d03/fort.90011
1000.0
/expanse/lustre/scratch/zuy121/temp_project/Pro2_PSU_MW/MARIA/newWRF_MW_THO/run/201709171800/enkf/d03/fort.90012
993.0
/expanse/lustre/scratch/zuy121/temp_project/Pro2_PSU_MW/MARIA/newWRF_MW_THO/run/201709171800/enkf/d03/fort.90013
996.0
/expanse/lustre/scratch/zuy121/temp_project/Pro2_PSU_MW/MARIA/newWRF_MW_THO/run/201709171800/enkf/d03/fort.90014
995.0
/expanse/lustre/scratch/zuy121/temp_project/Pro2_PSU_MW/MARIA/newWRF_MW_THO/run/201709171800/enkf/d03/fort.90015
997.0
/expanse/lustre/scratch/zuy121/temp_project/Pro2_PSU_MW/MARIA/newWRF_MW_THO/run/201709171800/enkf/d03/fort.90016
995.0
/expanse/lustre/scratch/zuy121/temp_project/Pro2_PSU_MW/MARIA/newWRF_MW_THO/run/201709171800/enkf/d03/fort.90017
996.0
/expanse/lustre/scratch/zuy121/temp_project/Pro2_PSU_MW/MARIA/newWRF_MW_THO/run/201709171800/enkf/d03/fort.90018
996.0
/expanse/lustre/scratch/zuy121/temp_project/Pro2_PSU_MW/MARIA/newWRF_MW_THO/run/201709171800/enkf/d03/fort.90019
993.0
/expanse/lustre/scratch/zuy121/temp_project/Pro2_PSU_MW/MARIA/newWRF_MW_THO/run/201709171800/enkf/d03/fort.90020
999.0
/expanse/lustre/scratch/zuy121/temp_project/Pro2_PSU_MW/MARIA/newWRF_MW_THO/run/201709171800/enkf/d03/fort.90021
997.0
/expanse/lustre/scratch/zuy121/temp_project/Pro2_PSU_MW/MARIA/newWRF_MW_THO/run/201709171800/enkf/d03/fort.90022
995.0
/expanse/lustre/scratch/zuy121/temp_project/Pro2_PSU_MW/MARIA/newWRF_MW_THO/run/201709171800/enkf/d03/fort.90023
999.0
/expanse/lustre/scratch/zuy121/temp_project/Pro2_PSU_MW/MARIA/newWRF_MW_THO/run/201709171800/enkf/d03/fort.90024
1001.0
/expanse/lustre/scratch/zuy121/temp_project/Pro2_PSU_MW/MARIA/newWRF_MW_THO/run/201709171800/enkf/d03/fort.90025
1001.0
/expanse/lustre/scratch/zuy121/temp_project/Pro2_PSU_MW/MARIA/newWRF_MW_THO/run/201709171800/enkf/d03/fort.90026
996.0
/expanse/lustre/scratch/zuy121/temp_project/Pro2_PSU_MW/MARIA/newWRF_MW_THO/run/201709171800/enkf/d03/fort.90027
997.0
/expanse/lustre/scratch/zuy121/temp_project/Pro2_PSU_MW/MARIA/newWRF_MW_THO/run/201709171800/enkf/d03/fort.90028
990.0
/expanse/lustre/scratch/zuy121/temp_project/Pro2_PSU_MW/MARIA/newWRF_MW_THO/run/201709171800/enkf/d03/fort.90029
999.0
/expanse/lustre/scratch/zuy121/temp_project/Pro2_PSU_MW/MARIA/newWRF_MW_THO/run/201709171800/enkf/d03/fort.90030
998.0
/expanse/lustre/scratch/zuy121/temp_project/Pro2_PSU_MW/MARIA/newWRF_MW_THO/run/201709171800/enkf/d03/fort.90031
999.0
/expanse/lustre/scratch/zuy121/temp_project/Pro2_PSU_MW/MARIA/newWRF_MW_THO/run/201709171800/enkf/d03/fort.90032
999.0
/expanse/lustre/scratch/zuy121/temp_project/Pro2_PSU_MW/MARIA/newWRF_MW_THO/run/201709171800/enkf/d03/fort.90033
992.0
/expanse/lustre/scratch/zuy121/temp_project/Pro2_PSU_MW/MARIA/newWRF_MW_THO/run/201709171800/enkf/d03/fort.90034
995.0
/expanse/lustre/scratch/zuy121/temp_project/Pro2_PSU_MW/MARIA/newWRF_MW_THO/run/201709171800/enkf/d03/fort.90035
994.0
/expanse/lustre/scratch/zuy121/temp_project/Pro2_PSU_MW/MARIA/newWRF_MW_THO/run/201709171800/enkf/d03/fort.90036
992.0
/expanse/lustre/scratch/zuy121/temp_project/Pro2_PSU_MW/MARIA/newWRF_MW_THO/run/201709171800/enkf/d03/fort.90037
1000.0
/expanse/lustre/scratch/zuy121/temp_project/Pro2_PSU_MW/MARIA/newWRF_MW_THO/run/201709171800/enkf/d03/fort.90038
999.0
/expanse/lustre/scratch/zuy121/temp_project/Pro2_PSU_MW/MARIA/newWRF_MW_THO/run/201709171800/enkf/d03/fort.90039
999.0
/expanse/lustre/scratch/zuy121/temp_project/Pro2_PSU_MW/MARIA/newWRF_MW_THO/run/201709171800/enkf/d03/fort.90040
988.0
/expanse/lustre/scratch/zuy121/temp_project/Pro2_PSU_MW/MARIA/newWRF_MW_THO/run/201709171800/enkf/d03/fort.90041
998.0
/expanse/lustre/scratch/zuy121/temp_project/Pro2_PSU_MW/MARIA/newWRF_MW_THO/run/201709171800/enkf/d03/fort.90042
999.0
/expanse/lustre/scratch/zuy121/temp_project/Pro2_PSU_MW/MARIA/newWRF_MW_THO/run/201709171800/enkf/d03/fort.90043
996.0
/expanse/lustre/scratch/zuy121/temp_project/Pro2_PSU_MW/MARIA/newWRF_MW_THO/run/201709171800/enkf/d03/fort.90044
998.0
/expanse/lustre/scratch/zuy121/temp_project/Pro2_PSU_MW/MARIA/newWRF_MW_THO/run/201709171800/enkf/d03/fort.90045
998.0
/expanse/lustre/scratch/zuy121/temp_project/Pro2_PSU_MW/MARIA/newWRF_MW_THO/run/201709171800/enkf/d03/fort.90046
997.0
/expanse/lustre/scratch/zuy121/temp_project/Pro2_PSU_MW/MARIA/newWRF_MW_THO/run/201709171800/enkf/d03/fort.90047
994.0
/expanse/lustre/scratch/zuy121/temp_project/Pro2_PSU_MW/MARIA/newWRF_MW_THO/run/201709171800/enkf/d03/fort.90048
990.0
/expanse/lustre/scratch/zuy121/temp_project/Pro2_PSU_MW/MARIA/newWRF_MW_THO/run/201709171800/enkf/d03/fort.90049
995.0
/expanse/lustre/scratch/zuy121/temp_project/Pro2_PSU_MW/MARIA/newWRF_MW_THO/run/201709171800/enkf/d03/fort.90050
998.0
/expanse/lustre/scratch/zuy121/temp_project/Pro2_PSU_MW/MARIA/newWRF_MW_THO/run/201709171800/enkf/d03/fort.90051
994.0
/expanse/lustre/scratch/zuy121/temp_project/Pro2_PSU_MW/MARIA/newWRF_MW_THO/run/201709171800/enkf/d03/fort.90052
1000.0
/expanse/lustre/scratch/zuy121/temp_project/Pro2_PSU_MW/MARIA/newWRF_MW_THO/run/201709171800/enkf/d03/fort.90053
997.0
/expanse/lustre/scratch/zuy121/temp_project/Pro2_PSU_MW/MARIA/newWRF_MW_THO/run/201709171800/enkf/d03/fort.90054
1001.0
/expanse/lustre/scratch/zuy121/temp_project/Pro2_PSU_MW/MARIA/newWRF_MW_THO/run/201709171800/enkf/d03/fort.90055
995.0
/expanse/lustre/scratch/zuy121/temp_project/Pro2_PSU_MW/MARIA/newWRF_MW_THO/run/201709171800/enkf/d03/fort.90056
997.0
/expanse/lustre/scratch/zuy121/temp_project/Pro2_PSU_MW/MARIA/newWRF_MW_THO/run/201709171800/enkf/d03/fort.90057
998.0
/expanse/lustre/scratch/zuy121/temp_project/Pro2_PSU_MW/MARIA/newWRF_MW_THO/run/201709171800/enkf/d03/fort.90058
997.0
/expanse/lustre/scratch/zuy121/temp_project/Pro2_PSU_MW/MARIA/newWRF_MW_THO/run/201709171800/enkf/d03/fort.90059
996.0
/expanse/lustre/scratch/zuy121/temp_project/Pro2_PSU_MW/MARIA/newWRF_MW_THO/run/201709171800/enkf/d03/fort.90060
995.0
/expanse/lustre/scratch/zuy121/temp_project/Pro2_PSU_MW/MARIA/newWRF_MW_THO/run/201709171800/enkf/d03/fort.90061
997.0
/expanse/lustre/scratch/zuy121/temp_project/Pro2_PSU_MW/MARIA/newWRF_MW_THO/run/201709171800/enkf/d03/fort.90062
997.0
/expanse/lustre/scratch/zuy121/temp_project/Pro2_PSU_MW/MARIA/newWRF_MW_THO/run/201709171800/enkf/d03/fort.90063
999.0
/expanse/lustre/scratch/zuy121/temp_project/Pro2_PSU_MW/MARIA/newWRF_MW_THO/run/201709171800/enkf/d03/fort.90064
997.0
/expanse/lustre/scratch/zuy121/temp_project/Pro2_PSU_MW/MARIA/newWRF_MW_THO/run/201709171800/enkf/d03/fort.90065
999.0
/expanse/lustre/scratch/zuy121/temp_project/Pro2_PSU_MW/MARIA/newWRF_MW_THO/run/201709171800/enkf/d03/fort.90066
997.0
/expanse/lustre/scratch/zuy121/temp_project/Pro2_PSU_MW/MARIA/newWRF_MW_THO/run/201709171800/enkf/d03/fort.90067
996.0
/expanse/lustre/scratch/zuy121/temp_project/Pro2_PSU_MW/MARIA/newWRF_MW_THO/run/201709171800/enkf/d03/fort.90068
996.0
/expanse/lustre/scratch/zuy121/temp_project/Pro2_PSU_MW/MARIA/newWRF_MW_THO/run/201709171800/enkf/d03/fort.90069
1000.0
/expanse/lustre/scratch/zuy121/temp_project/Pro2_PSU_MW/MARIA/newWRF_MW_THO/run/201709171800/enkf/d03/fort.90070
993.0
[ 3. -4. -1. -2.  0. -2. -1. -1. -4.  2.  0. -2.  2.  4.  4. -1.  0. -7.
  2.  1.  2.  2. -5. -2. -3. -5.  3.  2.  2. -9.  1.  2. -1.  1.  1.  0.
 -3. -7. -2.  1. -3.  3.  0.  4. -2.  0.  1.  0. -1. -2.  0.  0.  2.  0.
  2.  0. -1. -1.  3. -4.]
Member closest to the mean is: 
Member: [90015 90021 90027 90046 90053 90056 90058 90061 90062 90064 90066]
Member: [ 5 11 17 36 43 46 48 51 52 54 56]
[[-57.03904724 -57.1325264  -57.10137177 -57.10136795 -57.07021332
  -57.07021332 -57.07021332 -57.10137177 -57.07021332 -57.1325264
  -57.10136795]] [[13.52302933 13.492733   13.492733   13.52302933 13.43212891 13.52302933
  13.52302933 13.492733   13.46243286 13.46243286 13.52302933]] [[997. 997. 997. 997. 997. 997. 997. 997. 997. 997. 997.]]
