MATLAB is selecting SOFTWARE OPENGL rendering.
Successfully created a subdirectory in ../../toEnKFobs/GOESR_IR/ for Irma2ndRI
Output hourly best-track location and time: ../../toEnKFobs/GOESR_IR/Irma2ndRI/bestrack_perHour
Collecting useful GOES-R obs files for this study......
  Successfully created a subdirectory in ../../raw_Obs/Collected_IR/ for Irma2ndRI
  Examining Tb file: ../../raw_Obs/GOESR_IR/Irma2ndRI/CH8/OR_ABI-L2-CMIPF-M3C08_G16_s20172460600340_e20172460611107_c20172460611169.nc
  OR_ABI-L2-CMIPF-M3C08_G16_s20172460600340_e20172460611107_c20172460611169.nc is collected.
  Examining Tb file: ../../raw_Obs/GOESR_IR/Irma2ndRI/CH8/OR_ABI-L2-CMIPF-M3C08_G16_s20172460615340_e20172460626106_c20172460626175.nc
  Examining Tb file: ../../raw_Obs/GOESR_IR/Irma2ndRI/CH8/OR_ABI-L2-CMIPF-M3C08_G16_s20172460630340_e20172460641106_c20172460641173.nc
  Examining Tb file: ../../raw_Obs/GOESR_IR/Irma2ndRI/CH8/OR_ABI-L2-CMIPF-M3C08_G16_s20172460645340_e20172460656106_c20172460656170.nc
  Examining Tb file: ../../raw_Obs/GOESR_IR/Irma2ndRI/CH8/OR_ABI-L2-CMIPF-M3C08_G16_s20172460700340_e20172460711106_c20172460711172.nc
  OR_ABI-L2-CMIPF-M3C08_G16_s20172460700340_e20172460711106_c20172460711172.nc is collected.
  Examining Tb file: ../../raw_Obs/GOESR_IR/Irma2ndRI/CH8/OR_ABI-L2-CMIPF-M3C08_G16_s20172460715340_e20172460726106_c20172460726173.nc
  Examining Tb file: ../../raw_Obs/GOESR_IR/Irma2ndRI/CH8/OR_ABI-L2-CMIPF-M3C08_G16_s20172460730340_e20172460741106_c20172460741176.nc
  Examining Tb file: ../../raw_Obs/GOESR_IR/Irma2ndRI/CH8/OR_ABI-L2-CMIPF-M3C08_G16_s20172460745340_e20172460756106_c20172460756170.nc
  Examining Tb file: ../../raw_Obs/GOESR_IR/Irma2ndRI/CH8/OR_ABI-L2-CMIPF-M3C08_G16_s20172460800340_e20172460811106_c20172460811173.nc
  OR_ABI-L2-CMIPF-M3C08_G16_s20172460800340_e20172460811106_c20172460811173.nc is collected.
  Examining Tb file: ../../raw_Obs/GOESR_IR/Irma2ndRI/CH8/OR_ABI-L2-CMIPF-M3C08_G16_s20172460815340_e20172460826106_c20172460826173.nc
  Examining Tb file: ../../raw_Obs/GOESR_IR/Irma2ndRI/CH8/OR_ABI-L2-CMIPF-M3C08_G16_s20172460830340_e20172460841106_c20172460841175.nc
  Examining Tb file: ../../raw_Obs/GOESR_IR/Irma2ndRI/CH8/OR_ABI-L2-CMIPF-M3C08_G16_s20172460845340_e20172460856106_c20172460856173.nc
  Examining Tb file: ../../raw_Obs/GOESR_IR/Irma2ndRI/CH8/OR_ABI-L2-CMIPF-M3C08_G16_s20172460900340_e20172460911106_c20172460911167.nc
  OR_ABI-L2-CMIPF-M3C08_G16_s20172460900340_e20172460911106_c20172460911167.nc is collected.
  Examining Tb file: ../../raw_Obs/GOESR_IR/Irma2ndRI/CH8/OR_ABI-L2-CMIPF-M3C08_G16_s20172460915340_e20172460926107_c20172460926174.nc
  Examining Tb file: ../../raw_Obs/GOESR_IR/Irma2ndRI/CH8/OR_ABI-L2-CMIPF-M3C08_G16_s20172460930340_e20172460941107_c20172460941170.nc
  Examining Tb file: ../../raw_Obs/GOESR_IR/Irma2ndRI/CH8/OR_ABI-L2-CMIPF-M3C08_G16_s20172460945340_e20172460956107_c20172460956173.nc
  Examining Tb file: ../../raw_Obs/GOESR_IR/Irma2ndRI/CH8/OR_ABI-L2-CMIPF-M3C08_G16_s20172461000340_e20172461011107_c20172461011174.nc
  OR_ABI-L2-CMIPF-M3C08_G16_s20172461000340_e20172461011107_c20172461011174.nc is collected.
  Examining Tb file: ../../raw_Obs/GOESR_IR/Irma2ndRI/CH8/OR_ABI-L2-CMIPF-M3C08_G16_s20172461015340_e20172461026107_c20172461026174.nc
  Examining Tb file: ../../raw_Obs/GOESR_IR/Irma2ndRI/CH8/OR_ABI-L2-CMIPF-M3C08_G16_s20172461030340_e20172461041107_c20172461041174.nc
  Examining Tb file: ../../raw_Obs/GOESR_IR/Irma2ndRI/CH8/OR_ABI-L2-CMIPF-M3C08_G16_s20172461045340_e20172461056107_c20172461056171.nc
  Examining Tb file: ../../raw_Obs/GOESR_IR/Irma2ndRI/CH8/OR_ABI-L2-CMIPF-M3C08_G16_s20172461100341_e20172461111107_c20172461111175.nc
  OR_ABI-L2-CMIPF-M3C08_G16_s20172461100341_e20172461111107_c20172461111175.nc is collected.
  Examining Tb file: ../../raw_Obs/GOESR_IR/Irma2ndRI/CH8/OR_ABI-L2-CMIPF-M3C08_G16_s20172461115341_e20172461126108_c20172461126172.nc
  Examining Tb file: ../../raw_Obs/GOESR_IR/Irma2ndRI/CH8/OR_ABI-L2-CMIPF-M3C08_G16_s20172461130341_e20172461141108_c20172461141176.nc
  Examining Tb file: ../../raw_Obs/GOESR_IR/Irma2ndRI/CH8/OR_ABI-L2-CMIPF-M3C08_G16_s20172461145341_e20172461156108_c20172461156177.nc
  Examining Tb file: ../../raw_Obs/GOESR_IR/Irma2ndRI/CH8/OR_ABI-L2-CMIPF-M3C08_G16_s20172461200341_e20172461211108_c20172461211173.nc
  OR_ABI-L2-CMIPF-M3C08_G16_s20172461200341_e20172461211108_c20172461211173.nc is collected.
  Examining Tb file: ../../raw_Obs/GOESR_IR/Irma2ndRI/CH8/OR_ABI-L2-CMIPF-M3C08_G16_s20172461215341_e20172461226108_c20172461226176.nc
  Examining Tb file: ../../raw_Obs/GOESR_IR/Irma2ndRI/CH8/OR_ABI-L2-CMIPF-M3C08_G16_s20172461230341_e20172461241108_c20172461241172.nc
  Examining Tb file: ../../raw_Obs/GOESR_IR/Irma2ndRI/CH8/OR_ABI-L2-CMIPF-M3C08_G16_s20172461245342_e20172461256108_c20172461256176.nc
  Examining Tb file: ../../raw_Obs/GOESR_IR/Irma2ndRI/CH8/OR_ABI-L2-CMIPF-M3C08_G16_s20172461300342_e20172461311108_c20172461311176.nc
  OR_ABI-L2-CMIPF-M3C08_G16_s20172461300342_e20172461311108_c20172461311176.nc is collected.
  Examining Tb file: ../../raw_Obs/GOESR_IR/Irma2ndRI/CH8/OR_ABI-L2-CMIPF-M3C08_G16_s20172461315342_e20172461326109_c20172461326177.nc
  Examining Tb file: ../../raw_Obs/GOESR_IR/Irma2ndRI/CH8/OR_ABI-L2-CMIPF-M3C08_G16_s20172461330342_e20172461341109_c20172461341176.nc
  Examining Tb file: ../../raw_Obs/GOESR_IR/Irma2ndRI/CH8/OR_ABI-L2-CMIPF-M3C08_G16_s20172461345342_e20172461356109_c20172461356178.nc
  Examining Tb file: ../../raw_Obs/GOESR_IR/Irma2ndRI/CH8/OR_ABI-L2-CMIPF-M3C08_G16_s20172461400342_e20172461411109_c20172461411173.nc
  OR_ABI-L2-CMIPF-M3C08_G16_s20172461400342_e20172461411109_c20172461411173.nc is collected.
  Examining Tb file: ../../raw_Obs/GOESR_IR/Irma2ndRI/CH8/OR_ABI-L2-CMIPF-M3C08_G16_s20172461415342_e20172461426109_c20172461426175.nc
  Examining Tb file: ../../raw_Obs/GOESR_IR/Irma2ndRI/CH8/OR_ABI-L2-CMIPF-M3C08_G16_s20172461430342_e20172461441109_c20172461441179.nc
  Examining Tb file: ../../raw_Obs/GOESR_IR/Irma2ndRI/CH8/OR_ABI-L2-CMIPF-M3C08_G16_s20172461445343_e20172461456109_c20172461456176.nc
  Examining Tb file: ../../raw_Obs/GOESR_IR/Irma2ndRI/CH8/OR_ABI-L2-CMIPF-M3C08_G16_s20172461500343_e20172461511109_c20172461511174.nc
  OR_ABI-L2-CMIPF-M3C08_G16_s20172461500343_e20172461511109_c20172461511174.nc is collected.
  Examining Tb file: ../../raw_Obs/GOESR_IR/Irma2ndRI/CH8/OR_ABI-L2-CMIPF-M3C08_G16_s20172461515343_e20172461526110_c20172461526180.nc
  Examining Tb file: ../../raw_Obs/GOESR_IR/Irma2ndRI/CH8/OR_ABI-L2-CMIPF-M3C08_G16_s20172461530343_e20172461541110_c20172461541173.nc
  Examining Tb file: ../../raw_Obs/GOESR_IR/Irma2ndRI/CH8/OR_ABI-L2-CMIPF-M3C08_G16_s20172461545343_e20172461556110_c20172461556178.nc
  Examining Tb file: ../../raw_Obs/GOESR_IR/Irma2ndRI/CH8/OR_ABI-L2-CMIPF-M3C08_G16_s20172461600343_e20172461611110_c20172461611179.nc
  OR_ABI-L2-CMIPF-M3C08_G16_s20172461600343_e20172461611110_c20172461611179.nc is collected.
  Examining Tb file: ../../raw_Obs/GOESR_IR/Irma2ndRI/CH8/OR_ABI-L2-CMIPF-M3C08_G16_s20172461615343_e20172461626110_c20172461626179.nc
  Examining Tb file: ../../raw_Obs/GOESR_IR/Irma2ndRI/CH8/OR_ABI-L2-CMIPF-M3C08_G16_s20172461630343_e20172461641110_c20172461641174.nc
  Examining Tb file: ../../raw_Obs/GOESR_IR/Irma2ndRI/CH8/OR_ABI-L2-CMIPF-M3C08_G16_s20172461645344_e20172461656110_c20172461656181.nc
  Examining Tb file: ../../raw_Obs/GOESR_IR/Irma2ndRI/CH8/OR_ABI-L2-CMIPF-M3C08_G16_s20172461700344_e20172461711111_c20172461711177.nc
  OR_ABI-L2-CMIPF-M3C08_G16_s20172461700344_e20172461711111_c20172461711177.nc is collected.
  Examining Tb file: ../../raw_Obs/GOESR_IR/Irma2ndRI/CH8/OR_ABI-L2-CMIPF-M3C08_G16_s20172461715344_e20172461726111_c20172461726179.nc
  Examining Tb file: ../../raw_Obs/GOESR_IR/Irma2ndRI/CH8/OR_ABI-L2-CMIPF-M3C08_G16_s20172461730344_e20172461741111_c20172461741182.nc
  Examining Tb file: ../../raw_Obs/GOESR_IR/Irma2ndRI/CH8/OR_ABI-L2-CMIPF-M3C08_G16_s20172461745344_e20172461756111_c20172461756179.nc
  Examining Tb file: ../../raw_Obs/GOESR_IR/Irma2ndRI/CH8/OR_ABI-L2-CMIPF-M3C08_G16_s20172461800342_e20172461811109_c20172461811176.nc
  OR_ABI-L2-CMIPF-M3C08_G16_s20172461800342_e20172461811109_c20172461811176.nc is collected.
  Examining Tb file: ../../raw_Obs/GOESR_IR/Irma2ndRI/CH8/OR_ABI-L2-CMIPF-M3C08_G16_s20172461815342_e20172461826109_c20172461826176.nc
  Examining Tb file: ../../raw_Obs/GOESR_IR/Irma2ndRI/CH8/OR_ABI-L2-CMIPF-M3C08_G16_s20172461830342_e20172461841109_c20172461841174.nc
  Examining Tb file: ../../raw_Obs/GOESR_IR/Irma2ndRI/CH8/OR_ABI-L2-CMIPF-M3C08_G16_s20172461845342_e20172461856109_c20172461856177.nc
  Examining Tb file: ../../raw_Obs/GOESR_IR/Irma2ndRI/CH8/OR_ABI-L2-CMIPF-M3C08_G16_s20172461900343_e20172461911109_c20172461911177.nc
  OR_ABI-L2-CMIPF-M3C08_G16_s20172461900343_e20172461911109_c20172461911177.nc is collected.
  Examining Tb file: ../../raw_Obs/GOESR_IR/Irma2ndRI/CH8/OR_ABI-L2-CMIPF-M3C08_G16_s20172461915343_e20172461926110_c20172461926180.nc
  Examining Tb file: ../../raw_Obs/GOESR_IR/Irma2ndRI/CH8/OR_ABI-L2-CMIPF-M3C08_G16_s20172461930343_e20172461941110_c20172461941181.nc
  Examining Tb file: ../../raw_Obs/GOESR_IR/Irma2ndRI/CH8/OR_ABI-L2-CMIPF-M3C08_G16_s20172461945343_e20172461956110_c20172461956175.nc
  Examining Tb file: ../../raw_Obs/GOESR_IR/Irma2ndRI/CH8/OR_ABI-L2-CMIPF-M3C08_G16_s20172462000343_e20172462011110_c20172462011177.nc
  OR_ABI-L2-CMIPF-M3C08_G16_s20172462000343_e20172462011110_c20172462011177.nc is collected.
  Examining Tb file: ../../raw_Obs/GOESR_IR/Irma2ndRI/CH8/OR_ABI-L2-CMIPF-M3C08_G16_s20172462015343_e20172462026110_c20172462026178.nc
  Examining Tb file: ../../raw_Obs/GOESR_IR/Irma2ndRI/CH8/OR_ABI-L2-CMIPF-M3C08_G16_s20172462030343_e20172462041110_c20172462041175.nc
  Examining Tb file: ../../raw_Obs/GOESR_IR/Irma2ndRI/CH8/OR_ABI-L2-CMIPF-M3C08_G16_s20172462045344_e20172462056110_c20172462056176.nc
  Examining Tb file: ../../raw_Obs/GOESR_IR/Irma2ndRI/CH8/OR_ABI-L2-CMIPF-M3C08_G16_s20172462100344_e20172462111111_c20172462111174.nc
  OR_ABI-L2-CMIPF-M3C08_G16_s20172462100344_e20172462111111_c20172462111174.nc is collected.
  Examining Tb file: ../../raw_Obs/GOESR_IR/Irma2ndRI/CH8/OR_ABI-L2-CMIPF-M3C08_G16_s20172462115344_e20172462126111_c20172462126175.nc
  Examining Tb file: ../../raw_Obs/GOESR_IR/Irma2ndRI/CH8/OR_ABI-L2-CMIPF-M3C08_G16_s20172462130344_e20172462141111_c20172462141177.nc
  Examining Tb file: ../../raw_Obs/GOESR_IR/Irma2ndRI/CH8/OR_ABI-L2-CMIPF-M3C08_G16_s20172462145344_e20172462156111_c20172462156179.nc
  Examining Tb file: ../../raw_Obs/GOESR_IR/Irma2ndRI/CH8/OR_ABI-L2-CMIPF-M3C08_G16_s20172462200344_e20172462211111_c20172462211178.nc
  OR_ABI-L2-CMIPF-M3C08_G16_s20172462200344_e20172462211111_c20172462211178.nc is collected.
  Examining Tb file: ../../raw_Obs/GOESR_IR/Irma2ndRI/CH8/OR_ABI-L2-CMIPF-M3C08_G16_s20172462215344_e20172462226111_c20172462226172.nc
  Examining Tb file: ../../raw_Obs/GOESR_IR/Irma2ndRI/CH8/OR_ABI-L2-CMIPF-M3C08_G16_s20172462230345_e20172462241111_c20172462241179.nc
  Examining Tb file: ../../raw_Obs/GOESR_IR/Irma2ndRI/CH8/OR_ABI-L2-CMIPF-M3C08_G16_s20172462245345_e20172462256112_c20172462256179.nc
  Examining Tb file: ../../raw_Obs/GOESR_IR/Irma2ndRI/CH8/OR_ABI-L2-CMIPF-M3C08_G16_s20172462300345_e20172462311112_c20172462311178.nc
  OR_ABI-L2-CMIPF-M3C08_G16_s20172462300345_e20172462311112_c20172462311178.nc is collected.
  Examining Tb file: ../../raw_Obs/GOESR_IR/Irma2ndRI/CH8/OR_ABI-L2-CMIPF-M3C08_G16_s20172462315345_e20172462326112_c20172462326179.nc
  Examining Tb file: ../../raw_Obs/GOESR_IR/Irma2ndRI/CH8/OR_ABI-L2-CMIPF-M3C08_G16_s20172462330345_e20172462341112_c20172462341179.nc
  Examining Tb file: ../../raw_Obs/GOESR_IR/Irma2ndRI/CH8/OR_ABI-L2-CMIPF-M3C08_G16_s20172462345345_e20172462356112_c20172462356183.nc
  Examining Tb file: ../../raw_Obs/GOESR_IR/Irma2ndRI/CH8/OR_ABI-L2-CMIPF-M3C08_G16_s20172470000345_e20172470011112_c20172470011180.nc
  OR_ABI-L2-CMIPF-M3C08_G16_s20172470000345_e20172470011112_c20172470011180.nc is collected.
  Examining Tb file: ../../raw_Obs/GOESR_IR/Irma2ndRI/CH8/OR_ABI-L2-CMIPF-M3C08_G16_s20172470015346_e20172470026112_c20172470026185.nc
  Examining Tb file: ../../raw_Obs/GOESR_IR/Irma2ndRI/CH8/OR_ABI-L2-CMIPF-M3C08_G16_s20172470030346_e20172470041112_c20172470041181.nc
  Examining Tb file: ../../raw_Obs/GOESR_IR/Irma2ndRI/CH8/OR_ABI-L2-CMIPF-M3C08_G16_s20172470045346_e20172470056113_c20172470056182.nc
  Examining Tb file: ../../raw_Obs/GOESR_IR/Irma2ndRI/CH8/OR_ABI-L2-CMIPF-M3C08_G16_s20172470100346_e20172470111113_c20172470111180.nc
  OR_ABI-L2-CMIPF-M3C08_G16_s20172470100346_e20172470111113_c20172470111180.nc is collected.
  Examining Tb file: ../../raw_Obs/GOESR_IR/Irma2ndRI/CH8/OR_ABI-L2-CMIPF-M3C08_G16_s20172470115346_e20172470126113_c20172470126181.nc
  Examining Tb file: ../../raw_Obs/GOESR_IR/Irma2ndRI/CH8/OR_ABI-L2-CMIPF-M3C08_G16_s20172470130346_e20172470141113_c20172470141179.nc
  Examining Tb file: ../../raw_Obs/GOESR_IR/Irma2ndRI/CH8/OR_ABI-L2-CMIPF-M3C08_G16_s20172470145346_e20172470156113_c20172470156179.nc
  Examining Tb file: ../../raw_Obs/GOESR_IR/Irma2ndRI/CH8/OR_ABI-L2-CMIPF-M3C08_G16_s20172470200346_e20172470211113_c20172470211177.nc
  OR_ABI-L2-CMIPF-M3C08_G16_s20172470200346_e20172470211113_c20172470211177.nc is collected.
  Examining Tb file: ../../raw_Obs/GOESR_IR/Irma2ndRI/CH8/OR_ABI-L2-CMIPF-M3C08_G16_s20172470215347_e20172470226113_c20172470226182.nc
  Examining Tb file: ../../raw_Obs/GOESR_IR/Irma2ndRI/CH8/OR_ABI-L2-CMIPF-M3C08_G16_s20172470230347_e20172470241114_c20172470241181.nc
  Examining Tb file: ../../raw_Obs/GOESR_IR/Irma2ndRI/CH8/OR_ABI-L2-CMIPF-M3C08_G16_s20172470245347_e20172470256114_c20172470256178.nc
  Examining Tb file: ../../raw_Obs/GOESR_IR/Irma2ndRI/CH8/OR_ABI-L2-CMIPF-M3C08_G16_s20172470300347_e20172470311114_c20172470311178.nc
  OR_ABI-L2-CMIPF-M3C08_G16_s20172470300347_e20172470311114_c20172470311178.nc is collected.
  Examining Tb file: ../../raw_Obs/GOESR_IR/Irma2ndRI/CH8/OR_ABI-L2-CMIPF-M3C08_G16_s20172470315347_e20172470326114_c20172470326182.nc
  Examining Tb file: ../../raw_Obs/GOESR_IR/Irma2ndRI/CH8/OR_ABI-L2-CMIPF-M3C08_G16_s20172470330347_e20172470341114_c20172470341180.nc
  Examining Tb file: ../../raw_Obs/GOESR_IR/Irma2ndRI/CH8/OR_ABI-L2-CMIPF-M3C08_G16_s20172470345347_e20172470356114_c20172470356178.nc
  Examining Tb file: ../../raw_Obs/GOESR_IR/Irma2ndRI/CH8/OR_ABI-L2-CMIPF-M3C08_G16_s20172470400347_e20172470411114_c20172470411177.nc
  OR_ABI-L2-CMIPF-M3C08_G16_s20172470400347_e20172470411114_c20172470411177.nc is collected.
  Examining Tb file: ../../raw_Obs/GOESR_IR/Irma2ndRI/CH8/OR_ABI-L2-CMIPF-M3C08_G16_s20172470415347_e20172470426114_c20172470426183.nc
  Examining Tb file: ../../raw_Obs/GOESR_IR/Irma2ndRI/CH8/OR_ABI-L2-CMIPF-M3C08_G16_s20172470430347_e20172470441113_c20172470441181.nc
  Examining Tb file: ../../raw_Obs/GOESR_IR/Irma2ndRI/CH8/OR_ABI-L2-CMIPF-M3C08_G16_s20172470445346_e20172470456113_c20172470456177.nc
  Examining Tb file: ../../raw_Obs/GOESR_IR/Irma2ndRI/CH8/OR_ABI-L2-CMIPF-M3C08_G16_s20172470500346_e20172470511113_c20172470511178.nc
  OR_ABI-L2-CMIPF-M3C08_G16_s20172470500346_e20172470511113_c20172470511178.nc is collected.
  Examining Tb file: ../../raw_Obs/GOESR_IR/Irma2ndRI/CH8/OR_ABI-L2-CMIPF-M3C08_G16_s20172470515346_e20172470526113_c20172470526183.nc
  Examining Tb file: ../../raw_Obs/GOESR_IR/Irma2ndRI/CH8/OR_ABI-L2-CMIPF-M3C08_G16_s20172470530354_e20172470541113_c20172470541182.nc
  Examining Tb file: ../../raw_Obs/GOESR_IR/Irma2ndRI/CH8/OR_ABI-L2-CMIPF-M3C08_G16_s20172470545346_e20172470556113_c20172470556179.nc
  Examining Tb file: ../../raw_Obs/GOESR_IR/Irma2ndRI/CH8/OR_ABI-L2-CMIPF-M3C08_G16_s20172470600348_e20172470611115_c20172470611176.nc
  OR_ABI-L2-CMIPF-M3C08_G16_s20172470600348_e20172470611115_c20172470611176.nc is collected.
  Examining Tb file: ../../raw_Obs/GOESR_IR/Irma2ndRI/CH8/OR_ABI-L2-CMIPF-M3C08_G16_s20172470615348_e20172470626115_c20172470626184.nc
  Examining Tb file: ../../raw_Obs/GOESR_IR/Irma2ndRI/CH8/OR_ABI-L2-CMIPF-M3C08_G16_s20172470630348_e20172470641115_c20172470641184.nc
  Examining Tb file: ../../raw_Obs/GOESR_IR/Irma2ndRI/CH8/OR_ABI-L2-CMIPF-M3C08_G16_s20172470645348_e20172470656115_c20172470656177.nc
  Examining Tb file: ../../raw_Obs/GOESR_IR/Irma2ndRI/CH8/OR_ABI-L2-CMIPF-M3C08_G16_s20172470700348_e20172470711115_c20172470711178.nc
  OR_ABI-L2-CMIPF-M3C08_G16_s20172470700348_e20172470711115_c20172470711178.nc is collected.
  Examining Tb file: ../../raw_Obs/GOESR_IR/Irma2ndRI/CH8/OR_ABI-L2-CMIPF-M3C08_G16_s20172470715348_e20172470726115_c20172470726187.nc
  Examining Tb file: ../../raw_Obs/GOESR_IR/Irma2ndRI/CH8/OR_ABI-L2-CMIPF-M3C08_G16_s20172470730348_e20172470741115_c20172470741179.nc
  Examining Tb file: ../../raw_Obs/GOESR_IR/Irma2ndRI/CH8/OR_ABI-L2-CMIPF-M3C08_G16_s20172470745348_e20172470756115_c20172470756178.nc
  Examining Tb file: ../../raw_Obs/GOESR_IR/Irma2ndRI/CH8/OR_ABI-L2-CMIPF-M3C08_G16_s20172470800348_e20172470811115_c20172470811179.nc
  OR_ABI-L2-CMIPF-M3C08_G16_s20172470800348_e20172470811115_c20172470811179.nc is collected.
  Examining Tb file: ../../raw_Obs/GOESR_IR/Irma2ndRI/CH8/OR_ABI-L2-CMIPF-M3C08_G16_s20172470815348_e20172470826115_c20172470826189.nc
  Examining Tb file: ../../raw_Obs/GOESR_IR/Irma2ndRI/CH8/OR_ABI-L2-CMIPF-M3C08_G16_s20172470830348_e20172470841114_c20172470841183.nc
  Examining Tb file: ../../raw_Obs/GOESR_IR/Irma2ndRI/CH8/OR_ABI-L2-CMIPF-M3C08_G16_s20172470845348_e20172470856114_c20172470856180.nc
  Examining Tb file: ../../raw_Obs/GOESR_IR/Irma2ndRI/CH8/OR_ABI-L2-CMIPF-M3C08_G16_s20172470900347_e20172470911114_c20172470911181.nc
  OR_ABI-L2-CMIPF-M3C08_G16_s20172470900347_e20172470911114_c20172470911181.nc is collected.
  Examining Tb file: ../../raw_Obs/GOESR_IR/Irma2ndRI/CH8/OR_ABI-L2-CMIPF-M3C08_G16_s20172470915347_e20172470926114_c20172470926186.nc
  Examining Tb file: ../../raw_Obs/GOESR_IR/Irma2ndRI/CH8/OR_ABI-L2-CMIPF-M3C08_G16_s20172470930347_e20172470941114_c20172470941181.nc
  Examining Tb file: ../../raw_Obs/GOESR_IR/Irma2ndRI/CH8/OR_ABI-L2-CMIPF-M3C08_G16_s20172470945347_e20172470956114_c20172470956181.nc
  Examining Tb file: ../../raw_Obs/GOESR_IR/Irma2ndRI/CH8/OR_ABI-L2-CMIPF-M3C08_G16_s20172471000347_e20172471011114_c20172471011179.nc
  OR_ABI-L2-CMIPF-M3C08_G16_s20172471000347_e20172471011114_c20172471011179.nc is collected.
  Examining Tb file: ../../raw_Obs/GOESR_IR/Irma2ndRI/CH8/OR_ABI-L2-CMIPF-M3C08_G16_s20172471015347_e20172471026114_c20172471026184.nc
  Examining Tb file: ../../raw_Obs/GOESR_IR/Irma2ndRI/CH8/OR_ABI-L2-CMIPF-M3C08_G16_s20172471030347_e20172471041114_c20172471041177.nc
  Examining Tb file: ../../raw_Obs/GOESR_IR/Irma2ndRI/CH8/OR_ABI-L2-CMIPF-M3C08_G16_s20172471045347_e20172471056114_c20172471056181.nc
  Examining Tb file: ../../raw_Obs/GOESR_IR/Irma2ndRI/CH8/OR_ABI-L2-CMIPF-M3C08_G16_s20172471100347_e20172471111114_c20172471111179.nc
  OR_ABI-L2-CMIPF-M3C08_G16_s20172471100347_e20172471111114_c20172471111179.nc is collected.
  Examining Tb file: ../../raw_Obs/GOESR_IR/Irma2ndRI/CH8/OR_ABI-L2-CMIPF-M3C08_G16_s20172471115347_e20172471126114_c20172471126180.nc
  Examining Tb file: ../../raw_Obs/GOESR_IR/Irma2ndRI/CH8/OR_ABI-L2-CMIPF-M3C08_G16_s20172471130347_e20172471141114_c20172471141177.nc
  Examining Tb file: ../../raw_Obs/GOESR_IR/Irma2ndRI/CH8/OR_ABI-L2-CMIPF-M3C08_G16_s20172471145347_e20172471156114_c20172471156176.nc
  Examining Tb file: ../../raw_Obs/GOESR_IR/Irma2ndRI/CH8/OR_ABI-L2-CMIPF-M3C08_G16_s20172471200347_e20172471211113_c20172471211174.nc
  OR_ABI-L2-CMIPF-M3C08_G16_s20172471200347_e20172471211113_c20172471211174.nc is collected.
  Examining Tb file: ../../raw_Obs/GOESR_IR/Irma2ndRI/CH8/OR_ABI-L2-CMIPF-M3C08_G16_s20172471215347_e20172471226113_c20172471226178.nc
  Examining Tb file: ../../raw_Obs/GOESR_IR/Irma2ndRI/CH8/OR_ABI-L2-CMIPF-M3C08_G16_s20172471230347_e20172471241113_c20172471241180.nc
  Examining Tb file: ../../raw_Obs/GOESR_IR/Irma2ndRI/CH8/OR_ABI-L2-CMIPF-M3C08_G16_s20172471245347_e20172471256113_c20172471256180.nc
  Examining Tb file: ../../raw_Obs/GOESR_IR/Irma2ndRI/CH8/OR_ABI-L2-CMIPF-M3C08_G16_s20172471300347_e20172471311114_c20172471311179.nc
  OR_ABI-L2-CMIPF-M3C08_G16_s20172471300347_e20172471311114_c20172471311179.nc is collected.
  Examining Tb file: ../../raw_Obs/GOESR_IR/Irma2ndRI/CH8/OR_ABI-L2-CMIPF-M3C08_G16_s20172471315347_e20172471326114_c20172471326180.nc
  Examining Tb file: ../../raw_Obs/GOESR_IR/Irma2ndRI/CH8/OR_ABI-L2-CMIPF-M3C08_G16_s20172471330347_e20172471341114_c20172471341182.nc
  Examining Tb file: ../../raw_Obs/GOESR_IR/Irma2ndRI/CH8/OR_ABI-L2-CMIPF-M3C08_G16_s20172471345347_e20172471356113_c20172471356178.nc
  Examining Tb file: ../../raw_Obs/GOESR_IR/Irma2ndRI/CH8/OR_ABI-L2-CMIPF-M3C08_G16_s20172471400347_e20172471411113_c20172471411181.nc
  OR_ABI-L2-CMIPF-M3C08_G16_s20172471400347_e20172471411113_c20172471411181.nc is collected.
  Examining Tb file: ../../raw_Obs/GOESR_IR/Irma2ndRI/CH8/OR_ABI-L2-CMIPF-M3C08_G16_s20172471415347_e20172471426113_c20172471426179.nc
  Examining Tb file: ../../raw_Obs/GOESR_IR/Irma2ndRI/CH8/OR_ABI-L2-CMIPF-M3C08_G16_s20172471430347_e20172471441113_c20172471441180.nc
  Examining Tb file: ../../raw_Obs/GOESR_IR/Irma2ndRI/CH8/OR_ABI-L2-CMIPF-M3C08_G16_s20172471445347_e20172471456113_c20172471456180.nc
  Examining Tb file: ../../raw_Obs/GOESR_IR/Irma2ndRI/CH8/OR_ABI-L2-CMIPF-M3C08_G16_s20172471500347_e20172471511113_c20172471511176.nc
  OR_ABI-L2-CMIPF-M3C08_G16_s20172471500347_e20172471511113_c20172471511176.nc is collected.
  Examining Tb file: ../../raw_Obs/GOESR_IR/Irma2ndRI/CH8/OR_ABI-L2-CMIPF-M3C08_G16_s20172471515347_e20172471526114_c20172471526179.nc
  Examining Tb file: ../../raw_Obs/GOESR_IR/Irma2ndRI/CH8/OR_ABI-L2-CMIPF-M3C08_G16_s20172471530347_e20172471541114_c20172471541182.nc
  Examining Tb file: ../../raw_Obs/GOESR_IR/Irma2ndRI/CH8/OR_ABI-L2-CMIPF-M3C08_G16_s20172471545347_e20172471556114_c20172471556180.nc
  Examining Tb file: ../../raw_Obs/GOESR_IR/Irma2ndRI/CH8/OR_ABI-L2-CMIPF-M3C08_G16_s20172471600347_e20172471611114_c20172471611183.nc
  OR_ABI-L2-CMIPF-M3C08_G16_s20172471600347_e20172471611114_c20172471611183.nc is collected.
  Examining Tb file: ../../raw_Obs/GOESR_IR/Irma2ndRI/CH8/OR_ABI-L2-CMIPF-M3C08_G16_s20172471615347_e20172471626114_c20172471626186.nc
  Examining Tb file: ../../raw_Obs/GOESR_IR/Irma2ndRI/CH8/OR_ABI-L2-CMIPF-M3C08_G16_s20172471630347_e20172471641114_c20172471641182.nc
  Examining Tb file: ../../raw_Obs/GOESR_IR/Irma2ndRI/CH8/OR_ABI-L2-CMIPF-M3C08_G16_s20172471645347_e20172471656114_c20172471656175.nc
  Examining Tb file: ../../raw_Obs/GOESR_IR/Irma2ndRI/CH8/OR_ABI-L2-CMIPF-M3C08_G16_s20172471700347_e20172471711114_c20172471711184.nc
  OR_ABI-L2-CMIPF-M3C08_G16_s20172471700347_e20172471711114_c20172471711184.nc is collected.
  Examining Tb file: ../../raw_Obs/GOESR_IR/Irma2ndRI/CH8/OR_ABI-L2-CMIPF-M3C08_G16_s20172471715347_e20172471726114_c20172471726186.nc
  Examining Tb file: ../../raw_Obs/GOESR_IR/Irma2ndRI/CH8/OR_ABI-L2-CMIPF-M3C08_G16_s20172471730347_e20172471741114_c20172471741179.nc
  Examining Tb file: ../../raw_Obs/GOESR_IR/Irma2ndRI/CH8/OR_ABI-L2-CMIPF-M3C08_G16_s20172471745347_e20172471756114_c20172471756178.nc
  Examining Tb file: ../../raw_Obs/GOESR_IR/Irma2ndRI/CH8/OR_ABI-L2-CMIPF-M3C08_G16_s20172471800345_e20172471811111_c20172471811182.nc
  OR_ABI-L2-CMIPF-M3C08_G16_s20172471800345_e20172471811111_c20172471811182.nc is collected.
  Examining Tb file: ../../raw_Obs/GOESR_IR/Irma2ndRI/CH8/OR_ABI-L2-CMIPF-M3C08_G16_s20172471815345_e20172471826111_c20172471826180.nc
  Examining Tb file: ../../raw_Obs/GOESR_IR/Irma2ndRI/CH8/OR_ABI-L2-CMIPF-M3C08_G16_s20172471830345_e20172471841111_c20172471841179.nc
  Examining Tb file: ../../raw_Obs/GOESR_IR/Irma2ndRI/CH8/OR_ABI-L2-CMIPF-M3C08_G16_s20172471845345_e20172471856111_c20172471856174.nc
  Examining Tb file: ../../raw_Obs/GOESR_IR/Irma2ndRI/CH8/OR_ABI-L2-CMIPF-M3C08_G16_s20172471900345_e20172471911111_c20172471911176.nc
  OR_ABI-L2-CMIPF-M3C08_G16_s20172471900345_e20172471911111_c20172471911176.nc is collected.
  Examining Tb file: ../../raw_Obs/GOESR_IR/Irma2ndRI/CH8/OR_ABI-L2-CMIPF-M3C08_G16_s20172471915345_e20172471926111_c20172471926183.nc
  Examining Tb file: ../../raw_Obs/GOESR_IR/Irma2ndRI/CH8/OR_ABI-L2-CMIPF-M3C08_G16_s20172471930345_e20172471941111_c20172471941177.nc
  Examining Tb file: ../../raw_Obs/GOESR_IR/Irma2ndRI/CH8/OR_ABI-L2-CMIPF-M3C08_G16_s20172471945345_e20172471956111_c20172471956176.nc
  Examining Tb file: ../../raw_Obs/GOESR_IR/Irma2ndRI/CH8/OR_ABI-L2-CMIPF-M3C08_G16_s20172472000345_e20172472011111_c20172472011180.nc
  OR_ABI-L2-CMIPF-M3C08_G16_s20172472000345_e20172472011111_c20172472011180.nc is collected.
  Examining Tb file: ../../raw_Obs/GOESR_IR/Irma2ndRI/CH8/OR_ABI-L2-CMIPF-M3C08_G16_s20172472015345_e20172472026111_c20172472026183.nc
  Examining Tb file: ../../raw_Obs/GOESR_IR/Irma2ndRI/CH8/OR_ABI-L2-CMIPF-M3C08_G16_s20172472030345_e20172472041111_c20172472041179.nc
  Examining Tb file: ../../raw_Obs/GOESR_IR/Irma2ndRI/CH8/OR_ABI-L2-CMIPF-M3C08_G16_s20172472045345_e20172472056111_c20172472056177.nc
  Examining Tb file: ../../raw_Obs/GOESR_IR/Irma2ndRI/CH8/OR_ABI-L2-CMIPF-M3C08_G16_s20172472100345_e20172472111112_c20172472111180.nc
  OR_ABI-L2-CMIPF-M3C08_G16_s20172472100345_e20172472111112_c20172472111180.nc is collected.
  Examining Tb file: ../../raw_Obs/GOESR_IR/Irma2ndRI/CH8/OR_ABI-L2-CMIPF-M3C08_G16_s20172472115345_e20172472126112_c20172472126179.nc
  Examining Tb file: ../../raw_Obs/GOESR_IR/Irma2ndRI/CH8/OR_ABI-L2-CMIPF-M3C08_G16_s20172472130345_e20172472141112_c20172472141176.nc
  Examining Tb file: ../../raw_Obs/GOESR_IR/Irma2ndRI/CH8/OR_ABI-L2-CMIPF-M3C08_G16_s20172472145345_e20172472156112_c20172472156175.nc
  Examining Tb file: ../../raw_Obs/GOESR_IR/Irma2ndRI/CH8/OR_ABI-L2-CMIPF-M3C08_G16_s20172472200345_e20172472211112_c20172472211176.nc
  OR_ABI-L2-CMIPF-M3C08_G16_s20172472200345_e20172472211112_c20172472211176.nc is collected.
  Examining Tb file: ../../raw_Obs/GOESR_IR/Irma2ndRI/CH8/OR_ABI-L2-CMIPF-M3C08_G16_s20172472215345_e20172472226112_c20172472226182.nc
  Examining Tb file: ../../raw_Obs/GOESR_IR/Irma2ndRI/CH8/OR_ABI-L2-CMIPF-M3C08_G16_s20172472230345_e20172472241112_c20172472241179.nc
  Examining Tb file: ../../raw_Obs/GOESR_IR/Irma2ndRI/CH8/OR_ABI-L2-CMIPF-M3C08_G16_s20172472245345_e20172472256112_c20172472256176.nc
  Examining Tb file: ../../raw_Obs/GOESR_IR/Irma2ndRI/CH8/OR_ABI-L2-CMIPF-M3C08_G16_s20172472300345_e20172472311112_c20172472311181.nc
  OR_ABI-L2-CMIPF-M3C08_G16_s20172472300345_e20172472311112_c20172472311181.nc is collected.
  Examining Tb file: ../../raw_Obs/GOESR_IR/Irma2ndRI/CH8/OR_ABI-L2-CMIPF-M3C08_G16_s20172472315345_e20172472326112_c20172472326180.nc
  Examining Tb file: ../../raw_Obs/GOESR_IR/Irma2ndRI/CH8/OR_ABI-L2-CMIPF-M3C08_G16_s20172472330345_e20172472341112_c20172472341179.nc
  Examining Tb file: ../../raw_Obs/GOESR_IR/Irma2ndRI/CH8/OR_ABI-L2-CMIPF-M3C08_G16_s20172472345345_e20172472356112_c20172472356176.nc
  Examining Tb file: ../../raw_Obs/GOESR_IR/Irma2ndRI/CH8/OR_ABI-L2-CMIPF-M3C08_G16_s20172480000345_e20172480011112_c20172480011175.nc
  OR_ABI-L2-CMIPF-M3C08_G16_s20172480000345_e20172480011112_c20172480011175.nc is collected.
  Examining Tb file: ../../raw_Obs/GOESR_IR/Irma2ndRI/CH8/OR_ABI-L2-CMIPF-M3C08_G16_s20172480015345_e20172480026112_c20172480026183.nc
  Examining Tb file: ../../raw_Obs/GOESR_IR/Irma2ndRI/CH8/OR_ABI-L2-CMIPF-M3C08_G16_s20172480030345_e20172480041112_c20172480041182.nc
  Examining Tb file: ../../raw_Obs/GOESR_IR/Irma2ndRI/CH8/OR_ABI-L2-CMIPF-M3C08_G16_s20172480045345_e20172480056112_c20172480056179.nc
  Examining Tb file: ../../raw_Obs/GOESR_IR/Irma2ndRI/CH8/OR_ABI-L2-CMIPF-M3C08_G16_s20172480100345_e20172480111112_c20172480111179.nc
  OR_ABI-L2-CMIPF-M3C08_G16_s20172480100345_e20172480111112_c20172480111179.nc is collected.
  Examining Tb file: ../../raw_Obs/GOESR_IR/Irma2ndRI/CH8/OR_ABI-L2-CMIPF-M3C08_G16_s20172480115345_e20172480126112_c20172480126186.nc
  Examining Tb file: ../../raw_Obs/GOESR_IR/Irma2ndRI/CH8/OR_ABI-L2-CMIPF-M3C08_G16_s20172480130345_e20172480141112_c20172480141172.nc
  Examining Tb file: ../../raw_Obs/GOESR_IR/Irma2ndRI/CH8/OR_ABI-L2-CMIPF-M3C08_G16_s20172480145345_e20172480156112_c20172480156180.nc
  Examining Tb file: ../../raw_Obs/GOESR_IR/Irma2ndRI/CH8/OR_ABI-L2-CMIPF-M3C08_G16_s20172480200345_e20172480211112_c20172480211178.nc
  OR_ABI-L2-CMIPF-M3C08_G16_s20172480200345_e20172480211112_c20172480211178.nc is collected.
  Examining Tb file: ../../raw_Obs/GOESR_IR/Irma2ndRI/CH8/OR_ABI-L2-CMIPF-M3C08_G16_s20172480215345_e20172480226112_c20172480226187.nc
  Examining Tb file: ../../raw_Obs/GOESR_IR/Irma2ndRI/CH8/OR_ABI-L2-CMIPF-M3C08_G16_s20172480230345_e20172480241112_c20172480241178.nc
  Examining Tb file: ../../raw_Obs/GOESR_IR/Irma2ndRI/CH8/OR_ABI-L2-CMIPF-M3C08_G16_s20172480245345_e20172480256112_c20172480256180.nc
  Examining Tb file: ../../raw_Obs/GOESR_IR/Irma2ndRI/CH8/OR_ABI-L2-CMIPF-M3C08_G16_s20172480300345_e20172480311112_c20172480311178.nc
  OR_ABI-L2-CMIPF-M3C08_G16_s20172480300345_e20172480311112_c20172480311178.nc is collected.
  Examining Tb file: ../../raw_Obs/GOESR_IR/Irma2ndRI/CH8/OR_ABI-L2-CMIPF-M3C08_G16_s20172480315345_e20172480326112_c20172480326181.nc
  Examining Tb file: ../../raw_Obs/GOESR_IR/Irma2ndRI/CH8/OR_ABI-L2-CMIPF-M3C08_G16_s20172480330345_e20172480341112_c20172480341180.nc
  Examining Tb file: ../../raw_Obs/GOESR_IR/Irma2ndRI/CH8/OR_ABI-L2-CMIPF-M3C08_G16_s20172480345345_e20172480356112_c20172480356179.nc
  Examining Tb file: ../../raw_Obs/GOESR_IR/Irma2ndRI/CH8/OR_ABI-L2-CMIPF-M3C08_G16_s20172480400345_e20172480411112_c20172480411177.nc
  OR_ABI-L2-CMIPF-M3C08_G16_s20172480400345_e20172480411112_c20172480411177.nc is collected.
  Examining Tb file: ../../raw_Obs/GOESR_IR/Irma2ndRI/CH8/OR_ABI-L2-CMIPF-M3C08_G16_s20172480415345_e20172480426112_c20172480426182.nc
  Examining Tb file: ../../raw_Obs/GOESR_IR/Irma2ndRI/CH8/OR_ABI-L2-CMIPF-M3C08_G16_s20172480430345_e20172480441112_c20172480441179.nc
  Examining Tb file: ../../raw_Obs/GOESR_IR/Irma2ndRI/CH8/OR_ABI-L2-CMIPF-M3C08_G16_s20172480445345_e20172480456112_c20172480456179.nc
  Examining Tb file: ../../raw_Obs/GOESR_IR/Irma2ndRI/CH8/OR_ABI-L2-CMIPF-M3C08_G16_s20172480500345_e20172480511112_c20172480511179.nc
  OR_ABI-L2-CMIPF-M3C08_G16_s20172480500345_e20172480511112_c20172480511179.nc is collected.
  Examining Tb file: ../../raw_Obs/GOESR_IR/Irma2ndRI/CH8/OR_ABI-L2-CMIPF-M3C08_G16_s20172480515345_e20172480526112_c20172480526189.nc
  Examining Tb file: ../../raw_Obs/GOESR_IR/Irma2ndRI/CH8/OR_ABI-L2-CMIPF-M3C08_G16_s20172480530352_e20172480541112_c20172480541177.nc
  Examining Tb file: ../../raw_Obs/GOESR_IR/Irma2ndRI/CH8/OR_ABI-L2-CMIPF-M3C08_G16_s20172480545345_e20172480556112_c20172480556176.nc
  Examining Tb file: ../../raw_Obs/GOESR_IR/Irma2ndRI/CH8/OR_ABI-L2-CMIPF-M3C08_G16_s20172480600347_e20172480611114_c20172480611179.nc
  OR_ABI-L2-CMIPF-M3C08_G16_s20172480600347_e20172480611114_c20172480611179.nc is collected.
Dealing with file(s) at DAtime: 201709030600
  min of xlong: -50.9142, max of xlong: -42.4858
  min of xlat: 13.7639, max of xlat: 22.6361
  File: ../../raw_Obs/Collected_IR/Irma2ndRI/DAt201709030600_GOESR_ABI_L2_CMIPF_CH8.nc
  Output processed GOESR obs file: ../../toEnKFobs/GOESR_IR/Irma2ndRI/radiance_d03_201709030600_so
Dealing with file(s) at DAtime: 201709030700
  min of xlong: -51.1142, max of xlong: -42.6858
  min of xlat: 13.7152, max of xlat: 22.5848
  File: ../../raw_Obs/Collected_IR/Irma2ndRI/DAt201709030700_GOESR_ABI_L2_CMIPF_CH8.nc
  Output processed GOESR obs file: ../../toEnKFobs/GOESR_IR/Irma2ndRI/radiance_d03_201709030700_so
Dealing with file(s) at DAtime: 201709030800
  min of xlong: -51.3142, max of xlong: -42.8858
  min of xlat: 13.6664, max of xlat: 22.5336
  File: ../../raw_Obs/Collected_IR/Irma2ndRI/DAt201709030800_GOESR_ABI_L2_CMIPF_CH8.nc
  Output processed GOESR obs file: ../../toEnKFobs/GOESR_IR/Irma2ndRI/radiance_d03_201709030800_so
Dealing with file(s) at DAtime: 201709030900
  min of xlong: -51.5142, max of xlong: -43.0858
  min of xlat: 13.6177, max of xlat: 22.4823
  File: ../../raw_Obs/Collected_IR/Irma2ndRI/DAt201709030900_GOESR_ABI_L2_CMIPF_CH8.nc
  Output processed GOESR obs file: ../../toEnKFobs/GOESR_IR/Irma2ndRI/radiance_d03_201709030900_so
Dealing with file(s) at DAtime: 201709031000
  min of xlong: -51.7142, max of xlong: -43.2858
  min of xlat: 13.5689, max of xlat: 22.4311
  File: ../../raw_Obs/Collected_IR/Irma2ndRI/DAt201709031000_GOESR_ABI_L2_CMIPF_CH8.nc
  Output processed GOESR obs file: ../../toEnKFobs/GOESR_IR/Irma2ndRI/radiance_d03_201709031000_so
Dealing with file(s) at DAtime: 201709031100
  min of xlong: -51.9142, max of xlong: -43.4858
  min of xlat: 13.5202, max of xlat: 22.3798
  File: ../../raw_Obs/Collected_IR/Irma2ndRI/DAt201709031100_GOESR_ABI_L2_CMIPF_CH8.nc
  Output processed GOESR obs file: ../../toEnKFobs/GOESR_IR/Irma2ndRI/radiance_d03_201709031100_so
Dealing with file(s) at DAtime: 201709031200
  min of xlong: -52.1142, max of xlong: -43.6858
  min of xlat: 13.4714, max of xlat: 22.3286
  File: ../../raw_Obs/Collected_IR/Irma2ndRI/DAt201709031200_GOESR_ABI_L2_CMIPF_CH8.nc
  Output processed GOESR obs file: ../../toEnKFobs/GOESR_IR/Irma2ndRI/radiance_d03_201709031200_so
Dealing with file(s) at DAtime: 201709031300
  min of xlong: -52.3309, max of xlong: -43.9025
  min of xlat: 13.4227, max of xlat: 22.2773
  File: ../../raw_Obs/Collected_IR/Irma2ndRI/DAt201709031300_GOESR_ABI_L2_CMIPF_CH8.nc
  Output processed GOESR obs file: ../../toEnKFobs/GOESR_IR/Irma2ndRI/radiance_d03_201709031300_so
Dealing with file(s) at DAtime: 201709031400
  min of xlong: -52.5475, max of xlong: -44.1191
  min of xlat: 13.3739, max of xlat: 22.2261
  File: ../../raw_Obs/Collected_IR/Irma2ndRI/DAt201709031400_GOESR_ABI_L2_CMIPF_CH8.nc
  Output processed GOESR obs file: ../../toEnKFobs/GOESR_IR/Irma2ndRI/radiance_d03_201709031400_so
Dealing with file(s) at DAtime: 201709031500
  min of xlong: -52.7642, max of xlong: -44.3358
  min of xlat: 13.3252, max of xlat: 22.1748
  File: ../../raw_Obs/Collected_IR/Irma2ndRI/DAt201709031500_GOESR_ABI_L2_CMIPF_CH8.nc
  Output processed GOESR obs file: ../../toEnKFobs/GOESR_IR/Irma2ndRI/radiance_d03_201709031500_so
Dealing with file(s) at DAtime: 201709031600
  min of xlong: -52.9809, max of xlong: -44.5525
  min of xlat: 13.2764, max of xlat: 22.1236
  File: ../../raw_Obs/Collected_IR/Irma2ndRI/DAt201709031600_GOESR_ABI_L2_CMIPF_CH8.nc
  Output processed GOESR obs file: ../../toEnKFobs/GOESR_IR/Irma2ndRI/radiance_d03_201709031600_so
Dealing with file(s) at DAtime: 201709031700
  min of xlong: -53.1975, max of xlong: -44.7691
  min of xlat: 13.2276, max of xlat: 22.0724
  File: ../../raw_Obs/Collected_IR/Irma2ndRI/DAt201709031700_GOESR_ABI_L2_CMIPF_CH8.nc
  Output processed GOESR obs file: ../../toEnKFobs/GOESR_IR/Irma2ndRI/radiance_d03_201709031700_so
Dealing with file(s) at DAtime: 201709031800
  min of xlong: -53.4142, max of xlong: -44.9858
  min of xlat: 13.1789, max of xlat: 22.0211
  File: ../../raw_Obs/Collected_IR/Irma2ndRI/DAt201709031800_GOESR_ABI_L2_CMIPF_CH8.nc
  Output processed GOESR obs file: ../../toEnKFobs/GOESR_IR/Irma2ndRI/radiance_d03_201709031800_so
Dealing with file(s) at DAtime: 201709031900
  min of xlong: -53.6142, max of xlong: -45.1858
  min of xlat: 13.1301, max of xlat: 21.9699
  File: ../../raw_Obs/Collected_IR/Irma2ndRI/DAt201709031900_GOESR_ABI_L2_CMIPF_CH8.nc
  Output processed GOESR obs file: ../../toEnKFobs/GOESR_IR/Irma2ndRI/radiance_d03_201709031900_so
Dealing with file(s) at DAtime: 201709032000
  min of xlong: -53.8142, max of xlong: -45.3858
  min of xlat: 13.0813, max of xlat: 21.9187
  File: ../../raw_Obs/Collected_IR/Irma2ndRI/DAt201709032000_GOESR_ABI_L2_CMIPF_CH8.nc
  Output processed GOESR obs file: ../../toEnKFobs/GOESR_IR/Irma2ndRI/radiance_d03_201709032000_so
Dealing with file(s) at DAtime: 201709032100
  min of xlong: -54.0142, max of xlong: -45.5858
  min of xlat: 13.0325, max of xlat: 21.8675
  File: ../../raw_Obs/Collected_IR/Irma2ndRI/DAt201709032100_GOESR_ABI_L2_CMIPF_CH8.nc
  Output processed GOESR obs file: ../../toEnKFobs/GOESR_IR/Irma2ndRI/radiance_d03_201709032100_so
Dealing with file(s) at DAtime: 201709032200
  min of xlong: -54.2142, max of xlong: -45.7858
  min of xlat: 12.9837, max of xlat: 21.8163
  File: ../../raw_Obs/Collected_IR/Irma2ndRI/DAt201709032200_GOESR_ABI_L2_CMIPF_CH8.nc
  Output processed GOESR obs file: ../../toEnKFobs/GOESR_IR/Irma2ndRI/radiance_d03_201709032200_so
Dealing with file(s) at DAtime: 201709032300
  min of xlong: -54.4142, max of xlong: -45.9858
  min of xlat: 12.9349, max of xlat: 21.7651
  File: ../../raw_Obs/Collected_IR/Irma2ndRI/DAt201709032300_GOESR_ABI_L2_CMIPF_CH8.nc
  Output processed GOESR obs file: ../../toEnKFobs/GOESR_IR/Irma2ndRI/radiance_d03_201709032300_so
Dealing with file(s) at DAtime: 201709040000
  min of xlong: -54.6142, max of xlong: -46.1858
  min of xlat: 12.8861, max of xlat: 21.7139
  File: ../../raw_Obs/Collected_IR/Irma2ndRI/DAt201709040000_GOESR_ABI_L2_CMIPF_CH8.nc
  Output processed GOESR obs file: ../../toEnKFobs/GOESR_IR/Irma2ndRI/radiance_d03_201709040000_so
Dealing with file(s) at DAtime: 201709040100
  min of xlong: -54.7975, max of xlong: -46.3691
  min of xlat: 12.8373, max of xlat: 21.6627
  File: ../../raw_Obs/Collected_IR/Irma2ndRI/DAt201709040100_GOESR_ABI_L2_CMIPF_CH8.nc
  Output processed GOESR obs file: ../../toEnKFobs/GOESR_IR/Irma2ndRI/radiance_d03_201709040100_so
Dealing with file(s) at DAtime: 201709040200
  min of xlong: -54.9809, max of xlong: -46.5525
  min of xlat: 12.7885, max of xlat: 21.6115
  File: ../../raw_Obs/Collected_IR/Irma2ndRI/DAt201709040200_GOESR_ABI_L2_CMIPF_CH8.nc
  Output processed GOESR obs file: ../../toEnKFobs/GOESR_IR/Irma2ndRI/radiance_d03_201709040200_so
Dealing with file(s) at DAtime: 201709040300
  min of xlong: -55.1642, max of xlong: -46.7358
  min of xlat: 12.7397, max of xlat: 21.5603
  File: ../../raw_Obs/Collected_IR/Irma2ndRI/DAt201709040300_GOESR_ABI_L2_CMIPF_CH8.nc
  Output processed GOESR obs file: ../../toEnKFobs/GOESR_IR/Irma2ndRI/radiance_d03_201709040300_so
Dealing with file(s) at DAtime: 201709040400
  min of xlong: -55.3475, max of xlong: -46.9191
  min of xlat: 12.6909, max of xlat: 21.5091
  File: ../../raw_Obs/Collected_IR/Irma2ndRI/DAt201709040400_GOESR_ABI_L2_CMIPF_CH8.nc
  Output processed GOESR obs file: ../../toEnKFobs/GOESR_IR/Irma2ndRI/radiance_d03_201709040400_so
Dealing with file(s) at DAtime: 201709040500
  min of xlong: -55.5309, max of xlong: -47.1025
  min of xlat: 12.6421, max of xlat: 21.4579
  File: ../../raw_Obs/Collected_IR/Irma2ndRI/DAt201709040500_GOESR_ABI_L2_CMIPF_CH8.nc
  Output processed GOESR obs file: ../../toEnKFobs/GOESR_IR/Irma2ndRI/radiance_d03_201709040500_so
Dealing with file(s) at DAtime: 201709040600
  min of xlong: -55.7142, max of xlong: -47.2858
  min of xlat: 12.5933, max of xlat: 21.4067
  File: ../../raw_Obs/Collected_IR/Irma2ndRI/DAt201709040600_GOESR_ABI_L2_CMIPF_CH8.nc
  Output processed GOESR obs file: ../../toEnKFobs/GOESR_IR/Irma2ndRI/radiance_d03_201709040600_so
Dealing with file(s) at DAtime: 201709040700
  min of xlong: -55.8975, max of xlong: -47.4691
  min of xlat: 12.5607, max of xlat: 21.3726
  File: ../../raw_Obs/Collected_IR/Irma2ndRI/DAt201709040700_GOESR_ABI_L2_CMIPF_CH8.nc
  Output processed GOESR obs file: ../../toEnKFobs/GOESR_IR/Irma2ndRI/radiance_d03_201709040700_so
Dealing with file(s) at DAtime: 201709040800
  min of xlong: -56.0809, max of xlong: -47.6525
  min of xlat: 12.5282, max of xlat: 21.3385
  File: ../../raw_Obs/Collected_IR/Irma2ndRI/DAt201709040800_GOESR_ABI_L2_CMIPF_CH8.nc
  Output processed GOESR obs file: ../../toEnKFobs/GOESR_IR/Irma2ndRI/radiance_d03_201709040800_so
Dealing with file(s) at DAtime: 201709040900
  min of xlong: -56.2642, max of xlong: -47.8358
  min of xlat: 12.4956, max of xlat: 21.3044
  File: ../../raw_Obs/Collected_IR/Irma2ndRI/DAt201709040900_GOESR_ABI_L2_CMIPF_CH8.nc
  Output processed GOESR obs file: ../../toEnKFobs/GOESR_IR/Irma2ndRI/radiance_d03_201709040900_so
Dealing with file(s) at DAtime: 201709041000
  min of xlong: -56.4475, max of xlong: -48.0191
  min of xlat: 12.463, max of xlat: 21.2703
  File: ../../raw_Obs/Collected_IR/Irma2ndRI/DAt201709041000_GOESR_ABI_L2_CMIPF_CH8.nc
  Output processed GOESR obs file: ../../toEnKFobs/GOESR_IR/Irma2ndRI/radiance_d03_201709041000_so
Dealing with file(s) at DAtime: 201709041100
  min of xlong: -56.6309, max of xlong: -48.2025
  min of xlat: 12.4305, max of xlat: 21.2362
  File: ../../raw_Obs/Collected_IR/Irma2ndRI/DAt201709041100_GOESR_ABI_L2_CMIPF_CH8.nc
  Output processed GOESR obs file: ../../toEnKFobs/GOESR_IR/Irma2ndRI/radiance_d03_201709041100_so
Dealing with file(s) at DAtime: 201709041200
  min of xlong: -56.8142, max of xlong: -48.3858
  min of xlat: 12.3979, max of xlat: 21.2021
  File: ../../raw_Obs/Collected_IR/Irma2ndRI/DAt201709041200_GOESR_ABI_L2_CMIPF_CH8.nc
  Output processed GOESR obs file: ../../toEnKFobs/GOESR_IR/Irma2ndRI/radiance_d03_201709041200_so
Dealing with file(s) at DAtime: 201709041300
  min of xlong: -57.0309, max of xlong: -48.6025
  min of xlat: 12.3816, max of xlat: 21.185
  File: ../../raw_Obs/Collected_IR/Irma2ndRI/DAt201709041300_GOESR_ABI_L2_CMIPF_CH8.nc
  Output processed GOESR obs file: ../../toEnKFobs/GOESR_IR/Irma2ndRI/radiance_d03_201709041300_so
Dealing with file(s) at DAtime: 201709041400
  min of xlong: -57.2475, max of xlong: -48.8191
  min of xlat: 12.3654, max of xlat: 21.168
  File: ../../raw_Obs/Collected_IR/Irma2ndRI/DAt201709041400_GOESR_ABI_L2_CMIPF_CH8.nc
  Output processed GOESR obs file: ../../toEnKFobs/GOESR_IR/Irma2ndRI/radiance_d03_201709041400_so
Dealing with file(s) at DAtime: 201709041500
  min of xlong: -57.4642, max of xlong: -49.0358
  min of xlat: 12.3491, max of xlat: 21.1509
  File: ../../raw_Obs/Collected_IR/Irma2ndRI/DAt201709041500_GOESR_ABI_L2_CMIPF_CH8.nc
  Output processed GOESR obs file: ../../toEnKFobs/GOESR_IR/Irma2ndRI/radiance_d03_201709041500_so
Dealing with file(s) at DAtime: 201709041600
  min of xlong: -57.6809, max of xlong: -49.2525
  min of xlat: 12.3328, max of xlat: 21.1339
  File: ../../raw_Obs/Collected_IR/Irma2ndRI/DAt201709041600_GOESR_ABI_L2_CMIPF_CH8.nc
  Output processed GOESR obs file: ../../toEnKFobs/GOESR_IR/Irma2ndRI/radiance_d03_201709041600_so
Dealing with file(s) at DAtime: 201709041700
  min of xlong: -57.8975, max of xlong: -49.4691
  min of xlat: 12.3165, max of xlat: 21.1168
  File: ../../raw_Obs/Collected_IR/Irma2ndRI/DAt201709041700_GOESR_ABI_L2_CMIPF_CH8.nc
  Output processed GOESR obs file: ../../toEnKFobs/GOESR_IR/Irma2ndRI/radiance_d03_201709041700_so
Dealing with file(s) at DAtime: 201709041800
  min of xlong: -58.1142, max of xlong: -49.6858
  min of xlat: 12.3002, max of xlat: 21.0998
  File: ../../raw_Obs/Collected_IR/Irma2ndRI/DAt201709041800_GOESR_ABI_L2_CMIPF_CH8.nc
  Output processed GOESR obs file: ../../toEnKFobs/GOESR_IR/Irma2ndRI/radiance_d03_201709041800_so
Dealing with file(s) at DAtime: 201709041900
  min of xlong: -58.3142, max of xlong: -49.8858
  min of xlat: 12.284, max of xlat: 21.0827
  File: ../../raw_Obs/Collected_IR/Irma2ndRI/DAt201709041900_GOESR_ABI_L2_CMIPF_CH8.nc
  Output processed GOESR obs file: ../../toEnKFobs/GOESR_IR/Irma2ndRI/radiance_d03_201709041900_so
Dealing with file(s) at DAtime: 201709042000
  min of xlong: -58.5142, max of xlong: -50.0858
  min of xlat: 12.2677, max of xlat: 21.0657
  File: ../../raw_Obs/Collected_IR/Irma2ndRI/DAt201709042000_GOESR_ABI_L2_CMIPF_CH8.nc
  Output processed GOESR obs file: ../../toEnKFobs/GOESR_IR/Irma2ndRI/radiance_d03_201709042000_so
Dealing with file(s) at DAtime: 201709042100
  min of xlong: -58.7142, max of xlong: -50.2858
  min of xlat: 12.2514, max of xlat: 21.0486
  File: ../../raw_Obs/Collected_IR/Irma2ndRI/DAt201709042100_GOESR_ABI_L2_CMIPF_CH8.nc
  Output processed GOESR obs file: ../../toEnKFobs/GOESR_IR/Irma2ndRI/radiance_d03_201709042100_so
Dealing with file(s) at DAtime: 201709042200
  min of xlong: -58.9142, max of xlong: -50.4858
  min of xlat: 12.2351, max of xlat: 21.0316
  File: ../../raw_Obs/Collected_IR/Irma2ndRI/DAt201709042200_GOESR_ABI_L2_CMIPF_CH8.nc
  Output processed GOESR obs file: ../../toEnKFobs/GOESR_IR/Irma2ndRI/radiance_d03_201709042200_so
Dealing with file(s) at DAtime: 201709042300
  min of xlong: -59.1142, max of xlong: -50.6858
  min of xlat: 12.2188, max of xlat: 21.0145
  File: ../../raw_Obs/Collected_IR/Irma2ndRI/DAt201709042300_GOESR_ABI_L2_CMIPF_CH8.nc
  Output processed GOESR obs file: ../../toEnKFobs/GOESR_IR/Irma2ndRI/radiance_d03_201709042300_so
Dealing with file(s) at DAtime: 201709050000
  min of xlong: -59.3142, max of xlong: -50.8858
  min of xlat: 12.2025, max of xlat: 20.9975
  File: ../../raw_Obs/Collected_IR/Irma2ndRI/DAt201709050000_GOESR_ABI_L2_CMIPF_CH8.nc
  Output processed GOESR obs file: ../../toEnKFobs/GOESR_IR/Irma2ndRI/radiance_d03_201709050000_so
Dealing with file(s) at DAtime: 201709050100
  min of xlong: -59.5309, max of xlong: -51.1025
  min of xlat: 12.2025, max of xlat: 20.9975
  File: ../../raw_Obs/Collected_IR/Irma2ndRI/DAt201709050100_GOESR_ABI_L2_CMIPF_CH8.nc
  Output processed GOESR obs file: ../../toEnKFobs/GOESR_IR/Irma2ndRI/radiance_d03_201709050100_so
Dealing with file(s) at DAtime: 201709050200
  min of xlong: -59.7475, max of xlong: -51.3191
  min of xlat: 12.2025, max of xlat: 20.9975
  File: ../../raw_Obs/Collected_IR/Irma2ndRI/DAt201709050200_GOESR_ABI_L2_CMIPF_CH8.nc
  Output processed GOESR obs file: ../../toEnKFobs/GOESR_IR/Irma2ndRI/radiance_d03_201709050200_so
Dealing with file(s) at DAtime: 201709050300
  min of xlong: -59.9642, max of xlong: -51.5358
  min of xlat: 12.2025, max of xlat: 20.9975
  File: ../../raw_Obs/Collected_IR/Irma2ndRI/DAt201709050300_GOESR_ABI_L2_CMIPF_CH8.nc
  Output processed GOESR obs file: ../../toEnKFobs/GOESR_IR/Irma2ndRI/radiance_d03_201709050300_so
Dealing with file(s) at DAtime: 201709050400
  min of xlong: -60.1809, max of xlong: -51.7525
  min of xlat: 12.2025, max of xlat: 20.9975
  File: ../../raw_Obs/Collected_IR/Irma2ndRI/DAt201709050400_GOESR_ABI_L2_CMIPF_CH8.nc
  Output processed GOESR obs file: ../../toEnKFobs/GOESR_IR/Irma2ndRI/radiance_d03_201709050400_so
Dealing with file(s) at DAtime: 201709050500
  min of xlong: -60.3975, max of xlong: -51.9691
  min of xlat: 12.2025, max of xlat: 20.9975
  File: ../../raw_Obs/Collected_IR/Irma2ndRI/DAt201709050500_GOESR_ABI_L2_CMIPF_CH8.nc
  Output processed GOESR obs file: ../../toEnKFobs/GOESR_IR/Irma2ndRI/radiance_d03_201709050500_so
Dealing with file(s) at DAtime: 201709050600
  min of xlong: -60.6142, max of xlong: -52.1858
  min of xlat: 12.2025, max of xlat: 20.9975
  File: ../../raw_Obs/Collected_IR/Irma2ndRI/DAt201709050600_GOESR_ABI_L2_CMIPF_CH8.nc
  Output processed GOESR obs file: ../../toEnKFobs/GOESR_IR/Irma2ndRI/radiance_d03_201709050600_so
