MATLAB is selecting SOFTWARE OPENGL rendering.
Successfully created a subdirectory in ../../toEnKFobs/GOESR_IR/ for JoseRI
Output hourly best-track location and time: ../../toEnKFobs/GOESR_IR/JoseRI/bestrack_perHour
Collecting useful GOES-R obs files for this study......
  Successfully created a subdirectory in ../../raw_Obs/Collected_IR/ for JoseRI
  Examining Tb file: ../../raw_Obs/GOESR_IR/JoseRI/CH8/OR_ABI-L2-CMIPF-M3C08_G16_s20172480600347_e20172480611114_c20172480611179.nc
  OR_ABI-L2-CMIPF-M3C08_G16_s20172480600347_e20172480611114_c20172480611179.nc is collected.
  Examining Tb file: ../../raw_Obs/GOESR_IR/JoseRI/CH8/OR_ABI-L2-CMIPF-M3C08_G16_s20172480615345_e20172480626112_c20172480626182.nc
  Examining Tb file: ../../raw_Obs/GOESR_IR/JoseRI/CH8/OR_ABI-L2-CMIPF-M3C08_G16_s20172480630345_e20172480641112_c20172480641178.nc
  Examining Tb file: ../../raw_Obs/GOESR_IR/JoseRI/CH8/OR_ABI-L2-CMIPF-M3C08_G16_s20172480645345_e20172480656112_c20172480656175.nc
  Examining Tb file: ../../raw_Obs/GOESR_IR/JoseRI/CH8/OR_ABI-L2-CMIPF-M3C08_G16_s20172480700345_e20172480711112_c20172480711181.nc
  OR_ABI-L2-CMIPF-M3C08_G16_s20172480700345_e20172480711112_c20172480711181.nc is collected.
  Examining Tb file: ../../raw_Obs/GOESR_IR/JoseRI/CH8/OR_ABI-L2-CMIPF-M3C08_G16_s20172480715345_e20172480726112_c20172480726190.nc
  Examining Tb file: ../../raw_Obs/GOESR_IR/JoseRI/CH8/OR_ABI-L2-CMIPF-M3C08_G16_s20172480730345_e20172480741112_c20172480741179.nc
  Examining Tb file: ../../raw_Obs/GOESR_IR/JoseRI/CH8/OR_ABI-L2-CMIPF-M3C08_G16_s20172480745345_e20172480756112_c20172480756177.nc
  Examining Tb file: ../../raw_Obs/GOESR_IR/JoseRI/CH8/OR_ABI-L2-CMIPF-M3C08_G16_s20172480800345_e20172480811112_c20172480811181.nc
  OR_ABI-L2-CMIPF-M3C08_G16_s20172480800345_e20172480811112_c20172480811181.nc is collected.
  Examining Tb file: ../../raw_Obs/GOESR_IR/JoseRI/CH8/OR_ABI-L2-CMIPF-M3C08_G16_s20172480815345_e20172480826112_c20172480826186.nc
  Examining Tb file: ../../raw_Obs/GOESR_IR/JoseRI/CH8/OR_ABI-L2-CMIPF-M3C08_G16_s20172480830345_e20172480841112_c20172480841176.nc
  Examining Tb file: ../../raw_Obs/GOESR_IR/JoseRI/CH8/OR_ABI-L2-CMIPF-M3C08_G16_s20172480845345_e20172480856112_c20172480856181.nc
  Examining Tb file: ../../raw_Obs/GOESR_IR/JoseRI/CH8/OR_ABI-L2-CMIPF-M3C08_G16_s20172480900345_e20172480911112_c20172480911181.nc
  OR_ABI-L2-CMIPF-M3C08_G16_s20172480900345_e20172480911112_c20172480911181.nc is collected.
  Examining Tb file: ../../raw_Obs/GOESR_IR/JoseRI/CH8/OR_ABI-L2-CMIPF-M3C08_G16_s20172480915345_e20172480926112_c20172480926183.nc
  Examining Tb file: ../../raw_Obs/GOESR_IR/JoseRI/CH8/OR_ABI-L2-CMIPF-M3C08_G16_s20172480930345_e20172480941112_c20172480941181.nc
  Examining Tb file: ../../raw_Obs/GOESR_IR/JoseRI/CH8/OR_ABI-L2-CMIPF-M3C08_G16_s20172480945345_e20172480956112_c20172480956178.nc
  Examining Tb file: ../../raw_Obs/GOESR_IR/JoseRI/CH8/OR_ABI-L2-CMIPF-M3C08_G16_s20172481000345_e20172481011112_c20172481011178.nc
  OR_ABI-L2-CMIPF-M3C08_G16_s20172481000345_e20172481011112_c20172481011178.nc is collected.
  Examining Tb file: ../../raw_Obs/GOESR_IR/JoseRI/CH8/OR_ABI-L2-CMIPF-M3C08_G16_s20172481015345_e20172481026112_c20172481026183.nc
  Examining Tb file: ../../raw_Obs/GOESR_IR/JoseRI/CH8/OR_ABI-L2-CMIPF-M3C08_G16_s20172481030345_e20172481041112_c20172481041179.nc
  Examining Tb file: ../../raw_Obs/GOESR_IR/JoseRI/CH8/OR_ABI-L2-CMIPF-M3C08_G16_s20172481045345_e20172481056112_c20172481056181.nc
  Examining Tb file: ../../raw_Obs/GOESR_IR/JoseRI/CH8/OR_ABI-L2-CMIPF-M3C08_G16_s20172481100345_e20172481111112_c20172481111178.nc
  OR_ABI-L2-CMIPF-M3C08_G16_s20172481100345_e20172481111112_c20172481111178.nc is collected.
  Examining Tb file: ../../raw_Obs/GOESR_IR/JoseRI/CH8/OR_ABI-L2-CMIPF-M3C08_G16_s20172481115345_e20172481126112_c20172481126182.nc
  Examining Tb file: ../../raw_Obs/GOESR_IR/JoseRI/CH8/OR_ABI-L2-CMIPF-M3C08_G16_s20172481130345_e20172481141112_c20172481141177.nc
  Examining Tb file: ../../raw_Obs/GOESR_IR/JoseRI/CH8/OR_ABI-L2-CMIPF-M3C08_G16_s20172481145345_e20172481156112_c20172481156176.nc
  Examining Tb file: ../../raw_Obs/GOESR_IR/JoseRI/CH8/OR_ABI-L2-CMIPF-M3C08_G16_s20172481200345_e20172481211112_c20172481211179.nc
  OR_ABI-L2-CMIPF-M3C08_G16_s20172481200345_e20172481211112_c20172481211179.nc is collected.
  Examining Tb file: ../../raw_Obs/GOESR_IR/JoseRI/CH8/OR_ABI-L2-CMIPF-M3C08_G16_s20172481215345_e20172481226112_c20172481226180.nc
  Examining Tb file: ../../raw_Obs/GOESR_IR/JoseRI/CH8/OR_ABI-L2-CMIPF-M3C08_G16_s20172481230345_e20172481241112_c20172481241182.nc
  Examining Tb file: ../../raw_Obs/GOESR_IR/JoseRI/CH8/OR_ABI-L2-CMIPF-M3C08_G16_s20172481245345_e20172481256112_c20172481256180.nc
  Examining Tb file: ../../raw_Obs/GOESR_IR/JoseRI/CH8/OR_ABI-L2-CMIPF-M3C08_G16_s20172481300345_e20172481311112_c20172481311180.nc
  OR_ABI-L2-CMIPF-M3C08_G16_s20172481300345_e20172481311112_c20172481311180.nc is collected.
  Examining Tb file: ../../raw_Obs/GOESR_IR/JoseRI/CH8/OR_ABI-L2-CMIPF-M3C08_G16_s20172481315345_e20172481326112_c20172481326179.nc
  Examining Tb file: ../../raw_Obs/GOESR_IR/JoseRI/CH8/OR_ABI-L2-CMIPF-M3C08_G16_s20172481330345_e20172481341112_c20172481341181.nc
  Examining Tb file: ../../raw_Obs/GOESR_IR/JoseRI/CH8/OR_ABI-L2-CMIPF-M3C08_G16_s20172481345345_e20172481356112_c20172481356181.nc
  Examining Tb file: ../../raw_Obs/GOESR_IR/JoseRI/CH8/OR_ABI-L2-CMIPF-M3C08_G16_s20172481400345_e20172481411112_c20172481411181.nc
  OR_ABI-L2-CMIPF-M3C08_G16_s20172481400345_e20172481411112_c20172481411181.nc is collected.
  Examining Tb file: ../../raw_Obs/GOESR_IR/JoseRI/CH8/OR_ABI-L2-CMIPF-M3C08_G16_s20172481415345_e20172481426112_c20172481426185.nc
  Examining Tb file: ../../raw_Obs/GOESR_IR/JoseRI/CH8/OR_ABI-L2-CMIPF-M3C08_G16_s20172481430345_e20172481441112_c20172481441180.nc
  Examining Tb file: ../../raw_Obs/GOESR_IR/JoseRI/CH8/OR_ABI-L2-CMIPF-M3C08_G16_s20172481445345_e20172481456112_c20172481456178.nc
  Examining Tb file: ../../raw_Obs/GOESR_IR/JoseRI/CH8/OR_ABI-L2-CMIPF-M3C08_G16_s20172481500345_e20172481511112_c20172481511176.nc
  OR_ABI-L2-CMIPF-M3C08_G16_s20172481500345_e20172481511112_c20172481511176.nc is collected.
  Examining Tb file: ../../raw_Obs/GOESR_IR/JoseRI/CH8/OR_ABI-L2-CMIPF-M3C08_G16_s20172481515345_e20172481526112_c20172481526184.nc
  Examining Tb file: ../../raw_Obs/GOESR_IR/JoseRI/CH8/OR_ABI-L2-CMIPF-M3C08_G16_s20172481530345_e20172481541112_c20172481541180.nc
  Examining Tb file: ../../raw_Obs/GOESR_IR/JoseRI/CH8/OR_ABI-L2-CMIPF-M3C08_G16_s20172481545345_e20172481556112_c20172481556180.nc
  Examining Tb file: ../../raw_Obs/GOESR_IR/JoseRI/CH8/OR_ABI-L2-CMIPF-M3C08_G16_s20172481600345_e20172481611112_c20172481611178.nc
  OR_ABI-L2-CMIPF-M3C08_G16_s20172481600345_e20172481611112_c20172481611178.nc is collected.
  Examining Tb file: ../../raw_Obs/GOESR_IR/JoseRI/CH8/OR_ABI-L2-CMIPF-M3C08_G16_s20172481615346_e20172481626112_c20172481626187.nc
  Examining Tb file: ../../raw_Obs/GOESR_IR/JoseRI/CH8/OR_ABI-L2-CMIPF-M3C08_G16_s20172481630346_e20172481641113_c20172481641176.nc
  Examining Tb file: ../../raw_Obs/GOESR_IR/JoseRI/CH8/OR_ABI-L2-CMIPF-M3C08_G16_s20172481645346_e20172481656113_c20172481656177.nc
  Examining Tb file: ../../raw_Obs/GOESR_IR/JoseRI/CH8/OR_ABI-L2-CMIPF-M3C08_G16_s20172481700346_e20172481711113_c20172481711179.nc
  OR_ABI-L2-CMIPF-M3C08_G16_s20172481700346_e20172481711113_c20172481711179.nc is collected.
  Examining Tb file: ../../raw_Obs/GOESR_IR/JoseRI/CH8/OR_ABI-L2-CMIPF-M3C08_G16_s20172481715346_e20172481726113_c20172481726186.nc
  Examining Tb file: ../../raw_Obs/GOESR_IR/JoseRI/CH8/OR_ABI-L2-CMIPF-M3C08_G16_s20172481730346_e20172481741113_c20172481741178.nc
  Examining Tb file: ../../raw_Obs/GOESR_IR/JoseRI/CH8/OR_ABI-L2-CMIPF-M3C08_G16_s20172481745346_e20172481756113_c20172481756177.nc
  Examining Tb file: ../../raw_Obs/GOESR_IR/JoseRI/CH8/OR_ABI-L2-CMIPF-M3C08_G16_s20172481800344_e20172481811111_c20172481811172.nc
  OR_ABI-L2-CMIPF-M3C08_G16_s20172481800344_e20172481811111_c20172481811172.nc is collected.
  Examining Tb file: ../../raw_Obs/GOESR_IR/JoseRI/CH8/OR_ABI-L2-CMIPF-M3C08_G16_s20172481815344_e20172481826111_c20172481826200.nc
  Examining Tb file: ../../raw_Obs/GOESR_IR/JoseRI/CH8/OR_ABI-L2-CMIPF-M3C08_G16_s20172481830344_e20172481841111_c20172481841175.nc
  Examining Tb file: ../../raw_Obs/GOESR_IR/JoseRI/CH8/OR_ABI-L2-CMIPF-M3C08_G16_s20172481845344_e20172481856111_c20172481856178.nc
  Examining Tb file: ../../raw_Obs/GOESR_IR/JoseRI/CH8/OR_ABI-L2-CMIPF-M3C08_G16_s20172481900344_e20172481911111_c20172481911178.nc
  OR_ABI-L2-CMIPF-M3C08_G16_s20172481900344_e20172481911111_c20172481911178.nc is collected.
  Examining Tb file: ../../raw_Obs/GOESR_IR/JoseRI/CH8/OR_ABI-L2-CMIPF-M3C08_G16_s20172481915344_e20172481926111_c20172481926182.nc
  Examining Tb file: ../../raw_Obs/GOESR_IR/JoseRI/CH8/OR_ABI-L2-CMIPF-M3C08_G16_s20172481930344_e20172481941111_c20172481941175.nc
  Examining Tb file: ../../raw_Obs/GOESR_IR/JoseRI/CH8/OR_ABI-L2-CMIPF-M3C08_G16_s20172481945345_e20172481956111_c20172481956180.nc
  Examining Tb file: ../../raw_Obs/GOESR_IR/JoseRI/CH8/OR_ABI-L2-CMIPF-M3C08_G16_s20172482000345_e20172482011112_c20172482011181.nc
  OR_ABI-L2-CMIPF-M3C08_G16_s20172482000345_e20172482011112_c20172482011181.nc is collected.
  Examining Tb file: ../../raw_Obs/GOESR_IR/JoseRI/CH8/OR_ABI-L2-CMIPF-M3C08_G16_s20172482015345_e20172482026112_c20172482026184.nc
  Examining Tb file: ../../raw_Obs/GOESR_IR/JoseRI/CH8/OR_ABI-L2-CMIPF-M3C08_G16_s20172482030345_e20172482041112_c20172482041181.nc
  Examining Tb file: ../../raw_Obs/GOESR_IR/JoseRI/CH8/OR_ABI-L2-CMIPF-M3C08_G16_s20172482045345_e20172482056112_c20172482056176.nc
  Examining Tb file: ../../raw_Obs/GOESR_IR/JoseRI/CH8/OR_ABI-L2-CMIPF-M3C08_G16_s20172482100345_e20172482111112_c20172482111181.nc
  OR_ABI-L2-CMIPF-M3C08_G16_s20172482100345_e20172482111112_c20172482111181.nc is collected.
  Examining Tb file: ../../raw_Obs/GOESR_IR/JoseRI/CH8/OR_ABI-L2-CMIPF-M3C08_G16_s20172482115345_e20172482126112_c20172482126181.nc
  Examining Tb file: ../../raw_Obs/GOESR_IR/JoseRI/CH8/OR_ABI-L2-CMIPF-M3C08_G16_s20172482130345_e20172482141112_c20172482141180.nc
  Examining Tb file: ../../raw_Obs/GOESR_IR/JoseRI/CH8/OR_ABI-L2-CMIPF-M3C08_G16_s20172482145345_e20172482156112_c20172482156181.nc
  Examining Tb file: ../../raw_Obs/GOESR_IR/JoseRI/CH8/OR_ABI-L2-CMIPF-M3C08_G16_s20172482200345_e20172482211112_c20172482211181.nc
  OR_ABI-L2-CMIPF-M3C08_G16_s20172482200345_e20172482211112_c20172482211181.nc is collected.
  Examining Tb file: ../../raw_Obs/GOESR_IR/JoseRI/CH8/OR_ABI-L2-CMIPF-M3C08_G16_s20172482215346_e20172482226112_c20172482226185.nc
  Examining Tb file: ../../raw_Obs/GOESR_IR/JoseRI/CH8/OR_ABI-L2-CMIPF-M3C08_G16_s20172482230346_e20172482241112_c20172482241179.nc
  Examining Tb file: ../../raw_Obs/GOESR_IR/JoseRI/CH8/OR_ABI-L2-CMIPF-M3C08_G16_s20172482245346_e20172482256112_c20172482256180.nc
  Examining Tb file: ../../raw_Obs/GOESR_IR/JoseRI/CH8/OR_ABI-L2-CMIPF-M3C08_G16_s20172482300346_e20172482311113_c20172482311183.nc
  OR_ABI-L2-CMIPF-M3C08_G16_s20172482300346_e20172482311113_c20172482311183.nc is collected.
  Examining Tb file: ../../raw_Obs/GOESR_IR/JoseRI/CH8/OR_ABI-L2-CMIPF-M3C08_G16_s20172482315346_e20172482326113_c20172482326182.nc
  Examining Tb file: ../../raw_Obs/GOESR_IR/JoseRI/CH8/OR_ABI-L2-CMIPF-M3C08_G16_s20172482330346_e20172482341113_c20172482341176.nc
  Examining Tb file: ../../raw_Obs/GOESR_IR/JoseRI/CH8/OR_ABI-L2-CMIPF-M3C08_G16_s20172482345346_e20172482356113_c20172482356175.nc
  Examining Tb file: ../../raw_Obs/GOESR_IR/JoseRI/CH8/OR_ABI-L2-CMIPF-M3C08_G16_s20172490000346_e20172490011113_c20172490011179.nc
  OR_ABI-L2-CMIPF-M3C08_G16_s20172490000346_e20172490011113_c20172490011179.nc is collected.
  Examining Tb file: ../../raw_Obs/GOESR_IR/JoseRI/CH8/OR_ABI-L2-CMIPF-M3C08_G16_s20172490015346_e20172490026113_c20172490026185.nc
  Examining Tb file: ../../raw_Obs/GOESR_IR/JoseRI/CH8/OR_ABI-L2-CMIPF-M3C08_G16_s20172490030346_e20172490041113_c20172490041182.nc
  Examining Tb file: ../../raw_Obs/GOESR_IR/JoseRI/CH8/OR_ABI-L2-CMIPF-M3C08_G16_s20172490045346_e20172490056113_c20172490056179.nc
  Examining Tb file: ../../raw_Obs/GOESR_IR/JoseRI/CH8/OR_ABI-L2-CMIPF-M3C08_G16_s20172490100347_e20172490111113_c20172490111177.nc
  OR_ABI-L2-CMIPF-M3C08_G16_s20172490100347_e20172490111113_c20172490111177.nc is collected.
  Examining Tb file: ../../raw_Obs/GOESR_IR/JoseRI/CH8/OR_ABI-L2-CMIPF-M3C08_G16_s20172490115347_e20172490126113_c20172490126184.nc
  Examining Tb file: ../../raw_Obs/GOESR_IR/JoseRI/CH8/OR_ABI-L2-CMIPF-M3C08_G16_s20172490130347_e20172490141113_c20172490141180.nc
  Examining Tb file: ../../raw_Obs/GOESR_IR/JoseRI/CH8/OR_ABI-L2-CMIPF-M3C08_G16_s20172490145347_e20172490156114_c20172490156174.nc
  Examining Tb file: ../../raw_Obs/GOESR_IR/JoseRI/CH8/OR_ABI-L2-CMIPF-M3C08_G16_s20172490200347_e20172490211114_c20172490211175.nc
  OR_ABI-L2-CMIPF-M3C08_G16_s20172490200347_e20172490211114_c20172490211175.nc is collected.
  Examining Tb file: ../../raw_Obs/GOESR_IR/JoseRI/CH8/OR_ABI-L2-CMIPF-M3C08_G16_s20172490215347_e20172490226114_c20172490226184.nc
  Examining Tb file: ../../raw_Obs/GOESR_IR/JoseRI/CH8/OR_ABI-L2-CMIPF-M3C08_G16_s20172490230347_e20172490241114_c20172490241181.nc
  Examining Tb file: ../../raw_Obs/GOESR_IR/JoseRI/CH8/OR_ABI-L2-CMIPF-M3C08_G16_s20172490245347_e20172490256114_c20172490256180.nc
  Examining Tb file: ../../raw_Obs/GOESR_IR/JoseRI/CH8/OR_ABI-L2-CMIPF-M3C08_G16_s20172490300347_e20172490311114_c20172490311182.nc
  OR_ABI-L2-CMIPF-M3C08_G16_s20172490300347_e20172490311114_c20172490311182.nc is collected.
  Examining Tb file: ../../raw_Obs/GOESR_IR/JoseRI/CH8/OR_ABI-L2-CMIPF-M3C08_G16_s20172490315347_e20172490326114_c20172490326187.nc
  Examining Tb file: ../../raw_Obs/GOESR_IR/JoseRI/CH8/OR_ABI-L2-CMIPF-M3C08_G16_s20172490330347_e20172490341114_c20172490341180.nc
  Examining Tb file: ../../raw_Obs/GOESR_IR/JoseRI/CH8/OR_ABI-L2-CMIPF-M3C08_G16_s20172490345347_e20172490356114_c20172490356180.nc
  Examining Tb file: ../../raw_Obs/GOESR_IR/JoseRI/CH8/OR_ABI-L2-CMIPF-M3C08_G16_s20172490400348_e20172490411114_c20172490411179.nc
  OR_ABI-L2-CMIPF-M3C08_G16_s20172490400348_e20172490411114_c20172490411179.nc is collected.
  Examining Tb file: ../../raw_Obs/GOESR_IR/JoseRI/CH8/OR_ABI-L2-CMIPF-M3C08_G16_s20172490415348_e20172490426114_c20172490426188.nc
  Examining Tb file: ../../raw_Obs/GOESR_IR/JoseRI/CH8/OR_ABI-L2-CMIPF-M3C08_G16_s20172490430348_e20172490441115_c20172490441181.nc
  Examining Tb file: ../../raw_Obs/GOESR_IR/JoseRI/CH8/OR_ABI-L2-CMIPF-M3C08_G16_s20172490445348_e20172490456115_c20172490456184.nc
  Examining Tb file: ../../raw_Obs/GOESR_IR/JoseRI/CH8/OR_ABI-L2-CMIPF-M3C08_G16_s20172490500348_e20172490511115_c20172490511174.nc
  OR_ABI-L2-CMIPF-M3C08_G16_s20172490500348_e20172490511115_c20172490511174.nc is collected.
  Examining Tb file: ../../raw_Obs/GOESR_IR/JoseRI/CH8/OR_ABI-L2-CMIPF-M3C08_G16_s20172490515348_e20172490526115_c20172490526180.nc
  Examining Tb file: ../../raw_Obs/GOESR_IR/JoseRI/CH8/OR_ABI-L2-CMIPF-M3C08_G16_s20172490530353_e20172490541115_c20172490541181.nc
  Examining Tb file: ../../raw_Obs/GOESR_IR/JoseRI/CH8/OR_ABI-L2-CMIPF-M3C08_G16_s20172490545348_e20172490556115_c20172490556184.nc
  Examining Tb file: ../../raw_Obs/GOESR_IR/JoseRI/CH8/OR_ABI-L2-CMIPF-M3C08_G16_s20172490600350_e20172490611117_c20172490611182.nc
  OR_ABI-L2-CMIPF-M3C08_G16_s20172490600350_e20172490611117_c20172490611182.nc is collected.
  Examining Tb file: ../../raw_Obs/GOESR_IR/JoseRI/CH8/OR_ABI-L2-CMIPF-M3C08_G16_s20172490615351_e20172490626117_c20172490626186.nc
  Examining Tb file: ../../raw_Obs/GOESR_IR/JoseRI/CH8/OR_ABI-L2-CMIPF-M3C08_G16_s20172490630351_e20172490641117_c20172490641188.nc
  Examining Tb file: ../../raw_Obs/GOESR_IR/JoseRI/CH8/OR_ABI-L2-CMIPF-M3C08_G16_s20172490645351_e20172490656117_c20172490656185.nc
  Examining Tb file: ../../raw_Obs/GOESR_IR/JoseRI/CH8/OR_ABI-L2-CMIPF-M3C08_G16_s20172490700351_e20172490711118_c20172490711184.nc
  OR_ABI-L2-CMIPF-M3C08_G16_s20172490700351_e20172490711118_c20172490711184.nc is collected.
  Examining Tb file: ../../raw_Obs/GOESR_IR/JoseRI/CH8/OR_ABI-L2-CMIPF-M3C08_G16_s20172490715351_e20172490726118_c20172490726186.nc
  Examining Tb file: ../../raw_Obs/GOESR_IR/JoseRI/CH8/OR_ABI-L2-CMIPF-M3C08_G16_s20172490730351_e20172490741118_c20172490741183.nc
  Examining Tb file: ../../raw_Obs/GOESR_IR/JoseRI/CH8/OR_ABI-L2-CMIPF-M3C08_G16_s20172490745351_e20172490756118_c20172490756184.nc
  Examining Tb file: ../../raw_Obs/GOESR_IR/JoseRI/CH8/OR_ABI-L2-CMIPF-M3C08_G16_s20172490800351_e20172490811118_c20172490811184.nc
  OR_ABI-L2-CMIPF-M3C08_G16_s20172490800351_e20172490811118_c20172490811184.nc is collected.
  Examining Tb file: ../../raw_Obs/GOESR_IR/JoseRI/CH8/OR_ABI-L2-CMIPF-M3C08_G16_s20172490815351_e20172490826118_c20172490826189.nc
  Examining Tb file: ../../raw_Obs/GOESR_IR/JoseRI/CH8/OR_ABI-L2-CMIPF-M3C08_G16_s20172490830351_e20172490841118_c20172490841187.nc
  Examining Tb file: ../../raw_Obs/GOESR_IR/JoseRI/CH8/OR_ABI-L2-CMIPF-M3C08_G16_s20172490845351_e20172490856118_c20172490856177.nc
  Examining Tb file: ../../raw_Obs/GOESR_IR/JoseRI/CH8/OR_ABI-L2-CMIPF-M3C08_G16_s20172490900351_e20172490911118_c20172490911185.nc
  OR_ABI-L2-CMIPF-M3C08_G16_s20172490900351_e20172490911118_c20172490911185.nc is collected.
  Examining Tb file: ../../raw_Obs/GOESR_IR/JoseRI/CH8/OR_ABI-L2-CMIPF-M3C08_G16_s20172490915351_e20172490926118_c20172490926188.nc
  Examining Tb file: ../../raw_Obs/GOESR_IR/JoseRI/CH8/OR_ABI-L2-CMIPF-M3C08_G16_s20172490930351_e20172490941118_c20172490941183.nc
  Examining Tb file: ../../raw_Obs/GOESR_IR/JoseRI/CH8/OR_ABI-L2-CMIPF-M3C08_G16_s20172490945352_e20172490956118_c20172490956181.nc
  Examining Tb file: ../../raw_Obs/GOESR_IR/JoseRI/CH8/OR_ABI-L2-CMIPF-M3C08_G16_s20172491000352_e20172491011118_c20172491011186.nc
  OR_ABI-L2-CMIPF-M3C08_G16_s20172491000352_e20172491011118_c20172491011186.nc is collected.
  Examining Tb file: ../../raw_Obs/GOESR_IR/JoseRI/CH8/OR_ABI-L2-CMIPF-M3C08_G16_s20172491015352_e20172491026119_c20172491026190.nc
  Examining Tb file: ../../raw_Obs/GOESR_IR/JoseRI/CH8/OR_ABI-L2-CMIPF-M3C08_G16_s20172491030352_e20172491041119_c20172491041183.nc
  Examining Tb file: ../../raw_Obs/GOESR_IR/JoseRI/CH8/OR_ABI-L2-CMIPF-M3C08_G16_s20172491045352_e20172491056119_c20172491056189.nc
  Examining Tb file: ../../raw_Obs/GOESR_IR/JoseRI/CH8/OR_ABI-L2-CMIPF-M3C08_G16_s20172491100352_e20172491111119_c20172491111186.nc
  OR_ABI-L2-CMIPF-M3C08_G16_s20172491100352_e20172491111119_c20172491111186.nc is collected.
  Examining Tb file: ../../raw_Obs/GOESR_IR/JoseRI/CH8/OR_ABI-L2-CMIPF-M3C08_G16_s20172491115352_e20172491126119_c20172491126187.nc
  Examining Tb file: ../../raw_Obs/GOESR_IR/JoseRI/CH8/OR_ABI-L2-CMIPF-M3C08_G16_s20172491130352_e20172491141119_c20172491141186.nc
  Examining Tb file: ../../raw_Obs/GOESR_IR/JoseRI/CH8/OR_ABI-L2-CMIPF-M3C08_G16_s20172491145352_e20172491156119_c20172491156184.nc
  Examining Tb file: ../../raw_Obs/GOESR_IR/JoseRI/CH8/OR_ABI-L2-CMIPF-M3C08_G16_s20172491200352_e20172491211119_c20172491211182.nc
  OR_ABI-L2-CMIPF-M3C08_G16_s20172491200352_e20172491211119_c20172491211182.nc is collected.
  Examining Tb file: ../../raw_Obs/GOESR_IR/JoseRI/CH8/OR_ABI-L2-CMIPF-M3C08_G16_s20172491215352_e20172491226119_c20172491230455.nc
  Examining Tb file: ../../raw_Obs/GOESR_IR/JoseRI/CH8/OR_ABI-L2-CMIPF-M3C08_G16_s20172491230352_e20172491241119_c20172491241184.nc
  Examining Tb file: ../../raw_Obs/GOESR_IR/JoseRI/CH8/OR_ABI-L2-CMIPF-M3C08_G16_s20172491245352_e20172491256119_c20172491256182.nc
  Examining Tb file: ../../raw_Obs/GOESR_IR/JoseRI/CH8/OR_ABI-L2-CMIPF-M3C08_G16_s20172491300352_e20172491311119_c20172491311186.nc
  OR_ABI-L2-CMIPF-M3C08_G16_s20172491300352_e20172491311119_c20172491311186.nc is collected.
  Examining Tb file: ../../raw_Obs/GOESR_IR/JoseRI/CH8/OR_ABI-L2-CMIPF-M3C08_G16_s20172491315353_e20172491326119_c20172491326184.nc
  Examining Tb file: ../../raw_Obs/GOESR_IR/JoseRI/CH8/OR_ABI-L2-CMIPF-M3C08_G16_s20172491330353_e20172491341119_c20172491341188.nc
  Examining Tb file: ../../raw_Obs/GOESR_IR/JoseRI/CH8/OR_ABI-L2-CMIPF-M3C08_G16_s20172491345353_e20172491356119_c20172491356183.nc
  Examining Tb file: ../../raw_Obs/GOESR_IR/JoseRI/CH8/OR_ABI-L2-CMIPF-M3C08_G16_s20172491400353_e20172491411120_c20172491411189.nc
  OR_ABI-L2-CMIPF-M3C08_G16_s20172491400353_e20172491411120_c20172491411189.nc is collected.
  Examining Tb file: ../../raw_Obs/GOESR_IR/JoseRI/CH8/OR_ABI-L2-CMIPF-M3C08_G16_s20172491415353_e20172491426120_c20172491426189.nc
  Examining Tb file: ../../raw_Obs/GOESR_IR/JoseRI/CH8/OR_ABI-L2-CMIPF-M3C08_G16_s20172491430353_e20172491441120_c20172491441189.nc
  Examining Tb file: ../../raw_Obs/GOESR_IR/JoseRI/CH8/OR_ABI-L2-CMIPF-M3C08_G16_s20172491445353_e20172491456120_c20172491456184.nc
  Examining Tb file: ../../raw_Obs/GOESR_IR/JoseRI/CH8/OR_ABI-L2-CMIPF-M3C08_G16_s20172491500353_e20172491511120_c20172491511184.nc
  OR_ABI-L2-CMIPF-M3C08_G16_s20172491500353_e20172491511120_c20172491511184.nc is collected.
  Examining Tb file: ../../raw_Obs/GOESR_IR/JoseRI/CH8/OR_ABI-L2-CMIPF-M3C08_G16_s20172491515353_e20172491526120_c20172491526192.nc
  Examining Tb file: ../../raw_Obs/GOESR_IR/JoseRI/CH8/OR_ABI-L2-CMIPF-M3C08_G16_s20172491530353_e20172491541120_c20172491541189.nc
  Examining Tb file: ../../raw_Obs/GOESR_IR/JoseRI/CH8/OR_ABI-L2-CMIPF-M3C08_G16_s20172491545353_e20172491556120_c20172491556183.nc
  Examining Tb file: ../../raw_Obs/GOESR_IR/JoseRI/CH8/OR_ABI-L2-CMIPF-M3C08_G16_s20172491600353_e20172491611120_c20172491611187.nc
  OR_ABI-L2-CMIPF-M3C08_G16_s20172491600353_e20172491611120_c20172491611187.nc is collected.
  Examining Tb file: ../../raw_Obs/GOESR_IR/JoseRI/CH8/OR_ABI-L2-CMIPF-M3C08_G16_s20172491615353_e20172491626120_c20172491626192.nc
  Examining Tb file: ../../raw_Obs/GOESR_IR/JoseRI/CH8/OR_ABI-L2-CMIPF-M3C08_G16_s20172491630353_e20172491641120_c20172491641189.nc
  Examining Tb file: ../../raw_Obs/GOESR_IR/JoseRI/CH8/OR_ABI-L2-CMIPF-M3C08_G16_s20172491645354_e20172491656120_c20172491656185.nc
  Examining Tb file: ../../raw_Obs/GOESR_IR/JoseRI/CH8/OR_ABI-L2-CMIPF-M3C08_G16_s20172491700354_e20172491711120_c20172491711187.nc
  OR_ABI-L2-CMIPF-M3C08_G16_s20172491700354_e20172491711120_c20172491711187.nc is collected.
  Examining Tb file: ../../raw_Obs/GOESR_IR/JoseRI/CH8/OR_ABI-L2-CMIPF-M3C08_G16_s20172491715354_e20172491726121_c20172491726193.nc
  Examining Tb file: ../../raw_Obs/GOESR_IR/JoseRI/CH8/OR_ABI-L2-CMIPF-M3C08_G16_s20172491730354_e20172491741121_c20172491741187.nc
  Examining Tb file: ../../raw_Obs/GOESR_IR/JoseRI/CH8/OR_ABI-L2-CMIPF-M3C08_G16_s20172491745354_e20172491756121_c20172491756185.nc
  Examining Tb file: ../../raw_Obs/GOESR_IR/JoseRI/CH8/OR_ABI-L2-CMIPF-M3C08_G16_s20172491800352_e20172491811118_c20172491811184.nc
  OR_ABI-L2-CMIPF-M3C08_G16_s20172491800352_e20172491811118_c20172491811184.nc is collected.
  Examining Tb file: ../../raw_Obs/GOESR_IR/JoseRI/CH8/OR_ABI-L2-CMIPF-M3C08_G16_s20172491815352_e20172491826118_c20172491826189.nc
  Examining Tb file: ../../raw_Obs/GOESR_IR/JoseRI/CH8/OR_ABI-L2-CMIPF-M3C08_G16_s20172491830352_e20172491841119_c20172491841181.nc
  Examining Tb file: ../../raw_Obs/GOESR_IR/JoseRI/CH8/OR_ABI-L2-CMIPF-M3C08_G16_s20172491845352_e20172491856119_c20172491856187.nc
  Examining Tb file: ../../raw_Obs/GOESR_IR/JoseRI/CH8/OR_ABI-L2-CMIPF-M3C08_G16_s20172491900352_e20172491911119_c20172491911183.nc
  OR_ABI-L2-CMIPF-M3C08_G16_s20172491900352_e20172491911119_c20172491911183.nc is collected.
  Examining Tb file: ../../raw_Obs/GOESR_IR/JoseRI/CH8/OR_ABI-L2-CMIPF-M3C08_G16_s20172491915352_e20172491926119_c20172491926192.nc
  Examining Tb file: ../../raw_Obs/GOESR_IR/JoseRI/CH8/OR_ABI-L2-CMIPF-M3C08_G16_s20172491930352_e20172491941119_c20172491941184.nc
  Examining Tb file: ../../raw_Obs/GOESR_IR/JoseRI/CH8/OR_ABI-L2-CMIPF-M3C08_G16_s20172491945352_e20172491956119_c20172491956184.nc
  Examining Tb file: ../../raw_Obs/GOESR_IR/JoseRI/CH8/OR_ABI-L2-CMIPF-M3C08_G16_s20172492000352_e20172492011119_c20172492011183.nc
  OR_ABI-L2-CMIPF-M3C08_G16_s20172492000352_e20172492011119_c20172492011183.nc is collected.
  Examining Tb file: ../../raw_Obs/GOESR_IR/JoseRI/CH8/OR_ABI-L2-CMIPF-M3C08_G16_s20172492015352_e20172492026119_c20172492026189.nc
  Examining Tb file: ../../raw_Obs/GOESR_IR/JoseRI/CH8/OR_ABI-L2-CMIPF-M3C08_G16_s20172492030352_e20172492041119_c20172492041183.nc
  Examining Tb file: ../../raw_Obs/GOESR_IR/JoseRI/CH8/OR_ABI-L2-CMIPF-M3C08_G16_s20172492045352_e20172492056119_c20172492056189.nc
  Examining Tb file: ../../raw_Obs/GOESR_IR/JoseRI/CH8/OR_ABI-L2-CMIPF-M3C08_G16_s20172492100352_e20172492111119_c20172492111188.nc
  OR_ABI-L2-CMIPF-M3C08_G16_s20172492100352_e20172492111119_c20172492111188.nc is collected.
  Examining Tb file: ../../raw_Obs/GOESR_IR/JoseRI/CH8/OR_ABI-L2-CMIPF-M3C08_G16_s20172492115353_e20172492126119_c20172492126191.nc
  Examining Tb file: ../../raw_Obs/GOESR_IR/JoseRI/CH8/OR_ABI-L2-CMIPF-M3C08_G16_s20172492130353_e20172492141119_c20172492141189.nc
  Examining Tb file: ../../raw_Obs/GOESR_IR/JoseRI/CH8/OR_ABI-L2-CMIPF-M3C08_G16_s20172492145353_e20172492156119_c20172492156187.nc
  Examining Tb file: ../../raw_Obs/GOESR_IR/JoseRI/CH8/OR_ABI-L2-CMIPF-M3C08_G16_s20172492200353_e20172492211120_c20172492211185.nc
  OR_ABI-L2-CMIPF-M3C08_G16_s20172492200353_e20172492211120_c20172492211185.nc is collected.
  Examining Tb file: ../../raw_Obs/GOESR_IR/JoseRI/CH8/OR_ABI-L2-CMIPF-M3C08_G16_s20172492215353_e20172492226120_c20172492226189.nc
  Examining Tb file: ../../raw_Obs/GOESR_IR/JoseRI/CH8/OR_ABI-L2-CMIPF-M3C08_G16_s20172492230353_e20172492241120_c20172492241184.nc
  Examining Tb file: ../../raw_Obs/GOESR_IR/JoseRI/CH8/OR_ABI-L2-CMIPF-M3C08_G16_s20172492245353_e20172492256120_c20172492256188.nc
  Examining Tb file: ../../raw_Obs/GOESR_IR/JoseRI/CH8/OR_ABI-L2-CMIPF-M3C08_G16_s20172492300353_e20172492311120_c20172492311183.nc
  OR_ABI-L2-CMIPF-M3C08_G16_s20172492300353_e20172492311120_c20172492311183.nc is collected.
  Examining Tb file: ../../raw_Obs/GOESR_IR/JoseRI/CH8/OR_ABI-L2-CMIPF-M3C08_G16_s20172492315353_e20172492326120_c20172492326191.nc
  Examining Tb file: ../../raw_Obs/GOESR_IR/JoseRI/CH8/OR_ABI-L2-CMIPF-M3C08_G16_s20172492330353_e20172492341120_c20172492341188.nc
  Examining Tb file: ../../raw_Obs/GOESR_IR/JoseRI/CH8/OR_ABI-L2-CMIPF-M3C08_G16_s20172492345353_e20172492356120_c20172492356186.nc
  Examining Tb file: ../../raw_Obs/GOESR_IR/JoseRI/CH8/OR_ABI-L2-CMIPF-M3C08_G16_s20172500000353_e20172500011120_c20172500011189.nc
  OR_ABI-L2-CMIPF-M3C08_G16_s20172500000353_e20172500011120_c20172500011189.nc is collected.
  Examining Tb file: ../../raw_Obs/GOESR_IR/JoseRI/CH8/OR_ABI-L2-CMIPF-M3C08_G16_s20172500015353_e20172500026120_c20172500026194.nc
  Examining Tb file: ../../raw_Obs/GOESR_IR/JoseRI/CH8/OR_ABI-L2-CMIPF-M3C08_G16_s20172500030353_e20172500041120_c20172500041190.nc
  Examining Tb file: ../../raw_Obs/GOESR_IR/JoseRI/CH8/OR_ABI-L2-CMIPF-M3C08_G16_s20172500045354_e20172500056120_c20172500056192.nc
  Examining Tb file: ../../raw_Obs/GOESR_IR/JoseRI/CH8/OR_ABI-L2-CMIPF-M3C08_G16_s20172500100354_e20172500111120_c20172500111184.nc
  OR_ABI-L2-CMIPF-M3C08_G16_s20172500100354_e20172500111120_c20172500111184.nc is collected.
  Examining Tb file: ../../raw_Obs/GOESR_IR/JoseRI/CH8/OR_ABI-L2-CMIPF-M3C08_G16_s20172500115354_e20172500126120_c20172500126187.nc
  Examining Tb file: ../../raw_Obs/GOESR_IR/JoseRI/CH8/OR_ABI-L2-CMIPF-M3C08_G16_s20172500130354_e20172500141121_c20172500141190.nc
  Examining Tb file: ../../raw_Obs/GOESR_IR/JoseRI/CH8/OR_ABI-L2-CMIPF-M3C08_G16_s20172500145354_e20172500156121_c20172500156186.nc
  Examining Tb file: ../../raw_Obs/GOESR_IR/JoseRI/CH8/OR_ABI-L2-CMIPF-M3C08_G16_s20172500200354_e20172500211121_c20172500211204.nc
  OR_ABI-L2-CMIPF-M3C08_G16_s20172500200354_e20172500211121_c20172500211204.nc is collected.
  Examining Tb file: ../../raw_Obs/GOESR_IR/JoseRI/CH8/OR_ABI-L2-CMIPF-M3C08_G16_s20172500215354_e20172500226121_c20172500226195.nc
  Examining Tb file: ../../raw_Obs/GOESR_IR/JoseRI/CH8/OR_ABI-L2-CMIPF-M3C08_G16_s20172500230354_e20172500241121_c20172500241189.nc
  Examining Tb file: ../../raw_Obs/GOESR_IR/JoseRI/CH8/OR_ABI-L2-CMIPF-M3C08_G16_s20172500245354_e20172500256121_c20172500256186.nc
  Examining Tb file: ../../raw_Obs/GOESR_IR/JoseRI/CH8/OR_ABI-L2-CMIPF-M3C08_G16_s20172500300354_e20172500311121_c20172500311185.nc
  OR_ABI-L2-CMIPF-M3C08_G16_s20172500300354_e20172500311121_c20172500311185.nc is collected.
  Examining Tb file: ../../raw_Obs/GOESR_IR/JoseRI/CH8/OR_ABI-L2-CMIPF-M3C08_G16_s20172500315354_e20172500326121_c20172500326193.nc
  Examining Tb file: ../../raw_Obs/GOESR_IR/JoseRI/CH8/OR_ABI-L2-CMIPF-M3C08_G16_s20172500330354_e20172500341121_c20172500341189.nc
  Examining Tb file: ../../raw_Obs/GOESR_IR/JoseRI/CH8/OR_ABI-L2-CMIPF-M3C08_G16_s20172500345354_e20172500356121_c20172500356188.nc
  Examining Tb file: ../../raw_Obs/GOESR_IR/JoseRI/CH8/OR_ABI-L2-CMIPF-M3C08_G16_s20172500400354_e20172500411121_c20172500411186.nc
  OR_ABI-L2-CMIPF-M3C08_G16_s20172500400354_e20172500411121_c20172500411186.nc is collected.
  Examining Tb file: ../../raw_Obs/GOESR_IR/JoseRI/CH8/OR_ABI-L2-CMIPF-M3C08_G16_s20172500415354_e20172500426121_c20172500426189.nc
  Examining Tb file: ../../raw_Obs/GOESR_IR/JoseRI/CH8/OR_ABI-L2-CMIPF-M3C08_G16_s20172500430355_e20172500441121_c20172500441188.nc
  Examining Tb file: ../../raw_Obs/GOESR_IR/JoseRI/CH8/OR_ABI-L2-CMIPF-M3C08_G16_s20172500445355_e20172500456121_c20172500456184.nc
  Examining Tb file: ../../raw_Obs/GOESR_IR/JoseRI/CH8/OR_ABI-L2-CMIPF-M3C08_G16_s20172500500355_e20172500511122_c20172500511187.nc
  OR_ABI-L2-CMIPF-M3C08_G16_s20172500500355_e20172500511122_c20172500511187.nc is collected.
  Examining Tb file: ../../raw_Obs/GOESR_IR/JoseRI/CH8/OR_ABI-L2-CMIPF-M3C08_G16_s20172500515355_e20172500526122_c20172500526197.nc
  Examining Tb file: ../../raw_Obs/GOESR_IR/JoseRI/CH8/OR_ABI-L2-CMIPF-M3C08_G16_s20172500530358_e20172500541122_c20172500541190.nc
  Examining Tb file: ../../raw_Obs/GOESR_IR/JoseRI/CH8/OR_ABI-L2-CMIPF-M3C08_G16_s20172500545355_e20172500556122_c20172500556189.nc
  Examining Tb file: ../../raw_Obs/GOESR_IR/JoseRI/CH8/OR_ABI-L2-CMIPF-M3C08_G16_s20172500600357_e20172500611124_c20172500615456.nc
  OR_ABI-L2-CMIPF-M3C08_G16_s20172500600357_e20172500611124_c20172500615456.nc is collected.
Dealing with file(s) at DAtime: 201709050600
  min of xlong: -42.1142, max of xlong: -33.6858
  min of xlat: 7.2979, max of xlat: 15.9021
  File: ../../raw_Obs/Collected_IR/JoseRI/DAt201709050600_GOESR_ABI_L2_CMIPF_CH8.nc
  Output processed GOESR obs file: ../../toEnKFobs/GOESR_IR/JoseRI/radiance_d03_201709050600_so
Dealing with file(s) at DAtime: 201709050700
  min of xlong: -42.2642, max of xlong: -33.8358
  min of xlat: 7.3636, max of xlat: 15.9698
  File: ../../raw_Obs/Collected_IR/JoseRI/DAt201709050700_GOESR_ABI_L2_CMIPF_CH8.nc
  Output processed GOESR obs file: ../../toEnKFobs/GOESR_IR/JoseRI/radiance_d03_201709050700_so
Dealing with file(s) at DAtime: 201709050800
  min of xlong: -42.4142, max of xlong: -33.9858
  min of xlat: 7.4292, max of xlat: 16.0375
  File: ../../raw_Obs/Collected_IR/JoseRI/DAt201709050800_GOESR_ABI_L2_CMIPF_CH8.nc
  Output processed GOESR obs file: ../../toEnKFobs/GOESR_IR/JoseRI/radiance_d03_201709050800_so
Dealing with file(s) at DAtime: 201709050900
  min of xlong: -42.5642, max of xlong: -34.1358
  min of xlat: 7.4948, max of xlat: 16.1052
  File: ../../raw_Obs/Collected_IR/JoseRI/DAt201709050900_GOESR_ABI_L2_CMIPF_CH8.nc
  Output processed GOESR obs file: ../../toEnKFobs/GOESR_IR/JoseRI/radiance_d03_201709050900_so
Dealing with file(s) at DAtime: 201709051000
  min of xlong: -42.7142, max of xlong: -34.2858
  min of xlat: 7.5604, max of xlat: 16.1729
  File: ../../raw_Obs/Collected_IR/JoseRI/DAt201709051000_GOESR_ABI_L2_CMIPF_CH8.nc
  Output processed GOESR obs file: ../../toEnKFobs/GOESR_IR/JoseRI/radiance_d03_201709051000_so
Dealing with file(s) at DAtime: 201709051100
  min of xlong: -42.8642, max of xlong: -34.4358
  min of xlat: 7.6261, max of xlat: 16.2406
  File: ../../raw_Obs/Collected_IR/JoseRI/DAt201709051100_GOESR_ABI_L2_CMIPF_CH8.nc
  Output processed GOESR obs file: ../../toEnKFobs/GOESR_IR/JoseRI/radiance_d03_201709051100_so
Dealing with file(s) at DAtime: 201709051200
  min of xlong: -43.0142, max of xlong: -34.5858
  min of xlat: 7.6917, max of xlat: 16.3083
  File: ../../raw_Obs/Collected_IR/JoseRI/DAt201709051200_GOESR_ABI_L2_CMIPF_CH8.nc
  Output processed GOESR obs file: ../../toEnKFobs/GOESR_IR/JoseRI/radiance_d03_201709051200_so
Dealing with file(s) at DAtime: 201709051300
  min of xlong: -43.2142, max of xlong: -34.7858
  min of xlat: 7.7245, max of xlat: 16.3422
  File: ../../raw_Obs/Collected_IR/JoseRI/DAt201709051300_GOESR_ABI_L2_CMIPF_CH8.nc
  Output processed GOESR obs file: ../../toEnKFobs/GOESR_IR/JoseRI/radiance_d03_201709051300_so
Dealing with file(s) at DAtime: 201709051400
  min of xlong: -43.4142, max of xlong: -34.9858
  min of xlat: 7.7573, max of xlat: 16.3761
  File: ../../raw_Obs/Collected_IR/JoseRI/DAt201709051400_GOESR_ABI_L2_CMIPF_CH8.nc
  Output processed GOESR obs file: ../../toEnKFobs/GOESR_IR/JoseRI/radiance_d03_201709051400_so
Dealing with file(s) at DAtime: 201709051500
  min of xlong: -43.6142, max of xlong: -35.1858
  min of xlat: 7.7901, max of xlat: 16.4099
  File: ../../raw_Obs/Collected_IR/JoseRI/DAt201709051500_GOESR_ABI_L2_CMIPF_CH8.nc
  Output processed GOESR obs file: ../../toEnKFobs/GOESR_IR/JoseRI/radiance_d03_201709051500_so
Dealing with file(s) at DAtime: 201709051600
  min of xlong: -43.8142, max of xlong: -35.3858
  min of xlat: 7.8229, max of xlat: 16.4438
  File: ../../raw_Obs/Collected_IR/JoseRI/DAt201709051600_GOESR_ABI_L2_CMIPF_CH8.nc
  Output processed GOESR obs file: ../../toEnKFobs/GOESR_IR/JoseRI/radiance_d03_201709051600_so
Dealing with file(s) at DAtime: 201709051700
  min of xlong: -44.0142, max of xlong: -35.5858
  min of xlat: 7.8556, max of xlat: 16.4777
  File: ../../raw_Obs/Collected_IR/JoseRI/DAt201709051700_GOESR_ABI_L2_CMIPF_CH8.nc
  Output processed GOESR obs file: ../../toEnKFobs/GOESR_IR/JoseRI/radiance_d03_201709051700_so
Dealing with file(s) at DAtime: 201709051800
  min of xlong: -44.2142, max of xlong: -35.7858
  min of xlat: 7.8884, max of xlat: 16.5116
  File: ../../raw_Obs/Collected_IR/JoseRI/DAt201709051800_GOESR_ABI_L2_CMIPF_CH8.nc
  Output processed GOESR obs file: ../../toEnKFobs/GOESR_IR/JoseRI/radiance_d03_201709051800_so
Dealing with file(s) at DAtime: 201709051900
  min of xlong: -44.4309, max of xlong: -36.0025
  min of xlat: 7.8884, max of xlat: 16.5116
  File: ../../raw_Obs/Collected_IR/JoseRI/DAt201709051900_GOESR_ABI_L2_CMIPF_CH8.nc
  Output processed GOESR obs file: ../../toEnKFobs/GOESR_IR/JoseRI/radiance_d03_201709051900_so
Dealing with file(s) at DAtime: 201709052000
  min of xlong: -44.6475, max of xlong: -36.2191
  min of xlat: 7.8884, max of xlat: 16.5116
  File: ../../raw_Obs/Collected_IR/JoseRI/DAt201709052000_GOESR_ABI_L2_CMIPF_CH8.nc
  Output processed GOESR obs file: ../../toEnKFobs/GOESR_IR/JoseRI/radiance_d03_201709052000_so
Dealing with file(s) at DAtime: 201709052100
  min of xlong: -44.8642, max of xlong: -36.4358
  min of xlat: 7.8884, max of xlat: 16.5116
  File: ../../raw_Obs/Collected_IR/JoseRI/DAt201709052100_GOESR_ABI_L2_CMIPF_CH8.nc
  Output processed GOESR obs file: ../../toEnKFobs/GOESR_IR/JoseRI/radiance_d03_201709052100_so
Dealing with file(s) at DAtime: 201709052200
  min of xlong: -45.0809, max of xlong: -36.6525
  min of xlat: 7.8884, max of xlat: 16.5116
  File: ../../raw_Obs/Collected_IR/JoseRI/DAt201709052200_GOESR_ABI_L2_CMIPF_CH8.nc
  Output processed GOESR obs file: ../../toEnKFobs/GOESR_IR/JoseRI/radiance_d03_201709052200_so
Dealing with file(s) at DAtime: 201709052300
  min of xlong: -45.2975, max of xlong: -36.8691
  min of xlat: 7.8884, max of xlat: 16.5116
  File: ../../raw_Obs/Collected_IR/JoseRI/DAt201709052300_GOESR_ABI_L2_CMIPF_CH8.nc
  Output processed GOESR obs file: ../../toEnKFobs/GOESR_IR/JoseRI/radiance_d03_201709052300_so
Dealing with file(s) at DAtime: 201709060000
  min of xlong: -45.5142, max of xlong: -37.0858
  min of xlat: 7.8884, max of xlat: 16.5116
  File: ../../raw_Obs/Collected_IR/JoseRI/DAt201709060000_GOESR_ABI_L2_CMIPF_CH8.nc
  Output processed GOESR obs file: ../../toEnKFobs/GOESR_IR/JoseRI/radiance_d03_201709060000_so
Dealing with file(s) at DAtime: 201709060100
  min of xlong: -45.7309, max of xlong: -37.3025
  min of xlat: 7.9376, max of xlat: 16.5624
  File: ../../raw_Obs/Collected_IR/JoseRI/DAt201709060100_GOESR_ABI_L2_CMIPF_CH8.nc
  Output processed GOESR obs file: ../../toEnKFobs/GOESR_IR/JoseRI/radiance_d03_201709060100_so
Dealing with file(s) at DAtime: 201709060200
  min of xlong: -45.9475, max of xlong: -37.5191
  min of xlat: 7.9868, max of xlat: 16.6132
  File: ../../raw_Obs/Collected_IR/JoseRI/DAt201709060200_GOESR_ABI_L2_CMIPF_CH8.nc
  Output processed GOESR obs file: ../../toEnKFobs/GOESR_IR/JoseRI/radiance_d03_201709060200_so
Dealing with file(s) at DAtime: 201709060300
  min of xlong: -46.1642, max of xlong: -37.7358
  min of xlat: 8.036, max of xlat: 16.664
  File: ../../raw_Obs/Collected_IR/JoseRI/DAt201709060300_GOESR_ABI_L2_CMIPF_CH8.nc
  Output processed GOESR obs file: ../../toEnKFobs/GOESR_IR/JoseRI/radiance_d03_201709060300_so
Dealing with file(s) at DAtime: 201709060400
  min of xlong: -46.3809, max of xlong: -37.9525
  min of xlat: 8.0852, max of xlat: 16.7148
  File: ../../raw_Obs/Collected_IR/JoseRI/DAt201709060400_GOESR_ABI_L2_CMIPF_CH8.nc
  Output processed GOESR obs file: ../../toEnKFobs/GOESR_IR/JoseRI/radiance_d03_201709060400_so
Dealing with file(s) at DAtime: 201709060500
  min of xlong: -46.5975, max of xlong: -38.1691
  min of xlat: 8.1343, max of xlat: 16.7657
  File: ../../raw_Obs/Collected_IR/JoseRI/DAt201709060500_GOESR_ABI_L2_CMIPF_CH8.nc
  Output processed GOESR obs file: ../../toEnKFobs/GOESR_IR/JoseRI/radiance_d03_201709060500_so
Dealing with file(s) at DAtime: 201709060600
  min of xlong: -46.8142, max of xlong: -38.3858
  min of xlat: 8.1835, max of xlat: 16.8165
  File: ../../raw_Obs/Collected_IR/JoseRI/DAt201709060600_GOESR_ABI_L2_CMIPF_CH8.nc
  Output processed GOESR obs file: ../../toEnKFobs/GOESR_IR/JoseRI/radiance_d03_201709060600_so
Dealing with file(s) at DAtime: 201709060700
  min of xlong: -47.0309, max of xlong: -38.6025
  min of xlat: 8.2818, max of xlat: 16.9182
  File: ../../raw_Obs/Collected_IR/JoseRI/DAt201709060700_GOESR_ABI_L2_CMIPF_CH8.nc
  Output processed GOESR obs file: ../../toEnKFobs/GOESR_IR/JoseRI/radiance_d03_201709060700_so
Dealing with file(s) at DAtime: 201709060800
  min of xlong: -47.2475, max of xlong: -38.8191
  min of xlat: 8.3801, max of xlat: 17.0199
  File: ../../raw_Obs/Collected_IR/JoseRI/DAt201709060800_GOESR_ABI_L2_CMIPF_CH8.nc
  Output processed GOESR obs file: ../../toEnKFobs/GOESR_IR/JoseRI/radiance_d03_201709060800_so
Dealing with file(s) at DAtime: 201709060900
  min of xlong: -47.4642, max of xlong: -39.0358
  min of xlat: 8.4784, max of xlat: 17.1216
  File: ../../raw_Obs/Collected_IR/JoseRI/DAt201709060900_GOESR_ABI_L2_CMIPF_CH8.nc
  Output processed GOESR obs file: ../../toEnKFobs/GOESR_IR/JoseRI/radiance_d03_201709060900_so
Dealing with file(s) at DAtime: 201709061000
  min of xlong: -47.6809, max of xlong: -39.2525
  min of xlat: 8.5767, max of xlat: 17.2233
  File: ../../raw_Obs/Collected_IR/JoseRI/DAt201709061000_GOESR_ABI_L2_CMIPF_CH8.nc
  Output processed GOESR obs file: ../../toEnKFobs/GOESR_IR/JoseRI/radiance_d03_201709061000_so
Dealing with file(s) at DAtime: 201709061100
  min of xlong: -47.8975, max of xlong: -39.4691
  min of xlat: 8.675, max of xlat: 17.325
  File: ../../raw_Obs/Collected_IR/JoseRI/DAt201709061100_GOESR_ABI_L2_CMIPF_CH8.nc
  Output processed GOESR obs file: ../../toEnKFobs/GOESR_IR/JoseRI/radiance_d03_201709061100_so
Dealing with file(s) at DAtime: 201709061200
  min of xlong: -48.1142, max of xlong: -39.6858
  min of xlat: 8.7732, max of xlat: 17.4268
  File: ../../raw_Obs/Collected_IR/JoseRI/DAt201709061200_GOESR_ABI_L2_CMIPF_CH8.nc
  Output processed GOESR obs file: ../../toEnKFobs/GOESR_IR/JoseRI/radiance_d03_201709061200_so
Dealing with file(s) at DAtime: 201709061300
  min of xlong: -48.3309, max of xlong: -39.9025
  min of xlat: 8.8714, max of xlat: 17.5286
  File: ../../raw_Obs/Collected_IR/JoseRI/DAt201709061300_GOESR_ABI_L2_CMIPF_CH8.nc
  Output processed GOESR obs file: ../../toEnKFobs/GOESR_IR/JoseRI/radiance_d03_201709061300_so
Dealing with file(s) at DAtime: 201709061400
  min of xlong: -48.5475, max of xlong: -40.1191
  min of xlat: 8.9697, max of xlat: 17.6303
  File: ../../raw_Obs/Collected_IR/JoseRI/DAt201709061400_GOESR_ABI_L2_CMIPF_CH8.nc
  Output processed GOESR obs file: ../../toEnKFobs/GOESR_IR/JoseRI/radiance_d03_201709061400_so
Dealing with file(s) at DAtime: 201709061500
  min of xlong: -48.7642, max of xlong: -40.3358
  min of xlat: 9.0679, max of xlat: 17.7321
  File: ../../raw_Obs/Collected_IR/JoseRI/DAt201709061500_GOESR_ABI_L2_CMIPF_CH8.nc
  Output processed GOESR obs file: ../../toEnKFobs/GOESR_IR/JoseRI/radiance_d03_201709061500_so
Dealing with file(s) at DAtime: 201709061600
  min of xlong: -48.9809, max of xlong: -40.5525
  min of xlat: 9.1661, max of xlat: 17.8339
  File: ../../raw_Obs/Collected_IR/JoseRI/DAt201709061600_GOESR_ABI_L2_CMIPF_CH8.nc
  Output processed GOESR obs file: ../../toEnKFobs/GOESR_IR/JoseRI/radiance_d03_201709061600_so
Dealing with file(s) at DAtime: 201709061700
  min of xlong: -49.1975, max of xlong: -40.7691
  min of xlat: 9.2642, max of xlat: 17.9358
  File: ../../raw_Obs/Collected_IR/JoseRI/DAt201709061700_GOESR_ABI_L2_CMIPF_CH8.nc
  Output processed GOESR obs file: ../../toEnKFobs/GOESR_IR/JoseRI/radiance_d03_201709061700_so
Dealing with file(s) at DAtime: 201709061800
  min of xlong: -49.4142, max of xlong: -40.9858
  min of xlat: 9.3624, max of xlat: 18.0376
  File: ../../raw_Obs/Collected_IR/JoseRI/DAt201709061800_GOESR_ABI_L2_CMIPF_CH8.nc
  Output processed GOESR obs file: ../../toEnKFobs/GOESR_IR/JoseRI/radiance_d03_201709061800_so
Dealing with file(s) at DAtime: 201709061900
  min of xlong: -49.6642, max of xlong: -41.2358
  min of xlat: 9.4278, max of xlat: 18.1055
  File: ../../raw_Obs/Collected_IR/JoseRI/DAt201709061900_GOESR_ABI_L2_CMIPF_CH8.nc
  Output processed GOESR obs file: ../../toEnKFobs/GOESR_IR/JoseRI/radiance_d03_201709061900_so
Dealing with file(s) at DAtime: 201709062000
  min of xlong: -49.9142, max of xlong: -41.4858
  min of xlat: 9.4933, max of xlat: 18.1734
  File: ../../raw_Obs/Collected_IR/JoseRI/DAt201709062000_GOESR_ABI_L2_CMIPF_CH8.nc
  Output processed GOESR obs file: ../../toEnKFobs/GOESR_IR/JoseRI/radiance_d03_201709062000_so
Dealing with file(s) at DAtime: 201709062100
  min of xlong: -50.1642, max of xlong: -41.7358
  min of xlat: 9.5587, max of xlat: 18.2413
  File: ../../raw_Obs/Collected_IR/JoseRI/DAt201709062100_GOESR_ABI_L2_CMIPF_CH8.nc
  Output processed GOESR obs file: ../../toEnKFobs/GOESR_IR/JoseRI/radiance_d03_201709062100_so
Dealing with file(s) at DAtime: 201709062200
  min of xlong: -50.4142, max of xlong: -41.9858
  min of xlat: 9.6241, max of xlat: 18.3092
  File: ../../raw_Obs/Collected_IR/JoseRI/DAt201709062200_GOESR_ABI_L2_CMIPF_CH8.nc
  Output processed GOESR obs file: ../../toEnKFobs/GOESR_IR/JoseRI/radiance_d03_201709062200_so
Dealing with file(s) at DAtime: 201709062300
  min of xlong: -50.6642, max of xlong: -42.2358
  min of xlat: 9.6895, max of xlat: 18.3772
  File: ../../raw_Obs/Collected_IR/JoseRI/DAt201709062300_GOESR_ABI_L2_CMIPF_CH8.nc
  Output processed GOESR obs file: ../../toEnKFobs/GOESR_IR/JoseRI/radiance_d03_201709062300_so
Dealing with file(s) at DAtime: 201709070000
  min of xlong: -50.9142, max of xlong: -42.4858
  min of xlat: 9.7549, max of xlat: 18.4451
  File: ../../raw_Obs/Collected_IR/JoseRI/DAt201709070000_GOESR_ABI_L2_CMIPF_CH8.nc
  Output processed GOESR obs file: ../../toEnKFobs/GOESR_IR/JoseRI/radiance_d03_201709070000_so
Dealing with file(s) at DAtime: 201709070100
  min of xlong: -51.1809, max of xlong: -42.7525
  min of xlat: 9.8039, max of xlat: 18.4961
  File: ../../raw_Obs/Collected_IR/JoseRI/DAt201709070100_GOESR_ABI_L2_CMIPF_CH8.nc
  Output processed GOESR obs file: ../../toEnKFobs/GOESR_IR/JoseRI/radiance_d03_201709070100_so
Dealing with file(s) at DAtime: 201709070200
  min of xlong: -51.4475, max of xlong: -43.0191
  min of xlat: 9.853, max of xlat: 18.547
  File: ../../raw_Obs/Collected_IR/JoseRI/DAt201709070200_GOESR_ABI_L2_CMIPF_CH8.nc
  Output processed GOESR obs file: ../../toEnKFobs/GOESR_IR/JoseRI/radiance_d03_201709070200_so
Dealing with file(s) at DAtime: 201709070300
  min of xlong: -51.7142, max of xlong: -43.2858
  min of xlat: 9.902, max of xlat: 18.598
  File: ../../raw_Obs/Collected_IR/JoseRI/DAt201709070300_GOESR_ABI_L2_CMIPF_CH8.nc
  Output processed GOESR obs file: ../../toEnKFobs/GOESR_IR/JoseRI/radiance_d03_201709070300_so
Dealing with file(s) at DAtime: 201709070400
  min of xlong: -51.9809, max of xlong: -43.5525
  min of xlat: 9.9511, max of xlat: 18.6489
  File: ../../raw_Obs/Collected_IR/JoseRI/DAt201709070400_GOESR_ABI_L2_CMIPF_CH8.nc
  Output processed GOESR obs file: ../../toEnKFobs/GOESR_IR/JoseRI/radiance_d03_201709070400_so
Dealing with file(s) at DAtime: 201709070500
  min of xlong: -52.2475, max of xlong: -43.8191
  min of xlat: 10.0001, max of xlat: 18.6999
  File: ../../raw_Obs/Collected_IR/JoseRI/DAt201709070500_GOESR_ABI_L2_CMIPF_CH8.nc
  Output processed GOESR obs file: ../../toEnKFobs/GOESR_IR/JoseRI/radiance_d03_201709070500_so
Dealing with file(s) at DAtime: 201709070600
  min of xlong: -52.5142, max of xlong: -44.0858
  min of xlat: 10.0491, max of xlat: 18.7509
  File: ../../raw_Obs/Collected_IR/JoseRI/DAt201709070600_GOESR_ABI_L2_CMIPF_CH8.nc
  Output processed GOESR obs file: ../../toEnKFobs/GOESR_IR/JoseRI/radiance_d03_201709070600_so
