MATLAB is selecting SOFTWARE OPENGL rendering.
Output hourly best-track location and time: ../../toEnKFobs/GOESR_IR/MariaRI/bestrack_perHour
Collecting useful GOES-R obs files for this study......
  Examining Tb file: ../../raw_Obs/GOESR_IR/MariaRI/CH8/OR_ABI-L2-CMIPF-M3C08_G16_s20172590000377_e20172590011144_c20172590011214.nc
  OR_ABI-L2-CMIPF-M3C08_G16_s20172590000377_e20172590011144_c20172590011214.nc is collected.
  Examining Tb file: ../../raw_Obs/GOESR_IR/MariaRI/CH8/OR_ABI-L2-CMIPF-M3C08_G16_s20172590015377_e20172590026144_c20172590026212.nc
  Examining Tb file: ../../raw_Obs/GOESR_IR/MariaRI/CH8/OR_ABI-L2-CMIPF-M3C08_G16_s20172590030377_e20172590041144_c20172590041215.nc
  Examining Tb file: ../../raw_Obs/GOESR_IR/MariaRI/CH8/OR_ABI-L2-CMIPF-M3C08_G16_s20172590045377_e20172590056144_c20172590056213.nc
  Examining Tb file: ../../raw_Obs/GOESR_IR/MariaRI/CH8/OR_ABI-L2-CMIPF-M3C08_G16_s20172590100377_e20172590111144_c20172590111219.nc
  OR_ABI-L2-CMIPF-M3C08_G16_s20172590100377_e20172590111144_c20172590111219.nc is collected.
  Examining Tb file: ../../raw_Obs/GOESR_IR/MariaRI/CH8/OR_ABI-L2-CMIPF-M3C08_G16_s20172590115377_e20172590126144_c20172590126214.nc
  Examining Tb file: ../../raw_Obs/GOESR_IR/MariaRI/CH8/OR_ABI-L2-CMIPF-M3C08_G16_s20172590130377_e20172590141144_c20172590141214.nc
  Examining Tb file: ../../raw_Obs/GOESR_IR/MariaRI/CH8/OR_ABI-L2-CMIPF-M3C08_G16_s20172590145377_e20172590156144_c20172590156211.nc
  Examining Tb file: ../../raw_Obs/GOESR_IR/MariaRI/CH8/OR_ABI-L2-CMIPF-M3C08_G16_s20172590200377_e20172590211144_c20172590211218.nc
  OR_ABI-L2-CMIPF-M3C08_G16_s20172590200377_e20172590211144_c20172590211218.nc is collected.
  Examining Tb file: ../../raw_Obs/GOESR_IR/MariaRI/CH8/OR_ABI-L2-CMIPF-M3C08_G16_s20172590215378_e20172590226144_c20172590226210.nc
  Examining Tb file: ../../raw_Obs/GOESR_IR/MariaRI/CH8/OR_ABI-L2-CMIPF-M3C08_G16_s20172590230378_e20172590241144_c20172590241215.nc
  Examining Tb file: ../../raw_Obs/GOESR_IR/MariaRI/CH8/OR_ABI-L2-CMIPF-M3C08_G16_s20172590245378_e20172590256144_c20172590256216.nc
  Examining Tb file: ../../raw_Obs/GOESR_IR/MariaRI/CH8/OR_ABI-L2-CMIPF-M3C08_G16_s20172590300378_e20172590311144_c20172590311214.nc
  OR_ABI-L2-CMIPF-M3C08_G16_s20172590300378_e20172590311144_c20172590311214.nc is collected.
  Examining Tb file: ../../raw_Obs/GOESR_IR/MariaRI/CH8/OR_ABI-L2-CMIPF-M3C08_G16_s20172590315378_e20172590326144_c20172590326214.nc
  Examining Tb file: ../../raw_Obs/GOESR_IR/MariaRI/CH8/OR_ABI-L2-CMIPF-M3C08_G16_s20172590330378_e20172590341144_c20172590341216.nc
  Examining Tb file: ../../raw_Obs/GOESR_IR/MariaRI/CH8/OR_ABI-L2-CMIPF-M3C08_G16_s20172590345378_e20172590356145_c20172590356218.nc
  Examining Tb file: ../../raw_Obs/GOESR_IR/MariaRI/CH8/OR_ABI-L2-CMIPF-M3C08_G16_s20172590400378_e20172590411144_c20172590411212.nc
  OR_ABI-L2-CMIPF-M3C08_G16_s20172590400378_e20172590411144_c20172590411212.nc is collected.
  Examining Tb file: ../../raw_Obs/GOESR_IR/MariaRI/CH8/OR_ABI-L2-CMIPF-M3C08_G16_s20172590415378_e20172590426145_c20172590426214.nc
  Examining Tb file: ../../raw_Obs/GOESR_IR/MariaRI/CH8/OR_ABI-L2-CMIPF-M3C08_G16_s20172590430378_e20172590441144_c20172590441210.nc
  Examining Tb file: ../../raw_Obs/GOESR_IR/MariaRI/CH8/OR_ABI-L2-CMIPF-M3C08_G16_s20172590445378_e20172590456145_c20172590456214.nc
  Examining Tb file: ../../raw_Obs/GOESR_IR/MariaRI/CH8/OR_ABI-L2-CMIPF-M3C08_G16_s20172590500378_e20172590511144_c20172590511215.nc
  OR_ABI-L2-CMIPF-M3C08_G16_s20172590500378_e20172590511144_c20172590511215.nc is collected.
  Examining Tb file: ../../raw_Obs/GOESR_IR/MariaRI/CH8/OR_ABI-L2-CMIPF-M3C08_G16_s20172590515378_e20172590526145_c20172590526215.nc
  Examining Tb file: ../../raw_Obs/GOESR_IR/MariaRI/CH8/OR_ABI-L2-CMIPF-M3C08_G16_s20172590530378_e20172590541145_c20172590541209.nc
  Examining Tb file: ../../raw_Obs/GOESR_IR/MariaRI/CH8/OR_ABI-L2-CMIPF-M3C08_G16_s20172590545378_e20172590556145_c20172590556214.nc
  Examining Tb file: ../../raw_Obs/GOESR_IR/MariaRI/CH8/OR_ABI-L2-CMIPF-M3C08_G16_s20172590600380_e20172590611147_c20172590611217.nc
  OR_ABI-L2-CMIPF-M3C08_G16_s20172590600380_e20172590611147_c20172590611217.nc is collected.
  Examining Tb file: ../../raw_Obs/GOESR_IR/MariaRI/CH8/OR_ABI-L2-CMIPF-M3C08_G16_s20172590615380_e20172590626147_c20172590626218.nc
  Examining Tb file: ../../raw_Obs/GOESR_IR/MariaRI/CH8/OR_ABI-L2-CMIPF-M3C08_G16_s20172590630380_e20172590641147_c20172590641204.nc
  Examining Tb file: ../../raw_Obs/GOESR_IR/MariaRI/CH8/OR_ABI-L2-CMIPF-M3C08_G16_s20172590645380_e20172590656147_c20172590656219.nc
  Examining Tb file: ../../raw_Obs/GOESR_IR/MariaRI/CH8/OR_ABI-L2-CMIPF-M3C08_G16_s20172590700380_e20172590711147_c20172590711217.nc
  OR_ABI-L2-CMIPF-M3C08_G16_s20172590700380_e20172590711147_c20172590711217.nc is collected.
  Examining Tb file: ../../raw_Obs/GOESR_IR/MariaRI/CH8/OR_ABI-L2-CMIPF-M3C08_G16_s20172590715380_e20172590726147_c20172590726216.nc
  Examining Tb file: ../../raw_Obs/GOESR_IR/MariaRI/CH8/OR_ABI-L2-CMIPF-M3C08_G16_s20172590730380_e20172590741147_c20172590741216.nc
  Examining Tb file: ../../raw_Obs/GOESR_IR/MariaRI/CH8/OR_ABI-L2-CMIPF-M3C08_G16_s20172590745380_e20172590756147_c20172590756215.nc
  Examining Tb file: ../../raw_Obs/GOESR_IR/MariaRI/CH8/OR_ABI-L2-CMIPF-M3C08_G16_s20172590800380_e20172590811147_c20172590811217.nc
  OR_ABI-L2-CMIPF-M3C08_G16_s20172590800380_e20172590811147_c20172590811217.nc is collected.
  Examining Tb file: ../../raw_Obs/GOESR_IR/MariaRI/CH8/OR_ABI-L2-CMIPF-M3C08_G16_s20172590815380_e20172590826147_c20172590826219.nc
  Examining Tb file: ../../raw_Obs/GOESR_IR/MariaRI/CH8/OR_ABI-L2-CMIPF-M3C08_G16_s20172590830380_e20172590841147_c20172590841219.nc
  Examining Tb file: ../../raw_Obs/GOESR_IR/MariaRI/CH8/OR_ABI-L2-CMIPF-M3C08_G16_s20172590845380_e20172590856147_c20172590856218.nc
  Examining Tb file: ../../raw_Obs/GOESR_IR/MariaRI/CH8/OR_ABI-L2-CMIPF-M3C08_G16_s20172590900380_e20172590911147_c20172590911218.nc
  OR_ABI-L2-CMIPF-M3C08_G16_s20172590900380_e20172590911147_c20172590911218.nc is collected.
  Examining Tb file: ../../raw_Obs/GOESR_IR/MariaRI/CH8/OR_ABI-L2-CMIPF-M3C08_G16_s20172590915380_e20172590926147_c20172590926208.nc
  Examining Tb file: ../../raw_Obs/GOESR_IR/MariaRI/CH8/OR_ABI-L2-CMIPF-M3C08_G16_s20172590930380_e20172590941147_c20172590941218.nc
  Examining Tb file: ../../raw_Obs/GOESR_IR/MariaRI/CH8/OR_ABI-L2-CMIPF-M3C08_G16_s20172590945380_e20172590956147_c20172590956219.nc
  Examining Tb file: ../../raw_Obs/GOESR_IR/MariaRI/CH8/OR_ABI-L2-CMIPF-M3C08_G16_s20172591000380_e20172591011147_c20172591011218.nc
  OR_ABI-L2-CMIPF-M3C08_G16_s20172591000380_e20172591011147_c20172591011218.nc is collected.
  Examining Tb file: ../../raw_Obs/GOESR_IR/MariaRI/CH8/OR_ABI-L2-CMIPF-M3C08_G16_s20172591015380_e20172591026147_c20172591026209.nc
  Examining Tb file: ../../raw_Obs/GOESR_IR/MariaRI/CH8/OR_ABI-L2-CMIPF-M3C08_G16_s20172591030380_e20172591041147_c20172591041216.nc
  Examining Tb file: ../../raw_Obs/GOESR_IR/MariaRI/CH8/OR_ABI-L2-CMIPF-M3C08_G16_s20172591045380_e20172591056147_c20172591056224.nc
  Examining Tb file: ../../raw_Obs/GOESR_IR/MariaRI/CH8/OR_ABI-L2-CMIPF-M3C08_G16_s20172591100380_e20172591111147_c20172591111214.nc
  OR_ABI-L2-CMIPF-M3C08_G16_s20172591100380_e20172591111147_c20172591111214.nc is collected.
  Examining Tb file: ../../raw_Obs/GOESR_IR/MariaRI/CH8/OR_ABI-L2-CMIPF-M3C08_G16_s20172591115380_e20172591126147_c20172591126214.nc
  Examining Tb file: ../../raw_Obs/GOESR_IR/MariaRI/CH8/OR_ABI-L2-CMIPF-M3C08_G16_s20172591130380_e20172591141147_c20172591141215.nc
  Examining Tb file: ../../raw_Obs/GOESR_IR/MariaRI/CH8/OR_ABI-L2-CMIPF-M3C08_G16_s20172591145380_e20172591156147_c20172591156216.nc
  Examining Tb file: ../../raw_Obs/GOESR_IR/MariaRI/CH8/OR_ABI-L2-CMIPF-M3C08_G16_s20172591200380_e20172591211147_c20172591211215.nc
  OR_ABI-L2-CMIPF-M3C08_G16_s20172591200380_e20172591211147_c20172591211215.nc is collected.
  Examining Tb file: ../../raw_Obs/GOESR_IR/MariaRI/CH8/OR_ABI-L2-CMIPF-M3C08_G16_s20172591215380_e20172591226147_c20172591226215.nc
  Examining Tb file: ../../raw_Obs/GOESR_IR/MariaRI/CH8/OR_ABI-L2-CMIPF-M3C08_G16_s20172591230380_e20172591241147_c20172591241210.nc
  Examining Tb file: ../../raw_Obs/GOESR_IR/MariaRI/CH8/OR_ABI-L2-CMIPF-M3C08_G16_s20172591245380_e20172591256147_c20172591256215.nc
  Examining Tb file: ../../raw_Obs/GOESR_IR/MariaRI/CH8/OR_ABI-L2-CMIPF-M3C08_G16_s20172591300380_e20172591311147_c20172591311215.nc
  OR_ABI-L2-CMIPF-M3C08_G16_s20172591300380_e20172591311147_c20172591311215.nc is collected.
  Examining Tb file: ../../raw_Obs/GOESR_IR/MariaRI/CH8/OR_ABI-L2-CMIPF-M3C08_G16_s20172591315380_e20172591326147_c20172591326212.nc
  Examining Tb file: ../../raw_Obs/GOESR_IR/MariaRI/CH8/OR_ABI-L2-CMIPF-M3C08_G16_s20172591330380_e20172591341147_c20172591341217.nc
  Examining Tb file: ../../raw_Obs/GOESR_IR/MariaRI/CH8/OR_ABI-L2-CMIPF-M3C08_G16_s20172591345380_e20172591356147_c20172591356217.nc
  Examining Tb file: ../../raw_Obs/GOESR_IR/MariaRI/CH8/OR_ABI-L2-CMIPF-M3C08_G16_s20172591400381_e20172591411147_c20172591411219.nc
  OR_ABI-L2-CMIPF-M3C08_G16_s20172591400381_e20172591411147_c20172591411219.nc is collected.
  Examining Tb file: ../../raw_Obs/GOESR_IR/MariaRI/CH8/OR_ABI-L2-CMIPF-M3C08_G16_s20172591415381_e20172591426148_c20172591426216.nc
  Examining Tb file: ../../raw_Obs/GOESR_IR/MariaRI/CH8/OR_ABI-L2-CMIPF-M3C08_G16_s20172591430381_e20172591441148_c20172591441216.nc
  Examining Tb file: ../../raw_Obs/GOESR_IR/MariaRI/CH8/OR_ABI-L2-CMIPF-M3C08_G16_s20172591445381_e20172591456148_c20172591456215.nc
  Examining Tb file: ../../raw_Obs/GOESR_IR/MariaRI/CH8/OR_ABI-L2-CMIPF-M3C08_G16_s20172591500381_e20172591511148_c20172591511218.nc
  OR_ABI-L2-CMIPF-M3C08_G16_s20172591500381_e20172591511148_c20172591511218.nc is collected.
  Examining Tb file: ../../raw_Obs/GOESR_IR/MariaRI/CH8/OR_ABI-L2-CMIPF-M3C08_G16_s20172591515381_e20172591526148_c20172591526215.nc
  Examining Tb file: ../../raw_Obs/GOESR_IR/MariaRI/CH8/OR_ABI-L2-CMIPF-M3C08_G16_s20172591530381_e20172591541148_c20172591541216.nc
  Examining Tb file: ../../raw_Obs/GOESR_IR/MariaRI/CH8/OR_ABI-L2-CMIPF-M3C08_G16_s20172591545381_e20172591556148_c20172591556218.nc
  Examining Tb file: ../../raw_Obs/GOESR_IR/MariaRI/CH8/OR_ABI-L2-CMIPF-M3C08_G16_s20172591600381_e20172591611148_c20172591611218.nc
  OR_ABI-L2-CMIPF-M3C08_G16_s20172591600381_e20172591611148_c20172591611218.nc is collected.
  Examining Tb file: ../../raw_Obs/GOESR_IR/MariaRI/CH8/OR_ABI-L2-CMIPF-M3C08_G16_s20172591615382_e20172591626148_c20172591626217.nc
  Examining Tb file: ../../raw_Obs/GOESR_IR/MariaRI/CH8/OR_ABI-L2-CMIPF-M3C08_G16_s20172591630382_e20172591641149_c20172591641213.nc
  Examining Tb file: ../../raw_Obs/GOESR_IR/MariaRI/CH8/OR_ABI-L2-CMIPF-M3C08_G16_s20172591645382_e20172591656149_c20172591656219.nc
  Examining Tb file: ../../raw_Obs/GOESR_IR/MariaRI/CH8/OR_ABI-L2-CMIPF-M3C08_G16_s20172591700382_e20172591711149_c20172591711213.nc
  OR_ABI-L2-CMIPF-M3C08_G16_s20172591700382_e20172591711149_c20172591711213.nc is collected.
  Examining Tb file: ../../raw_Obs/GOESR_IR/MariaRI/CH8/OR_ABI-L2-CMIPF-M3C08_G16_s20172591715382_e20172591726149_c20172591726210.nc
  Examining Tb file: ../../raw_Obs/GOESR_IR/MariaRI/CH8/OR_ABI-L2-CMIPF-M3C08_G16_s20172591730382_e20172591741149_c20172591741216.nc
  Examining Tb file: ../../raw_Obs/GOESR_IR/MariaRI/CH8/OR_ABI-L2-CMIPF-M3C08_G16_s20172591745382_e20172591756149_c20172591756215.nc
  Examining Tb file: ../../raw_Obs/GOESR_IR/MariaRI/CH8/OR_ABI-L2-CMIPF-M3C08_G16_s20172591800380_e20172591811147_c20172591811219.nc
  OR_ABI-L2-CMIPF-M3C08_G16_s20172591800380_e20172591811147_c20172591811219.nc is collected.
  Examining Tb file: ../../raw_Obs/GOESR_IR/MariaRI/CH8/OR_ABI-L2-CMIPF-M3C08_G16_s20172591815380_e20172591826147_c20172591826217.nc
  Examining Tb file: ../../raw_Obs/GOESR_IR/MariaRI/CH8/OR_ABI-L2-CMIPF-M3C08_G16_s20172591830380_e20172591841147_c20172591841214.nc
  Examining Tb file: ../../raw_Obs/GOESR_IR/MariaRI/CH8/OR_ABI-L2-CMIPF-M3C08_G16_s20172591845380_e20172591856147_c20172591856219.nc
  Examining Tb file: ../../raw_Obs/GOESR_IR/MariaRI/CH8/OR_ABI-L2-CMIPF-M3C08_G16_s20172591900381_e20172591911147_c20172591911221.nc
  OR_ABI-L2-CMIPF-M3C08_G16_s20172591900381_e20172591911147_c20172591911221.nc is collected.
  Examining Tb file: ../../raw_Obs/GOESR_IR/MariaRI/CH8/OR_ABI-L2-CMIPF-M3C08_G16_s20172591915381_e20172591926148_c20172591926220.nc
  Examining Tb file: ../../raw_Obs/GOESR_IR/MariaRI/CH8/OR_ABI-L2-CMIPF-M3C08_G16_s20172591930381_e20172591941148_c20172591941209.nc
  Examining Tb file: ../../raw_Obs/GOESR_IR/MariaRI/CH8/OR_ABI-L2-CMIPF-M3C08_G16_s20172591945381_e20172591956148_c20172591956218.nc
  Examining Tb file: ../../raw_Obs/GOESR_IR/MariaRI/CH8/OR_ABI-L2-CMIPF-M3C08_G16_s20172592000381_e20172592011148_c20172592011218.nc
  OR_ABI-L2-CMIPF-M3C08_G16_s20172592000381_e20172592011148_c20172592011218.nc is collected.
  Examining Tb file: ../../raw_Obs/GOESR_IR/MariaRI/CH8/OR_ABI-L2-CMIPF-M3C08_G16_s20172592015381_e20172592026148_c20172592026218.nc
  Examining Tb file: ../../raw_Obs/GOESR_IR/MariaRI/CH8/OR_ABI-L2-CMIPF-M3C08_G16_s20172592030381_e20172592041148_c20172592041216.nc
  Examining Tb file: ../../raw_Obs/GOESR_IR/MariaRI/CH8/OR_ABI-L2-CMIPF-M3C08_G16_s20172592045381_e20172592056148_c20172592056220.nc
  Examining Tb file: ../../raw_Obs/GOESR_IR/MariaRI/CH8/OR_ABI-L2-CMIPF-M3C08_G16_s20172592100381_e20172592111148_c20172592111218.nc
  OR_ABI-L2-CMIPF-M3C08_G16_s20172592100381_e20172592111148_c20172592111218.nc is collected.
  Examining Tb file: ../../raw_Obs/GOESR_IR/MariaRI/CH8/OR_ABI-L2-CMIPF-M3C08_G16_s20172592115382_e20172592126148_c20172592126210.nc
  Examining Tb file: ../../raw_Obs/GOESR_IR/MariaRI/CH8/OR_ABI-L2-CMIPF-M3C08_G16_s20172592130382_e20172592141149_c20172592141206.nc
  Examining Tb file: ../../raw_Obs/GOESR_IR/MariaRI/CH8/OR_ABI-L2-CMIPF-M3C08_G16_s20172592145382_e20172592156149_c20172592156223.nc
  Examining Tb file: ../../raw_Obs/GOESR_IR/MariaRI/CH8/OR_ABI-L2-CMIPF-M3C08_G16_s20172592200382_e20172592211149_c20172592211222.nc
  OR_ABI-L2-CMIPF-M3C08_G16_s20172592200382_e20172592211149_c20172592211222.nc is collected.
  Examining Tb file: ../../raw_Obs/GOESR_IR/MariaRI/CH8/OR_ABI-L2-CMIPF-M3C08_G16_s20172592215382_e20172592226149_c20172592226217.nc
  Examining Tb file: ../../raw_Obs/GOESR_IR/MariaRI/CH8/OR_ABI-L2-CMIPF-M3C08_G16_s20172592230382_e20172592241149_c20172592241211.nc
  Examining Tb file: ../../raw_Obs/GOESR_IR/MariaRI/CH8/OR_ABI-L2-CMIPF-M3C08_G16_s20172592245382_e20172592256149_c20172592256215.nc
  Examining Tb file: ../../raw_Obs/GOESR_IR/MariaRI/CH8/OR_ABI-L2-CMIPF-M3C08_G16_s20172592300382_e20172592311149_c20172592311222.nc
  OR_ABI-L2-CMIPF-M3C08_G16_s20172592300382_e20172592311149_c20172592311222.nc is collected.
  Examining Tb file: ../../raw_Obs/GOESR_IR/MariaRI/CH8/OR_ABI-L2-CMIPF-M3C08_G16_s20172592315383_e20172592326149_c20172592326218.nc
  Examining Tb file: ../../raw_Obs/GOESR_IR/MariaRI/CH8/OR_ABI-L2-CMIPF-M3C08_G16_s20172592330383_e20172592341149_c20172592341218.nc
  Examining Tb file: ../../raw_Obs/GOESR_IR/MariaRI/CH8/OR_ABI-L2-CMIPF-M3C08_G16_s20172592345383_e20172592356150_c20172592356223.nc
  Examining Tb file: ../../raw_Obs/GOESR_IR/MariaRI/CH8/OR_ABI-L2-CMIPF-M3C08_G16_s20172600000383_e20172600011150_c20172600011220.nc
  OR_ABI-L2-CMIPF-M3C08_G16_s20172600000383_e20172600011150_c20172600011220.nc is collected.
  Examining Tb file: ../../raw_Obs/GOESR_IR/MariaRI/CH8/OR_ABI-L2-CMIPF-M3C08_G16_s20172600015383_e20172600026150_c20172600026217.nc
  Examining Tb file: ../../raw_Obs/GOESR_IR/MariaRI/CH8/OR_ABI-L2-CMIPF-M3C08_G16_s20172600030383_e20172600041150_c20172600041221.nc
  Examining Tb file: ../../raw_Obs/GOESR_IR/MariaRI/CH8/OR_ABI-L2-CMIPF-M3C08_G16_s20172600045383_e20172600056150_c20172600056219.nc
  Examining Tb file: ../../raw_Obs/GOESR_IR/MariaRI/CH8/OR_ABI-L2-CMIPF-M3C08_G16_s20172600100383_e20172600111150_c20172600111223.nc
  OR_ABI-L2-CMIPF-M3C08_G16_s20172600100383_e20172600111150_c20172600111223.nc is collected.
  Examining Tb file: ../../raw_Obs/GOESR_IR/MariaRI/CH8/OR_ABI-L2-CMIPF-M3C08_G16_s20172600115383_e20172600126150_c20172600126215.nc
  Examining Tb file: ../../raw_Obs/GOESR_IR/MariaRI/CH8/OR_ABI-L2-CMIPF-M3C08_G16_s20172600130384_e20172600141150_c20172600141220.nc
  Examining Tb file: ../../raw_Obs/GOESR_IR/MariaRI/CH8/OR_ABI-L2-CMIPF-M3C08_G16_s20172600145384_e20172600156150_c20172600156222.nc
  Examining Tb file: ../../raw_Obs/GOESR_IR/MariaRI/CH8/OR_ABI-L2-CMIPF-M3C08_G16_s20172600200384_e20172600211151_c20172600211218.nc
  OR_ABI-L2-CMIPF-M3C08_G16_s20172600200384_e20172600211151_c20172600211218.nc is collected.
  Examining Tb file: ../../raw_Obs/GOESR_IR/MariaRI/CH8/OR_ABI-L2-CMIPF-M3C08_G16_s20172600215384_e20172600226151_c20172600226222.nc
  Examining Tb file: ../../raw_Obs/GOESR_IR/MariaRI/CH8/OR_ABI-L2-CMIPF-M3C08_G16_s20172600230384_e20172600241151_c20172600241217.nc
  Examining Tb file: ../../raw_Obs/GOESR_IR/MariaRI/CH8/OR_ABI-L2-CMIPF-M3C08_G16_s20172600245384_e20172600256151_c20172600256222.nc
  Examining Tb file: ../../raw_Obs/GOESR_IR/MariaRI/CH8/OR_ABI-L2-CMIPF-M3C08_G16_s20172600300384_e20172600311151_c20172600311225.nc
  OR_ABI-L2-CMIPF-M3C08_G16_s20172600300384_e20172600311151_c20172600311225.nc is collected.
  Examining Tb file: ../../raw_Obs/GOESR_IR/MariaRI/CH8/OR_ABI-L2-CMIPF-M3C08_G16_s20172600315384_e20172600326151_c20172600326222.nc
  Examining Tb file: ../../raw_Obs/GOESR_IR/MariaRI/CH8/OR_ABI-L2-CMIPF-M3C08_G16_s20172600330384_e20172600341151_c20172600341220.nc
  Examining Tb file: ../../raw_Obs/GOESR_IR/MariaRI/CH8/OR_ABI-L2-CMIPF-M3C08_G16_s20172600345384_e20172600356151_c20172600356223.nc
  Examining Tb file: ../../raw_Obs/GOESR_IR/MariaRI/CH8/OR_ABI-L2-CMIPF-M3C08_G16_s20172600400385_e20172600411151_c20172600411219.nc
  OR_ABI-L2-CMIPF-M3C08_G16_s20172600400385_e20172600411151_c20172600411219.nc is collected.
  Examining Tb file: ../../raw_Obs/GOESR_IR/MariaRI/CH8/OR_ABI-L2-CMIPF-M3C08_G16_s20172600415385_e20172600426151_c20172600426222.nc
  Examining Tb file: ../../raw_Obs/GOESR_IR/MariaRI/CH8/OR_ABI-L2-CMIPF-M3C08_G16_s20172600430385_e20172600441152_c20172600441221.nc
  Examining Tb file: ../../raw_Obs/GOESR_IR/MariaRI/CH8/OR_ABI-L2-CMIPF-M3C08_G16_s20172600445385_e20172600456152_c20172600456200.nc
  Examining Tb file: ../../raw_Obs/GOESR_IR/MariaRI/CH8/OR_ABI-L2-CMIPF-M3C08_G16_s20172600500385_e20172600511152_c20172600511223.nc
  OR_ABI-L2-CMIPF-M3C08_G16_s20172600500385_e20172600511152_c20172600511223.nc is collected.
  Examining Tb file: ../../raw_Obs/GOESR_IR/MariaRI/CH8/OR_ABI-L2-CMIPF-M3C08_G16_s20172600515385_e20172600526152_c20172600526208.nc
  Examining Tb file: ../../raw_Obs/GOESR_IR/MariaRI/CH8/OR_ABI-L2-CMIPF-M3C08_G16_s20172600530385_e20172600541152_c20172600541219.nc
  Examining Tb file: ../../raw_Obs/GOESR_IR/MariaRI/CH8/OR_ABI-L2-CMIPF-M3C08_G16_s20172600545388_e20172600556154_c20172600556226.nc
  Examining Tb file: ../../raw_Obs/GOESR_IR/MariaRI/CH8/OR_ABI-L2-CMIPF-M3C08_G16_s20172600600388_e20172600611155_c20172600611222.nc
  OR_ABI-L2-CMIPF-M3C08_G16_s20172600600388_e20172600611155_c20172600611222.nc is collected.
  Examining Tb file: ../../raw_Obs/GOESR_IR/MariaRI/CH8/OR_ABI-L2-CMIPF-M3C08_G16_s20172600615388_e20172600626155_c20172600626227.nc
  Examining Tb file: ../../raw_Obs/GOESR_IR/MariaRI/CH8/OR_ABI-L2-CMIPF-M3C08_G16_s20172600630383_e20172600641150_c20172600641211.nc
  Examining Tb file: ../../raw_Obs/GOESR_IR/MariaRI/CH8/OR_ABI-L2-CMIPF-M3C08_G16_s20172600645383_e20172600656150_c20172600656223.nc
  Examining Tb file: ../../raw_Obs/GOESR_IR/MariaRI/CH8/OR_ABI-L2-CMIPF-M3C08_G16_s20172600700383_e20172600711150_c20172600711223.nc
  OR_ABI-L2-CMIPF-M3C08_G16_s20172600700383_e20172600711150_c20172600711223.nc is collected.
  Examining Tb file: ../../raw_Obs/GOESR_IR/MariaRI/CH8/OR_ABI-L2-CMIPF-M3C08_G16_s20172600715383_e20172600726150_c20172600726220.nc
  Examining Tb file: ../../raw_Obs/GOESR_IR/MariaRI/CH8/OR_ABI-L2-CMIPF-M3C08_G16_s20172600730383_e20172600741150_c20172600741220.nc
  Examining Tb file: ../../raw_Obs/GOESR_IR/MariaRI/CH8/OR_ABI-L2-CMIPF-M3C08_G16_s20172600745383_e20172600756150_c20172600756220.nc
  Examining Tb file: ../../raw_Obs/GOESR_IR/MariaRI/CH8/OR_ABI-L2-CMIPF-M3C08_G16_s20172600800383_e20172600811150_c20172600811199.nc
  OR_ABI-L2-CMIPF-M3C08_G16_s20172600800383_e20172600811150_c20172600811199.nc is collected.
  Examining Tb file: ../../raw_Obs/GOESR_IR/MariaRI/CH8/OR_ABI-L2-CMIPF-M3C08_G16_s20172600815384_e20172600826150_c20172600826193.nc
  Examining Tb file: ../../raw_Obs/GOESR_IR/MariaRI/CH8/OR_ABI-L2-CMIPF-M3C08_G16_s20172600830384_e20172600841150_c20172600841217.nc
  Examining Tb file: ../../raw_Obs/GOESR_IR/MariaRI/CH8/OR_ABI-L2-CMIPF-M3C08_G16_s20172600845384_e20172600856151_c20172600856207.nc
  Examining Tb file: ../../raw_Obs/GOESR_IR/MariaRI/CH8/OR_ABI-L2-CMIPF-M3C08_G16_s20172600900384_e20172600911151_c20172600911222.nc
  OR_ABI-L2-CMIPF-M3C08_G16_s20172600900384_e20172600911151_c20172600911222.nc is collected.
  Examining Tb file: ../../raw_Obs/GOESR_IR/MariaRI/CH8/OR_ABI-L2-CMIPF-M3C08_G16_s20172600915384_e20172600926151_c20172600926216.nc
  Examining Tb file: ../../raw_Obs/GOESR_IR/MariaRI/CH8/OR_ABI-L2-CMIPF-M3C08_G16_s20172600930384_e20172600941151_c20172600941218.nc
  Examining Tb file: ../../raw_Obs/GOESR_IR/MariaRI/CH8/OR_ABI-L2-CMIPF-M3C08_G16_s20172600945384_e20172600956151_c20172600956221.nc
  Examining Tb file: ../../raw_Obs/GOESR_IR/MariaRI/CH8/OR_ABI-L2-CMIPF-M3C08_G16_s20172601000384_e20172601011151_c20172601011226.nc
  OR_ABI-L2-CMIPF-M3C08_G16_s20172601000384_e20172601011151_c20172601011226.nc is collected.
  Examining Tb file: ../../raw_Obs/GOESR_IR/MariaRI/CH8/OR_ABI-L2-CMIPF-M3C08_G16_s20172601015384_e20172601026151_c20172601026199.nc
  Examining Tb file: ../../raw_Obs/GOESR_IR/MariaRI/CH8/OR_ABI-L2-CMIPF-M3C08_G16_s20172601030384_e20172601041151_c20172601041218.nc
  Examining Tb file: ../../raw_Obs/GOESR_IR/MariaRI/CH8/OR_ABI-L2-CMIPF-M3C08_G16_s20172601045385_e20172601056151_c20172601056224.nc
  Examining Tb file: ../../raw_Obs/GOESR_IR/MariaRI/CH8/OR_ABI-L2-CMIPF-M3C08_G16_s20172601100385_e20172601111151_c20172601111220.nc
  OR_ABI-L2-CMIPF-M3C08_G16_s20172601100385_e20172601111151_c20172601111220.nc is collected.
  Examining Tb file: ../../raw_Obs/GOESR_IR/MariaRI/CH8/OR_ABI-L2-CMIPF-M3C08_G16_s20172601115385_e20172601126152_c20172601126200.nc
  Examining Tb file: ../../raw_Obs/GOESR_IR/MariaRI/CH8/OR_ABI-L2-CMIPF-M3C08_G16_s20172601130385_e20172601141152_c20172601141217.nc
  Examining Tb file: ../../raw_Obs/GOESR_IR/MariaRI/CH8/OR_ABI-L2-CMIPF-M3C08_G16_s20172601145385_e20172601156152_c20172601156211.nc
  Examining Tb file: ../../raw_Obs/GOESR_IR/MariaRI/CH8/OR_ABI-L2-CMIPF-M3C08_G16_s20172601200385_e20172601211152_c20172601211225.nc
  OR_ABI-L2-CMIPF-M3C08_G16_s20172601200385_e20172601211152_c20172601211225.nc is collected.
  Examining Tb file: ../../raw_Obs/GOESR_IR/MariaRI/CH8/OR_ABI-L2-CMIPF-M3C08_G16_s20172601215385_e20172601226152_c20172601226218.nc
  Examining Tb file: ../../raw_Obs/GOESR_IR/MariaRI/CH8/OR_ABI-L2-CMIPF-M3C08_G16_s20172601230385_e20172601241152_c20172601241219.nc
  Examining Tb file: ../../raw_Obs/GOESR_IR/MariaRI/CH8/OR_ABI-L2-CMIPF-M3C08_G16_s20172601245385_e20172601256152_c20172601256220.nc
  Examining Tb file: ../../raw_Obs/GOESR_IR/MariaRI/CH8/OR_ABI-L2-CMIPF-M3C08_G16_s20172601300385_e20172601311152_c20172601311220.nc
  OR_ABI-L2-CMIPF-M3C08_G16_s20172601300385_e20172601311152_c20172601311220.nc is collected.
  Examining Tb file: ../../raw_Obs/GOESR_IR/MariaRI/CH8/OR_ABI-L2-CMIPF-M3C08_G16_s20172601315385_e20172601326152_c20172601326218.nc
  Examining Tb file: ../../raw_Obs/GOESR_IR/MariaRI/CH8/OR_ABI-L2-CMIPF-M3C08_G16_s20172601330386_e20172601341152_c20172601341220.nc
  Examining Tb file: ../../raw_Obs/GOESR_IR/MariaRI/CH8/OR_ABI-L2-CMIPF-M3C08_G16_s20172601345386_e20172601356153_c20172601356224.nc
  Examining Tb file: ../../raw_Obs/GOESR_IR/MariaRI/CH8/OR_ABI-L2-CMIPF-M3C08_G16_s20172601400386_e20172601411153_c20172601411220.nc
  OR_ABI-L2-CMIPF-M3C08_G16_s20172601400386_e20172601411153_c20172601411220.nc is collected.
  Examining Tb file: ../../raw_Obs/GOESR_IR/MariaRI/CH8/OR_ABI-L2-CMIPF-M3C08_G16_s20172601415386_e20172601426153_c20172601426199.nc
  Examining Tb file: ../../raw_Obs/GOESR_IR/MariaRI/CH8/OR_ABI-L2-CMIPF-M3C08_G16_s20172601430386_e20172601441153_c20172601441218.nc
  Examining Tb file: ../../raw_Obs/GOESR_IR/MariaRI/CH8/OR_ABI-L2-CMIPF-M3C08_G16_s20172601445386_e20172601456153_c20172601456220.nc
  Examining Tb file: ../../raw_Obs/GOESR_IR/MariaRI/CH8/OR_ABI-L2-CMIPF-M3C08_G16_s20172601500386_e20172601511153_c20172601511227.nc
  OR_ABI-L2-CMIPF-M3C08_G16_s20172601500386_e20172601511153_c20172601511227.nc is collected.
  Examining Tb file: ../../raw_Obs/GOESR_IR/MariaRI/CH8/OR_ABI-L2-CMIPF-M3C08_G16_s20172601515386_e20172601526153_c20172601526219.nc
  Examining Tb file: ../../raw_Obs/GOESR_IR/MariaRI/CH8/OR_ABI-L2-CMIPF-M3C08_G16_s20172601530386_e20172601541153_c20172601541223.nc
  Examining Tb file: ../../raw_Obs/GOESR_IR/MariaRI/CH8/OR_ABI-L2-CMIPF-M3C08_G16_s20172601545386_e20172601556153_c20172601556222.nc
  Examining Tb file: ../../raw_Obs/GOESR_IR/MariaRI/CH8/OR_ABI-L2-CMIPF-M3C08_G16_s20172601600387_e20172601611153_c20172601611223.nc
  OR_ABI-L2-CMIPF-M3C08_G16_s20172601600387_e20172601611153_c20172601611223.nc is collected.
  Examining Tb file: ../../raw_Obs/GOESR_IR/MariaRI/CH8/OR_ABI-L2-CMIPF-M3C08_G16_s20172601615387_e20172601626153_c20172601626223.nc
  Examining Tb file: ../../raw_Obs/GOESR_IR/MariaRI/CH8/OR_ABI-L2-CMIPF-M3C08_G16_s20172601630387_e20172601641154_c20172601641217.nc
  Examining Tb file: ../../raw_Obs/GOESR_IR/MariaRI/CH8/OR_ABI-L2-CMIPF-M3C08_G16_s20172601645387_e20172601656154_c20172601656200.nc
  Examining Tb file: ../../raw_Obs/GOESR_IR/MariaRI/CH8/OR_ABI-L2-CMIPF-M3C08_G16_s20172601700387_e20172601711154_c20172601711224.nc
  OR_ABI-L2-CMIPF-M3C08_G16_s20172601700387_e20172601711154_c20172601711224.nc is collected.
  Examining Tb file: ../../raw_Obs/GOESR_IR/MariaRI/CH8/OR_ABI-L2-CMIPF-M3C08_G16_s20172601715387_e20172601726154_c20172601726223.nc
  Examining Tb file: ../../raw_Obs/GOESR_IR/MariaRI/CH8/OR_ABI-L2-CMIPF-M3C08_G16_s20172601730387_e20172601741154_c20172601741199.nc
  Examining Tb file: ../../raw_Obs/GOESR_IR/MariaRI/CH8/OR_ABI-L2-CMIPF-M3C08_G16_s20172601745385_e20172601756152_c20172601756227.nc
  Examining Tb file: ../../raw_Obs/GOESR_IR/MariaRI/CH8/OR_ABI-L2-CMIPF-M3C08_G16_s20172601800385_e20172601811152_c20172601811221.nc
  OR_ABI-L2-CMIPF-M3C08_G16_s20172601800385_e20172601811152_c20172601811221.nc is collected.
  Examining Tb file: ../../raw_Obs/GOESR_IR/MariaRI/CH8/OR_ABI-L2-CMIPF-M3C08_G16_s20172601815385_e20172601826152_c20172601826220.nc
  Examining Tb file: ../../raw_Obs/GOESR_IR/MariaRI/CH8/OR_ABI-L2-CMIPF-M3C08_G16_s20172601830385_e20172601841152_c20172601841224.nc
  Examining Tb file: ../../raw_Obs/GOESR_IR/MariaRI/CH8/OR_ABI-L2-CMIPF-M3C08_G16_s20172601845385_e20172601856152_c20172601856217.nc
  Examining Tb file: ../../raw_Obs/GOESR_IR/MariaRI/CH8/OR_ABI-L2-CMIPF-M3C08_G16_s20172601900385_e20172601911152_c20172601911221.nc
  OR_ABI-L2-CMIPF-M3C08_G16_s20172601900385_e20172601911152_c20172601911221.nc is collected.
  Examining Tb file: ../../raw_Obs/GOESR_IR/MariaRI/CH8/OR_ABI-L2-CMIPF-M3C08_G16_s20172601915386_e20172601926152_c20172601926223.nc
  Examining Tb file: ../../raw_Obs/GOESR_IR/MariaRI/CH8/OR_ABI-L2-CMIPF-M3C08_G16_s20172601930386_e20172601941153_c20172601941222.nc
  Examining Tb file: ../../raw_Obs/GOESR_IR/MariaRI/CH8/OR_ABI-L2-CMIPF-M3C08_G16_s20172601945386_e20172601956153_c20172601956225.nc
  Examining Tb file: ../../raw_Obs/GOESR_IR/MariaRI/CH8/OR_ABI-L2-CMIPF-M3C08_G16_s20172602000386_e20172602011153_c20172602011222.nc
  OR_ABI-L2-CMIPF-M3C08_G16_s20172602000386_e20172602011153_c20172602011222.nc is collected.
  Examining Tb file: ../../raw_Obs/GOESR_IR/MariaRI/CH8/OR_ABI-L2-CMIPF-M3C08_G16_s20172602015386_e20172602026153_c20172602026223.nc
  Examining Tb file: ../../raw_Obs/GOESR_IR/MariaRI/CH8/OR_ABI-L2-CMIPF-M3C08_G16_s20172602030386_e20172602041153_c20172602041226.nc
  Examining Tb file: ../../raw_Obs/GOESR_IR/MariaRI/CH8/OR_ABI-L2-CMIPF-M3C08_G16_s20172602045386_e20172602056153_c20172602056222.nc
  Examining Tb file: ../../raw_Obs/GOESR_IR/MariaRI/CH8/OR_ABI-L2-CMIPF-M3C08_G16_s20172602100386_e20172602111153_c20172602111226.nc
  OR_ABI-L2-CMIPF-M3C08_G16_s20172602100386_e20172602111153_c20172602111226.nc is collected.
  Examining Tb file: ../../raw_Obs/GOESR_IR/MariaRI/CH8/OR_ABI-L2-CMIPF-M3C08_G16_s20172602115386_e20172602126153_c20172602126224.nc
  Examining Tb file: ../../raw_Obs/GOESR_IR/MariaRI/CH8/OR_ABI-L2-CMIPF-M3C08_G16_s20172602130386_e20172602141153_c20172602141219.nc
  Examining Tb file: ../../raw_Obs/GOESR_IR/MariaRI/CH8/OR_ABI-L2-CMIPF-M3C08_G16_s20172602145386_e20172602156153_c20172602156225.nc
  Examining Tb file: ../../raw_Obs/GOESR_IR/MariaRI/CH8/OR_ABI-L2-CMIPF-M3C08_G16_s20172602200387_e20172602211153_c20172602211224.nc
  OR_ABI-L2-CMIPF-M3C08_G16_s20172602200387_e20172602211153_c20172602211224.nc is collected.
  Examining Tb file: ../../raw_Obs/GOESR_IR/MariaRI/CH8/OR_ABI-L2-CMIPF-M3C08_G16_s20172602215387_e20172602226154_c20172602226219.nc
  Examining Tb file: ../../raw_Obs/GOESR_IR/MariaRI/CH8/OR_ABI-L2-CMIPF-M3C08_G16_s20172602230387_e20172602241154_c20172602241223.nc
  Examining Tb file: ../../raw_Obs/GOESR_IR/MariaRI/CH8/OR_ABI-L2-CMIPF-M3C08_G16_s20172602245387_e20172602256154_c20172602256221.nc
  Examining Tb file: ../../raw_Obs/GOESR_IR/MariaRI/CH8/OR_ABI-L2-CMIPF-M3C08_G16_s20172602300387_e20172602311154_c20172602311221.nc
  OR_ABI-L2-CMIPF-M3C08_G16_s20172602300387_e20172602311154_c20172602311221.nc is collected.
  Examining Tb file: ../../raw_Obs/GOESR_IR/MariaRI/CH8/OR_ABI-L2-CMIPF-M3C08_G16_s20172602315387_e20172602326154_c20172602326219.nc
  Examining Tb file: ../../raw_Obs/GOESR_IR/MariaRI/CH8/OR_ABI-L2-CMIPF-M3C08_G16_s20172602330387_e20172602341154_c20172602341229.nc
  Examining Tb file: ../../raw_Obs/GOESR_IR/MariaRI/CH8/OR_ABI-L2-CMIPF-M3C08_G16_s20172602345387_e20172602356154_c20172602356225.nc
  Examining Tb file: ../../raw_Obs/GOESR_IR/MariaRI/CH8/OR_ABI-L2-CMIPF-M3C08_G16_s20172610000387_e20172610011154_c20172610011222.nc
  OR_ABI-L2-CMIPF-M3C08_G16_s20172610000387_e20172610011154_c20172610011222.nc is collected.
Dealing with file(s) at DAtime: 201709160000
  min of xlong: -50.0142, max of xlong: -41.5858
  min of xlat: 7.2979, max of xlat: 15.9021
  File: ../../raw_Obs/Collected_IR/MariaRI/DAt201709160000_GOESR_ABI_L2_CMIPF_CH8.nc
  Output processed GOESR obs file: ../../toEnKFobs/GOESR_IR/MariaRI/radiance_d03_201709160000_so
Dealing with file(s) at DAtime: 201709160100
  min of xlong: -50.2975, max of xlong: -41.8691
  min of xlat: 7.38, max of xlat: 15.9867
  File: ../../raw_Obs/Collected_IR/MariaRI/DAt201709160100_GOESR_ABI_L2_CMIPF_CH8.nc
  Output processed GOESR obs file: ../../toEnKFobs/GOESR_IR/MariaRI/radiance_d03_201709160100_so
Dealing with file(s) at DAtime: 201709160200
  min of xlong: -50.5809, max of xlong: -42.1525
  min of xlat: 7.462, max of xlat: 16.0713
  File: ../../raw_Obs/Collected_IR/MariaRI/DAt201709160200_GOESR_ABI_L2_CMIPF_CH8.nc
  Output processed GOESR obs file: ../../toEnKFobs/GOESR_IR/MariaRI/radiance_d03_201709160200_so
Dealing with file(s) at DAtime: 201709160300
  min of xlong: -50.8642, max of xlong: -42.4358
  min of xlat: 7.544, max of xlat: 16.156
  File: ../../raw_Obs/Collected_IR/MariaRI/DAt201709160300_GOESR_ABI_L2_CMIPF_CH8.nc
  Output processed GOESR obs file: ../../toEnKFobs/GOESR_IR/MariaRI/radiance_d03_201709160300_so
Dealing with file(s) at DAtime: 201709160400
  min of xlong: -51.1475, max of xlong: -42.7191
  min of xlat: 7.6261, max of xlat: 16.2406
  File: ../../raw_Obs/Collected_IR/MariaRI/DAt201709160400_GOESR_ABI_L2_CMIPF_CH8.nc
  Output processed GOESR obs file: ../../toEnKFobs/GOESR_IR/MariaRI/radiance_d03_201709160400_so
Dealing with file(s) at DAtime: 201709160500
  min of xlong: -51.4309, max of xlong: -43.0025
  min of xlat: 7.7081, max of xlat: 16.3253
  File: ../../raw_Obs/Collected_IR/MariaRI/DAt201709160500_GOESR_ABI_L2_CMIPF_CH8.nc
  Output processed GOESR obs file: ../../toEnKFobs/GOESR_IR/MariaRI/radiance_d03_201709160500_so
Dealing with file(s) at DAtime: 201709160600
  min of xlong: -51.7142, max of xlong: -43.2858
  min of xlat: 7.7901, max of xlat: 16.4099
  File: ../../raw_Obs/Collected_IR/MariaRI/DAt201709160600_GOESR_ABI_L2_CMIPF_CH8.nc
  Output processed GOESR obs file: ../../toEnKFobs/GOESR_IR/MariaRI/radiance_d03_201709160600_so
Dealing with file(s) at DAtime: 201709160700
  min of xlong: -52.0809, max of xlong: -43.6525
  min of xlat: 7.8065, max of xlat: 16.4269
  File: ../../raw_Obs/Collected_IR/MariaRI/DAt201709160700_GOESR_ABI_L2_CMIPF_CH8.nc
  Output processed GOESR obs file: ../../toEnKFobs/GOESR_IR/MariaRI/radiance_d03_201709160700_so
Dealing with file(s) at DAtime: 201709160800
  min of xlong: -52.4475, max of xlong: -44.0191
  min of xlat: 7.8229, max of xlat: 16.4438
  File: ../../raw_Obs/Collected_IR/MariaRI/DAt201709160800_GOESR_ABI_L2_CMIPF_CH8.nc
  Output processed GOESR obs file: ../../toEnKFobs/GOESR_IR/MariaRI/radiance_d03_201709160800_so
Dealing with file(s) at DAtime: 201709160900
  min of xlong: -52.8142, max of xlong: -44.3858
  min of xlat: 7.8392, max of xlat: 16.4608
  File: ../../raw_Obs/Collected_IR/MariaRI/DAt201709160900_GOESR_ABI_L2_CMIPF_CH8.nc
  Output processed GOESR obs file: ../../toEnKFobs/GOESR_IR/MariaRI/radiance_d03_201709160900_so
Dealing with file(s) at DAtime: 201709161000
  min of xlong: -53.1809, max of xlong: -44.7525
  min of xlat: 7.8556, max of xlat: 16.4777
  File: ../../raw_Obs/Collected_IR/MariaRI/DAt201709161000_GOESR_ABI_L2_CMIPF_CH8.nc
  Output processed GOESR obs file: ../../toEnKFobs/GOESR_IR/MariaRI/radiance_d03_201709161000_so
Dealing with file(s) at DAtime: 201709161100
  min of xlong: -53.5475, max of xlong: -45.1191
  min of xlat: 7.872, max of xlat: 16.4946
  File: ../../raw_Obs/Collected_IR/MariaRI/DAt201709161100_GOESR_ABI_L2_CMIPF_CH8.nc
  Output processed GOESR obs file: ../../toEnKFobs/GOESR_IR/MariaRI/radiance_d03_201709161100_so
Dealing with file(s) at DAtime: 201709161200
  min of xlong: -53.9142, max of xlong: -45.4858
  min of xlat: 7.8884, max of xlat: 16.5116
  File: ../../raw_Obs/Collected_IR/MariaRI/DAt201709161200_GOESR_ABI_L2_CMIPF_CH8.nc
  Output processed GOESR obs file: ../../toEnKFobs/GOESR_IR/MariaRI/radiance_d03_201709161200_so
Dealing with file(s) at DAtime: 201709161300
  min of xlong: -54.2475, max of xlong: -45.8191
  min of xlat: 7.8884, max of xlat: 16.5116
  File: ../../raw_Obs/Collected_IR/MariaRI/DAt201709161300_GOESR_ABI_L2_CMIPF_CH8.nc
  Output processed GOESR obs file: ../../toEnKFobs/GOESR_IR/MariaRI/radiance_d03_201709161300_so
Dealing with file(s) at DAtime: 201709161400
  min of xlong: -54.5809, max of xlong: -46.1525
  min of xlat: 7.8884, max of xlat: 16.5116
  File: ../../raw_Obs/Collected_IR/MariaRI/DAt201709161400_GOESR_ABI_L2_CMIPF_CH8.nc
  Output processed GOESR obs file: ../../toEnKFobs/GOESR_IR/MariaRI/radiance_d03_201709161400_so
Dealing with file(s) at DAtime: 201709161500
  min of xlong: -54.9142, max of xlong: -46.4858
  min of xlat: 7.8884, max of xlat: 16.5116
  File: ../../raw_Obs/Collected_IR/MariaRI/DAt201709161500_GOESR_ABI_L2_CMIPF_CH8.nc
  Output processed GOESR obs file: ../../toEnKFobs/GOESR_IR/MariaRI/radiance_d03_201709161500_so
Dealing with file(s) at DAtime: 201709161600
  min of xlong: -55.2475, max of xlong: -46.8191
  min of xlat: 7.8884, max of xlat: 16.5116
  File: ../../raw_Obs/Collected_IR/MariaRI/DAt201709161600_GOESR_ABI_L2_CMIPF_CH8.nc
  Output processed GOESR obs file: ../../toEnKFobs/GOESR_IR/MariaRI/radiance_d03_201709161600_so
Dealing with file(s) at DAtime: 201709161700
  min of xlong: -55.5809, max of xlong: -47.1525
  min of xlat: 7.8884, max of xlat: 16.5116
  File: ../../raw_Obs/Collected_IR/MariaRI/DAt201709161700_GOESR_ABI_L2_CMIPF_CH8.nc
  Output processed GOESR obs file: ../../toEnKFobs/GOESR_IR/MariaRI/radiance_d03_201709161700_so
Dealing with file(s) at DAtime: 201709161800
  min of xlong: -55.9142, max of xlong: -47.4858
  min of xlat: 7.8884, max of xlat: 16.5116
  File: ../../raw_Obs/Collected_IR/MariaRI/DAt201709161800_GOESR_ABI_L2_CMIPF_CH8.nc
  Output processed GOESR obs file: ../../toEnKFobs/GOESR_IR/MariaRI/radiance_d03_201709161800_so
Dealing with file(s) at DAtime: 201709161900
  min of xlong: -56.1475, max of xlong: -47.7191
  min of xlat: 7.9212, max of xlat: 16.5454
  File: ../../raw_Obs/Collected_IR/MariaRI/DAt201709161900_GOESR_ABI_L2_CMIPF_CH8.nc
  Output processed GOESR obs file: ../../toEnKFobs/GOESR_IR/MariaRI/radiance_d03_201709161900_so
Dealing with file(s) at DAtime: 201709162000
  min of xlong: -56.3809, max of xlong: -47.9525
  min of xlat: 7.954, max of xlat: 16.5793
  File: ../../raw_Obs/Collected_IR/MariaRI/DAt201709162000_GOESR_ABI_L2_CMIPF_CH8.nc
  Output processed GOESR obs file: ../../toEnKFobs/GOESR_IR/MariaRI/radiance_d03_201709162000_so
Dealing with file(s) at DAtime: 201709162100
  min of xlong: -56.6142, max of xlong: -48.1858
  min of xlat: 7.9868, max of xlat: 16.6132
  File: ../../raw_Obs/Collected_IR/MariaRI/DAt201709162100_GOESR_ABI_L2_CMIPF_CH8.nc
  Output processed GOESR obs file: ../../toEnKFobs/GOESR_IR/MariaRI/radiance_d03_201709162100_so
Dealing with file(s) at DAtime: 201709162200
  min of xlong: -56.8475, max of xlong: -48.4191
  min of xlat: 8.0196, max of xlat: 16.6471
  File: ../../raw_Obs/Collected_IR/MariaRI/DAt201709162200_GOESR_ABI_L2_CMIPF_CH8.nc
  Output processed GOESR obs file: ../../toEnKFobs/GOESR_IR/MariaRI/radiance_d03_201709162200_so
Dealing with file(s) at DAtime: 201709162300
  min of xlong: -57.0809, max of xlong: -48.6525
  min of xlat: 8.0524, max of xlat: 16.681
  File: ../../raw_Obs/Collected_IR/MariaRI/DAt201709162300_GOESR_ABI_L2_CMIPF_CH8.nc
  Output processed GOESR obs file: ../../toEnKFobs/GOESR_IR/MariaRI/radiance_d03_201709162300_so
Dealing with file(s) at DAtime: 201709170000
  min of xlong: -57.3142, max of xlong: -48.8858
  min of xlat: 8.0852, max of xlat: 16.7148
  File: ../../raw_Obs/Collected_IR/MariaRI/DAt201709170000_GOESR_ABI_L2_CMIPF_CH8.nc
  Output processed GOESR obs file: ../../toEnKFobs/GOESR_IR/MariaRI/radiance_d03_201709170000_so
Dealing with file(s) at DAtime: 201709170100
  min of xlong: -57.5142, max of xlong: -49.0858
  min of xlat: 8.1507, max of xlat: 16.7826
  File: ../../raw_Obs/Collected_IR/MariaRI/DAt201709170100_GOESR_ABI_L2_CMIPF_CH8.nc
  Output processed GOESR obs file: ../../toEnKFobs/GOESR_IR/MariaRI/radiance_d03_201709170100_so
Dealing with file(s) at DAtime: 201709170200
  min of xlong: -57.7142, max of xlong: -49.2858
  min of xlat: 8.2163, max of xlat: 16.8504
  File: ../../raw_Obs/Collected_IR/MariaRI/DAt201709170200_GOESR_ABI_L2_CMIPF_CH8.nc
  Output processed GOESR obs file: ../../toEnKFobs/GOESR_IR/MariaRI/radiance_d03_201709170200_so
Dealing with file(s) at DAtime: 201709170300
  min of xlong: -57.9142, max of xlong: -49.4858
  min of xlat: 8.2818, max of xlat: 16.9182
  File: ../../raw_Obs/Collected_IR/MariaRI/DAt201709170300_GOESR_ABI_L2_CMIPF_CH8.nc
  Output processed GOESR obs file: ../../toEnKFobs/GOESR_IR/MariaRI/radiance_d03_201709170300_so
Dealing with file(s) at DAtime: 201709170400
  min of xlong: -58.1142, max of xlong: -49.6858
  min of xlat: 8.3474, max of xlat: 16.986
  File: ../../raw_Obs/Collected_IR/MariaRI/DAt201709170400_GOESR_ABI_L2_CMIPF_CH8.nc
  Output processed GOESR obs file: ../../toEnKFobs/GOESR_IR/MariaRI/radiance_d03_201709170400_so
Dealing with file(s) at DAtime: 201709170500
  min of xlong: -58.3142, max of xlong: -49.8858
  min of xlat: 8.4129, max of xlat: 17.0538
  File: ../../raw_Obs/Collected_IR/MariaRI/DAt201709170500_GOESR_ABI_L2_CMIPF_CH8.nc
  Output processed GOESR obs file: ../../toEnKFobs/GOESR_IR/MariaRI/radiance_d03_201709170500_so
Dealing with file(s) at DAtime: 201709170600
  min of xlong: -58.5142, max of xlong: -50.0858
  min of xlat: 8.4784, max of xlat: 17.1216
  File: ../../raw_Obs/Collected_IR/MariaRI/DAt201709170600_GOESR_ABI_L2_CMIPF_CH8.nc
  Output processed GOESR obs file: ../../toEnKFobs/GOESR_IR/MariaRI/radiance_d03_201709170600_so
Dealing with file(s) at DAtime: 201709170700
  min of xlong: -58.7475, max of xlong: -50.3191
  min of xlat: 8.5603, max of xlat: 17.2063
  File: ../../raw_Obs/Collected_IR/MariaRI/DAt201709170700_GOESR_ABI_L2_CMIPF_CH8.nc
  Output processed GOESR obs file: ../../toEnKFobs/GOESR_IR/MariaRI/radiance_d03_201709170700_so
Dealing with file(s) at DAtime: 201709170800
  min of xlong: -58.9809, max of xlong: -50.5525
  min of xlat: 8.6422, max of xlat: 17.2911
  File: ../../raw_Obs/Collected_IR/MariaRI/DAt201709170800_GOESR_ABI_L2_CMIPF_CH8.nc
  Output processed GOESR obs file: ../../toEnKFobs/GOESR_IR/MariaRI/radiance_d03_201709170800_so
Dealing with file(s) at DAtime: 201709170900
  min of xlong: -59.2142, max of xlong: -50.7858
  min of xlat: 8.7241, max of xlat: 17.3759
  File: ../../raw_Obs/Collected_IR/MariaRI/DAt201709170900_GOESR_ABI_L2_CMIPF_CH8.nc
  Output processed GOESR obs file: ../../toEnKFobs/GOESR_IR/MariaRI/radiance_d03_201709170900_so
Dealing with file(s) at DAtime: 201709171000
  min of xlong: -59.4475, max of xlong: -51.0191
  min of xlat: 8.806, max of xlat: 17.4607
  File: ../../raw_Obs/Collected_IR/MariaRI/DAt201709171000_GOESR_ABI_L2_CMIPF_CH8.nc
  Output processed GOESR obs file: ../../toEnKFobs/GOESR_IR/MariaRI/radiance_d03_201709171000_so
Dealing with file(s) at DAtime: 201709171100
  min of xlong: -59.6809, max of xlong: -51.2525
  min of xlat: 8.8878, max of xlat: 17.5455
  File: ../../raw_Obs/Collected_IR/MariaRI/DAt201709171100_GOESR_ABI_L2_CMIPF_CH8.nc
  Output processed GOESR obs file: ../../toEnKFobs/GOESR_IR/MariaRI/radiance_d03_201709171100_so
Dealing with file(s) at DAtime: 201709171200
  min of xlong: -59.9142, max of xlong: -51.4858
  min of xlat: 8.9697, max of xlat: 17.6303
  File: ../../raw_Obs/Collected_IR/MariaRI/DAt201709171200_GOESR_ABI_L2_CMIPF_CH8.nc
  Output processed GOESR obs file: ../../toEnKFobs/GOESR_IR/MariaRI/radiance_d03_201709171200_so
Dealing with file(s) at DAtime: 201709171300
  min of xlong: -60.1309, max of xlong: -51.7025
  min of xlat: 9.0188, max of xlat: 17.6812
  File: ../../raw_Obs/Collected_IR/MariaRI/DAt201709171300_GOESR_ABI_L2_CMIPF_CH8.nc
  Output processed GOESR obs file: ../../toEnKFobs/GOESR_IR/MariaRI/radiance_d03_201709171300_so
Dealing with file(s) at DAtime: 201709171400
  min of xlong: -60.3475, max of xlong: -51.9191
  min of xlat: 9.0679, max of xlat: 17.7321
  File: ../../raw_Obs/Collected_IR/MariaRI/DAt201709171400_GOESR_ABI_L2_CMIPF_CH8.nc
  Output processed GOESR obs file: ../../toEnKFobs/GOESR_IR/MariaRI/radiance_d03_201709171400_so
Dealing with file(s) at DAtime: 201709171500
  min of xlong: -60.5642, max of xlong: -52.1358
  min of xlat: 9.117, max of xlat: 17.783
  File: ../../raw_Obs/Collected_IR/MariaRI/DAt201709171500_GOESR_ABI_L2_CMIPF_CH8.nc
  Output processed GOESR obs file: ../../toEnKFobs/GOESR_IR/MariaRI/radiance_d03_201709171500_so
Dealing with file(s) at DAtime: 201709171600
  min of xlong: -60.7809, max of xlong: -52.3525
  min of xlat: 9.1661, max of xlat: 17.8339
  File: ../../raw_Obs/Collected_IR/MariaRI/DAt201709171600_GOESR_ABI_L2_CMIPF_CH8.nc
  Output processed GOESR obs file: ../../toEnKFobs/GOESR_IR/MariaRI/radiance_d03_201709171600_so
Dealing with file(s) at DAtime: 201709171700
  min of xlong: -60.9975, max of xlong: -52.5691
  min of xlat: 9.2152, max of xlat: 17.8848
  File: ../../raw_Obs/Collected_IR/MariaRI/DAt201709171700_GOESR_ABI_L2_CMIPF_CH8.nc
  Output processed GOESR obs file: ../../toEnKFobs/GOESR_IR/MariaRI/radiance_d03_201709171700_so
Dealing with file(s) at DAtime: 201709171800
  min of xlong: -61.2142, max of xlong: -52.7858
  min of xlat: 9.2642, max of xlat: 17.9358
  File: ../../raw_Obs/Collected_IR/MariaRI/DAt201709171800_GOESR_ABI_L2_CMIPF_CH8.nc
  Output processed GOESR obs file: ../../toEnKFobs/GOESR_IR/MariaRI/radiance_d03_201709171800_so
Dealing with file(s) at DAtime: 201709171900
  min of xlong: -61.3809, max of xlong: -52.9525
  min of xlat: 9.3297, max of xlat: 18.0036
  File: ../../raw_Obs/Collected_IR/MariaRI/DAt201709171900_GOESR_ABI_L2_CMIPF_CH8.nc
  Output processed GOESR obs file: ../../toEnKFobs/GOESR_IR/MariaRI/radiance_d03_201709171900_so
Dealing with file(s) at DAtime: 201709172000
  min of xlong: -61.5475, max of xlong: -53.1191
  min of xlat: 9.3951, max of xlat: 18.0715
  File: ../../raw_Obs/Collected_IR/MariaRI/DAt201709172000_GOESR_ABI_L2_CMIPF_CH8.nc
  Output processed GOESR obs file: ../../toEnKFobs/GOESR_IR/MariaRI/radiance_d03_201709172000_so
Dealing with file(s) at DAtime: 201709172100
  min of xlong: -61.7142, max of xlong: -53.2858
  min of xlat: 9.4605, max of xlat: 18.1395
  File: ../../raw_Obs/Collected_IR/MariaRI/DAt201709172100_GOESR_ABI_L2_CMIPF_CH8.nc
  Output processed GOESR obs file: ../../toEnKFobs/GOESR_IR/MariaRI/radiance_d03_201709172100_so
Dealing with file(s) at DAtime: 201709172200
  min of xlong: -61.8809, max of xlong: -53.4525
  min of xlat: 9.526, max of xlat: 18.2074
  File: ../../raw_Obs/Collected_IR/MariaRI/DAt201709172200_GOESR_ABI_L2_CMIPF_CH8.nc
  Output processed GOESR obs file: ../../toEnKFobs/GOESR_IR/MariaRI/radiance_d03_201709172200_so
Dealing with file(s) at DAtime: 201709172300
  min of xlong: -62.0475, max of xlong: -53.6191
  min of xlat: 9.5914, max of xlat: 18.2753
  File: ../../raw_Obs/Collected_IR/MariaRI/DAt201709172300_GOESR_ABI_L2_CMIPF_CH8.nc
  Output processed GOESR obs file: ../../toEnKFobs/GOESR_IR/MariaRI/radiance_d03_201709172300_so
Dealing with file(s) at DAtime: 201709180000
  min of xlong: -62.2142, max of xlong: -53.7858
  min of xlat: 9.6568, max of xlat: 18.3432
  File: ../../raw_Obs/Collected_IR/MariaRI/DAt201709180000_GOESR_ABI_L2_CMIPF_CH8.nc
  Output processed GOESR obs file: ../../toEnKFobs/GOESR_IR/MariaRI/radiance_d03_201709180000_so
