MATLAB is selecting SOFTWARE OPENGL rendering.
Plotting Tb of storm: Irma2ndRI
Successfully created a subdirectory in ../../Visual/toEnKFobs/MW/low_reso/ for Irma2ndRI
../../toEnKFobs/MW/low_reso/Irma2ndRI/microwave_d03_201709030600_so

pointsize =

   35.0660

[Warning: MATLAB has disabled some advanced graphics rendering features by
switching to software OpenGL. For more information, click <a
href="matlab:opengl('problems')">here</a>.] 

pointsize =

   35.0660

../../toEnKFobs/MW/low_reso/Irma2ndRI/microwave_d03_201709030700_so

pointsize =

    50


pointsize =

    50


pointsize =

   39.7400

../../toEnKFobs/MW/low_reso/Irma2ndRI/microwave_d03_201709031000_so

pointsize =

   39.5120


pointsize =

    50


pointsize =

   39.7400

../../toEnKFobs/MW/low_reso/Irma2ndRI/microwave_d03_201709031100_so

pointsize =

    50

../../toEnKFobs/MW/low_reso/Irma2ndRI/microwave_d03_201709031200_so

pointsize =

    50


pointsize =

   39.5120

../../toEnKFobs/MW/low_reso/Irma2ndRI/microwave_d03_201709031300_so

pointsize =

    50

../../toEnKFobs/MW/low_reso/Irma2ndRI/microwave_d03_201709031400_so

pointsize =

   39.5120

../../toEnKFobs/MW/low_reso/Irma2ndRI/microwave_d03_201709031500_so

pointsize =

   39.5120

../../toEnKFobs/MW/low_reso/Irma2ndRI/microwave_d03_201709031900_so

pointsize =

    50

../../toEnKFobs/MW/low_reso/Irma2ndRI/microwave_d03_201709032200_so

pointsize =

    50


pointsize =

   39.7400

../../toEnKFobs/MW/low_reso/Irma2ndRI/microwave_d03_201709040000_so

pointsize =

    50

../../toEnKFobs/MW/low_reso/Irma2ndRI/microwave_d03_201709040500_so

pointsize =

   32.5580


pointsize =

   49.3160

../../toEnKFobs/MW/low_reso/Irma2ndRI/microwave_d03_201709040700_so

pointsize =

    50

../../toEnKFobs/MW/low_reso/Irma2ndRI/microwave_d03_201709041000_so

pointsize =

    50


pointsize =

   39.5120


pointsize =

    50


pointsize =

   39.7400

../../toEnKFobs/MW/low_reso/Irma2ndRI/microwave_d03_201709041200_so

pointsize =

   39.5120

../../toEnKFobs/MW/low_reso/Irma2ndRI/microwave_d03_201709041300_so

pointsize =

    50


pointsize =

   39.5120

../../toEnKFobs/MW/low_reso/Irma2ndRI/microwave_d03_201709041400_so

pointsize =

    50

../../toEnKFobs/MW/low_reso/Irma2ndRI/microwave_d03_201709041500_so

pointsize =

   39.5120

../../toEnKFobs/MW/low_reso/Irma2ndRI/microwave_d03_201709041800_so

pointsize =

    50

../../toEnKFobs/MW/low_reso/Irma2ndRI/microwave_d03_201709042000_so

pointsize =

    50


pointsize =

   39.7400

../../toEnKFobs/MW/low_reso/Irma2ndRI/microwave_d03_201709042100_so

pointsize =

    50


pointsize =

   39.7400

../../toEnKFobs/MW/low_reso/Irma2ndRI/microwave_d03_201709042200_so

pointsize =

    50


pointsize =

   39.7400

../../toEnKFobs/MW/low_reso/Irma2ndRI/microwave_d03_201709042300_so

pointsize =

    50

../../toEnKFobs/MW/low_reso/Irma2ndRI/microwave_d03_201709050100_so

pointsize =

    50

