MATLAB is selecting SOFTWARE OPENGL rendering.
Plotting Tb of storm: JoseRI
Successfully created a subdirectory in ../../Visual/toEnKFobs/MW/low_reso/ for JoseRI
../../toEnKFobs/MW/low_reso/JoseRI/microwave_d03_201709050600_so

pointsize =

   39.5120

[Warning: MATLAB has disabled some advanced graphics rendering features by
switching to software OpenGL. For more information, click <a
href="matlab:opengl('problems')">here</a>.] 

pointsize =

    50


pointsize =

   39.7400

../../toEnKFobs/MW/low_reso/JoseRI/microwave_d03_201709050800_so

pointsize =

   39.5120

../../toEnKFobs/MW/low_reso/JoseRI/microwave_d03_201709050900_so

pointsize =

    50


pointsize =

   39.7400

../../toEnKFobs/MW/low_reso/JoseRI/microwave_d03_201709051000_so

pointsize =

    50


pointsize =

   39.5120

../../toEnKFobs/MW/low_reso/JoseRI/microwave_d03_201709051300_so

pointsize =

    50


pointsize =

   39.5120

../../toEnKFobs/MW/low_reso/JoseRI/microwave_d03_201709051500_so

pointsize =

   39.5120

../../toEnKFobs/MW/low_reso/JoseRI/microwave_d03_201709051800_so

pointsize =

    50

../../toEnKFobs/MW/low_reso/JoseRI/microwave_d03_201709052100_so

pointsize =

    50


pointsize =

    50


pointsize =

   39.7400

../../toEnKFobs/MW/low_reso/JoseRI/microwave_d03_201709060000_so

pointsize =

    50

../../toEnKFobs/MW/low_reso/JoseRI/microwave_d03_201709060400_so

pointsize =

   49.3160

../../toEnKFobs/MW/low_reso/JoseRI/microwave_d03_201709060500_so

pointsize =

   35.0660


pointsize =

   35.0660

../../toEnKFobs/MW/low_reso/JoseRI/microwave_d03_201709060600_so

pointsize =

   39.5120

../../toEnKFobs/MW/low_reso/JoseRI/microwave_d03_201709060700_so

pointsize =

    50

../../toEnKFobs/MW/low_reso/JoseRI/microwave_d03_201709060800_so

pointsize =

   39.5120

../../toEnKFobs/MW/low_reso/JoseRI/microwave_d03_201709060900_so

pointsize =

   39.5120


pointsize =

    50


pointsize =

   39.7400

../../toEnKFobs/MW/low_reso/JoseRI/microwave_d03_201709061000_so

pointsize =

    50


pointsize =

    50


pointsize =

   39.7400

../../toEnKFobs/MW/low_reso/JoseRI/microwave_d03_201709061100_so

pointsize =

   39.5120

../../toEnKFobs/MW/low_reso/JoseRI/microwave_d03_201709061200_so

pointsize =

    50

../../toEnKFobs/MW/low_reso/JoseRI/microwave_d03_201709061300_so

pointsize =

    50


pointsize =

   39.5120

../../toEnKFobs/MW/low_reso/JoseRI/microwave_d03_201709061500_so

pointsize =

   39.5120

../../toEnKFobs/MW/low_reso/JoseRI/microwave_d03_201709061600_so

pointsize =

    4.8560


pointsize =

   32.5580

../../toEnKFobs/MW/low_reso/JoseRI/microwave_d03_201709061800_so

pointsize =

    50

../../toEnKFobs/MW/low_reso/JoseRI/microwave_d03_201709061900_so

pointsize =

    50


pointsize =

   39.7400

../../toEnKFobs/MW/low_reso/JoseRI/microwave_d03_201709062100_so

pointsize =

    50


pointsize =

   39.7400

../../toEnKFobs/MW/low_reso/JoseRI/microwave_d03_201709062200_so

pointsize =

    50


pointsize =

   39.7400

../../toEnKFobs/MW/low_reso/JoseRI/microwave_d03_201709062300_so

pointsize =

    50

../../toEnKFobs/MW/low_reso/JoseRI/microwave_d03_201709070000_so

pointsize =

    50

../../toEnKFobs/MW/low_reso/JoseRI/microwave_d03_201709070500_so

pointsize =

   49.3160

../../toEnKFobs/MW/low_reso/JoseRI/microwave_d03_201709070700_so

pointsize =

    50

