MATLAB is selecting SOFTWARE OPENGL rendering.
Plotting Tb of storm: MariaRI
Successfully created a subdirectory in ../../Visual/toEnKFobs/MW/high_reso/ for MariaRI
../../toEnKFobs/MW/high_reso/MariaRI/microwave_d03_201709160000_so

pointsize =

    50

[Warning: MATLAB has disabled some advanced graphics rendering features by
switching to software OpenGL. For more information, click <a
href="matlab:opengl('problems')">here</a>.] 
../../toEnKFobs/MW/high_reso/MariaRI/microwave_d03_201709160200_so

pointsize =

   39.5120

../../toEnKFobs/MW/high_reso/MariaRI/microwave_d03_201709160400_so

pointsize =

   49.3160


pointsize =

   39.5120

../../toEnKFobs/MW/high_reso/MariaRI/microwave_d03_201709160600_so

pointsize =

   39.5120

../../toEnKFobs/MW/high_reso/MariaRI/microwave_d03_201709160700_so

pointsize =

    50


pointsize =

   39.5120


pointsize =

    50


pointsize =

   39.7400

../../toEnKFobs/MW/high_reso/MariaRI/microwave_d03_201709160900_so

pointsize =

   39.5120


pointsize =

    50


pointsize =

   39.7400

../../toEnKFobs/MW/high_reso/MariaRI/microwave_d03_201709161000_so

pointsize =

    50


pointsize =

   39.7400

../../toEnKFobs/MW/high_reso/MariaRI/microwave_d03_201709161100_so

pointsize =

   39.5120

../../toEnKFobs/MW/high_reso/MariaRI/microwave_d03_201709161300_so

pointsize =

    50

../../toEnKFobs/MW/high_reso/MariaRI/microwave_d03_201709161700_so

pointsize =

   32.5580


pointsize =

   49.3160

../../toEnKFobs/MW/high_reso/MariaRI/microwave_d03_201709161900_so

pointsize =

    50

../../toEnKFobs/MW/high_reso/MariaRI/microwave_d03_201709162100_so

pointsize =

    50


pointsize =

   39.7400

../../toEnKFobs/MW/high_reso/MariaRI/microwave_d03_201709162200_so

pointsize =

    50


pointsize =

   39.7400

../../toEnKFobs/MW/high_reso/MariaRI/microwave_d03_201709162300_so

pointsize =

    50

../../toEnKFobs/MW/high_reso/MariaRI/microwave_d03_201709170100_so

pointsize =

    50

../../toEnKFobs/MW/high_reso/MariaRI/microwave_d03_201709170300_so

pointsize =

   39.5120

../../toEnKFobs/MW/high_reso/MariaRI/microwave_d03_201709170500_so

pointsize =

   32.5580


pointsize =

   49.3160


pointsize =

   39.5120

../../toEnKFobs/MW/high_reso/MariaRI/microwave_d03_201709170700_so

pointsize =

   39.5120


pointsize =

    50


pointsize =

   39.7400

../../toEnKFobs/MW/high_reso/MariaRI/microwave_d03_201709170900_so

pointsize =

   39.5120

../../toEnKFobs/MW/high_reso/MariaRI/microwave_d03_201709171000_so

pointsize =

    50


pointsize =

   39.7400

../../toEnKFobs/MW/high_reso/MariaRI/microwave_d03_201709171100_so

pointsize =

    50


pointsize =

   39.5120

../../toEnKFobs/MW/high_reso/MariaRI/microwave_d03_201709171300_so

pointsize =

    50

../../toEnKFobs/MW/high_reso/MariaRI/microwave_d03_201709171700_so

pointsize =

   32.5580


pointsize =

   49.3160

../../toEnKFobs/MW/high_reso/MariaRI/microwave_d03_201709171900_so

pointsize =

    50

../../toEnKFobs/MW/high_reso/MariaRI/microwave_d03_201709172000_so

pointsize =

    50


pointsize =

   39.7400

../../toEnKFobs/MW/high_reso/MariaRI/microwave_d03_201709172200_so

pointsize =

    50


pointsize =

   39.7400

