ssmi_f15
['1']
Hxb_file:/scratch/06191/tg854905/Pro2_PSU_MW/MARIA/newWRF_MW_THO/Obs_Hx/MW/201709161800/wrf_enkf_input_d03_mean_201709161800_tb.ssmi_f15.crtm.nc
Time from TCvitals: 201709161800
Location from TCvital:  [-51.7] [12.2]
Location from Best-track:  [-51.7] [12.2]
mhs_n19
['5']
Hxb_file:/scratch/06191/tg854905/Pro2_PSU_MW/MARIA/newWRF_MW_THO/Obs_Hx/MW/201709161900/wrf_enkf_input_d03_mean_201709161900_tb.mhs_n19.crtm.nc
ssmis_f17
['13', '9']
Hxb_file:/scratch/06191/tg854905/Pro2_PSU_MW/MARIA/newWRF_MW_THO/Obs_Hx/MW/201709162100/wrf_enkf_input_d03_mean_201709162100_tb.ssmis_f17.crtm.nc
ssmis_f18
['13', '9']
Hxb_file:/scratch/06191/tg854905/Pro2_PSU_MW/MARIA/newWRF_MW_THO/Obs_Hx/MW/201709162200/wrf_enkf_input_d03_mean_201709162200_tb.ssmis_f18.crtm.nc
mhs_n18
['5']
Hxb_file:/scratch/06191/tg854905/Pro2_PSU_MW/MARIA/newWRF_MW_THO/Obs_Hx/MW/201709162300/wrf_enkf_input_d03_mean_201709162300_tb.mhs_n18.crtm.nc
mhs_metop-b
['5']
Hxb_file:/scratch/06191/tg854905/Pro2_PSU_MW/MARIA/newWRF_MW_THO/Obs_Hx/MW/201709170100/wrf_enkf_input_d03_mean_201709170100_tb.mhs_metop-b.crtm.nc
saphir_meghat
['5']
Hxb_file:/scratch/06191/tg854905/Pro2_PSU_MW/MARIA/newWRF_MW_THO/Obs_Hx/MW/201709170400/wrf_enkf_input_d03_mean_201709170400_tb.saphir_meghat.crtm.nc
saphir_meghat
['5']
Hxb_file:/scratch/06191/tg854905/Pro2_PSU_MW/MARIA/newWRF_MW_THO/Obs_Hx/MW/201709170500/wrf_enkf_input_d03_mean_201709170500_tb.saphir_meghat.crtm.nc
amsr2_gcom-w1
['7']
Hxb_file:/scratch/06191/tg854905/Pro2_PSU_MW/MARIA/newWRF_MW_THO/Obs_Hx/MW/201709170500/wrf_enkf_input_d03_mean_201709170500_tb.amsr2_gcom-w1.crtm.nc
atms_npp
['18']
Hxb_file:/scratch/06191/tg854905/Pro2_PSU_MW/MARIA/newWRF_MW_THO/Obs_Hx/MW/201709170500/wrf_enkf_input_d03_mean_201709170500_tb.atms_npp.crtm.nc
ssmis_f16
['9', '13']
Hxb_file:/scratch/06191/tg854905/Pro2_PSU_MW/MARIA/newWRF_MW_THO/Obs_Hx/MW/201709170700/wrf_enkf_input_d03_mean_201709170700_tb.ssmis_f16.crtm.nc
saphir_meghat
['5']
Hxb_file:/scratch/06191/tg854905/Pro2_PSU_MW/MARIA/newWRF_MW_THO/Obs_Hx/MW/201709170700/wrf_enkf_input_d03_mean_201709170700_tb.saphir_meghat.crtm.nc
saphir_meghat
['5']
Hxb_file:/scratch/06191/tg854905/Pro2_PSU_MW/MARIA/newWRF_MW_THO/Obs_Hx/MW/201709170900/wrf_enkf_input_d03_mean_201709170900_tb.saphir_meghat.crtm.nc
ssmis_f17
['13', '9']
Hxb_file:/scratch/06191/tg854905/Pro2_PSU_MW/MARIA/newWRF_MW_THO/Obs_Hx/MW/201709171000/wrf_enkf_input_d03_mean_201709171000_tb.ssmis_f17.crtm.nc
saphir_meghat
['5']
Hxb_file:/scratch/06191/tg854905/Pro2_PSU_MW/MARIA/newWRF_MW_THO/Obs_Hx/MW/201709171100/wrf_enkf_input_d03_mean_201709171100_tb.saphir_meghat.crtm.nc
mhs_n18
['5']
Hxb_file:/scratch/06191/tg854905/Pro2_PSU_MW/MARIA/newWRF_MW_THO/Obs_Hx/MW/201709171100/wrf_enkf_input_d03_mean_201709171100_tb.mhs_n18.crtm.nc
mhs_metop-b
['5']
Hxb_file:/scratch/06191/tg854905/Pro2_PSU_MW/MARIA/newWRF_MW_THO/Obs_Hx/MW/201709171300/wrf_enkf_input_d03_mean_201709171300_tb.mhs_metop-b.crtm.nc
amsr2_gcom-w1
['7']
Hxb_file:/scratch/06191/tg854905/Pro2_PSU_MW/MARIA/newWRF_MW_THO/Obs_Hx/MW/201709171700/wrf_enkf_input_d03_mean_201709171700_tb.amsr2_gcom-w1.crtm.nc
atms_npp
['18']
Hxb_file:/scratch/06191/tg854905/Pro2_PSU_MW/MARIA/newWRF_MW_THO/Obs_Hx/MW/201709171700/wrf_enkf_input_d03_mean_201709171700_tb.atms_npp.crtm.nc
